INFO [2021-09-16 17:45:23] Logging to results/2548e6fc/run.log...
INFO [2021-09-16 17:45:23] Loading https://github.com/broadinstitute/grit-benchmark/raw/main/1.calculate-metrics/cell-health/data//cell_health_merged_feature_select.csv.gz ...
INFO [2021-09-16 17:45:26] n_genes_with_sister_guides_in_shuffle = 0
INFO [2021-09-16 17:45:26] Writing results/2548e6fc/profiles.parquet ...
INFO [2021-09-16 17:45:26] Calculating index ...
DEBUG [2021-09-16 17:45:26] Number of columns before NA filtering = 399
DEBUG [2021-09-16 17:45:26] Number of columns after NA filtering = 399
INFO [2021-09-16 17:45:27] Writing results/2548e6fc/index.parquet ...
INFO [2021-09-16 17:45:27] Writing results/2548e6fc/index.parquet ...
INFO [2021-09-16 17:45:27] Collate and annotate index ...
DEBUG [2021-09-16 17:45:27] sim_filter_all_same: annotating rows
DEBUG [2021-09-16 17:45:27] sim_filter_all_same: annotating rows
INFO [2021-09-16 17:45:27] Writing results/2548e6fc/collatedindex.parquet ...
INFO [2021-09-16 17:45:30] Loading index file ...
INFO [2021-09-16 17:45:30] Populating index with similarities ...
DEBUG [2021-09-16 17:45:30] Number of columns before NA filtering = 399
DEBUG [2021-09-16 17:45:30] Number of columns after NA filtering = 399
TRACE [2021-09-16 17:45:30] Using purrr for sequential processing
INFO [2021-09-16 17:45:30] Writing results/2548e6fc/collatedsim.parquet ...
INFO [2021-09-16 17:45:30] Computing metrics ...
TRACE [2021-09-16 17:45:30] Compute metrics for signal=rep background=ref
TRACE [2021-09-16 17:45:30] Using furrr for parallel processing
TRACE [2021-09-16 17:45:30] function (..., envir = parent.frame(), workers = 8) 
strategy(..., envir = envir, workers = workers)
TRACE [2021-09-16 17:45:30]   Number of rows = 309
TRACE [2021-09-16 17:45:30]   Computing `sim_scaled` ...
TRACE [2021-09-16 17:45:31]   Computing `sim_ranked_relrank` ...
TRACE [2021-09-16 17:45:35]   Computing summaries ...
TRACE [2021-09-16 17:45:35]   Setting up retrieval ...
TRACE [2021-09-16 17:45:36]   Computing average precision ...
TRACE [2021-09-16 17:45:37]   Computing R-precision ...
TRACE [2021-09-16 17:45:37]   Wrapping up metrics ...
TRACE [2021-09-16 17:45:37] Completed metrics for signal=rep background=ref
INFO [2021-09-16 17:45:37] Writing results/2548e6fc/metrics_level_1_0.parquet...
INFO [2021-09-16 17:45:37] Writing results/2548e6fc/metrics_level_1.parquet...
INFO [2021-09-16 17:45:37] Writing indicator file results/2548e6fc/metrics.done ...
INFO [2021-09-16 17:45:37] Reading results/2548e6fc/metrics_level_1.parquet ...
