INFO [2022-12-19 19:31:28] Logging to results/2a9999be/run.log...
INFO [2022-12-19 19:31:28] Loading /Users/shsingh/work/projects/2019_07_11_JUMP-CP/workspace/software/pilot-cpjump1-data/collated/2020_11_04_CPJUMP1/2020_11_04_CPJUMP1_U2OS_48_Compound_Standard_normalized_feature_select_negcon.parquet ...
INFO [2022-12-19 19:31:28] Writing results/2a9999be/profiles.parquet ...
INFO [2022-12-19 19:31:29] Calculating index ...
INFO [2022-12-19 19:31:29] Reducing similarity calculations because `any_different_cols_non_rep` is NULL ...
DEBUG [2022-12-19 19:31:30] Number of columns before NA filtering = 934
DEBUG [2022-12-19 19:31:30] Number of columns after NA filtering = 934
INFO [2022-12-19 19:31:32] Writing results/2a9999be/index.parquet ...
INFO [2022-12-19 19:31:32] Writing results/2a9999be/index.parquet ...
INFO [2022-12-19 19:31:32] Collate and annotate index ...
DEBUG [2022-12-19 19:31:32] sim_filter_all_same: annotating rows
DEBUG [2022-12-19 19:31:32] sim_filter_all_same: annotating rows
INFO [2022-12-19 19:31:32] Writing results/2a9999be/collatedindex.parquet ...
INFO [2022-12-19 19:31:36] Loading index file ...
INFO [2022-12-19 19:31:36] Populating index with similarities ...
DEBUG [2022-12-19 19:31:37] Number of columns before NA filtering = 934
DEBUG [2022-12-19 19:31:37] Number of columns after NA filtering = 934
TRACE [2022-12-19 19:31:37] Using purrr for sequential processing
INFO [2022-12-19 19:31:41] Writing results/2a9999be/collatedsim.parquet ...
INFO [2022-12-19 19:31:41] Computing metrics ...
INFO [2022-12-19 19:31:41] Calculating metrics using sim_type_background = 'ref' ...
TRACE [2022-12-19 19:31:41] Compute metrics for signal=rep background=ref
TRACE [2022-12-19 19:31:41] Using furrr for parallel processing
TRACE [2022-12-19 19:31:41] function (..., workers = 8, envir = parent.frame()) 
strategy(..., workers = workers, envir = envir)
TRACE [2022-12-19 19:31:42]   Number of rows = 1280
TRACE [2022-12-19 19:31:42]   Computing `sim_scaled` ...
TRACE [2022-12-19 19:31:45]   Computing `sim_ranked_relrank` ...
TRACE [2022-12-19 19:31:51]   Computing summaries ...
TRACE [2022-12-19 19:31:52]   Setting up retrieval ...
TRACE [2022-12-19 19:31:55]   Computing average precision ...
TRACE [2022-12-19 19:31:57]   Computing R-precision ...
TRACE [2022-12-19 19:31:59]   Wrapping up metrics ...
TRACE [2022-12-19 19:31:59] Completed metrics for signal=rep background=ref
INFO [2022-12-19 19:32:00] Writing results/2a9999be/metrics_level_1_0_ref.parquet...
INFO [2022-12-19 19:32:00] Writing results/2a9999be/metrics_level_1_ref.parquet...
INFO [2022-12-19 19:32:00] Writing indicator file results/2a9999be/metrics.done ...
INFO [2022-12-19 19:32:04] Reading results/2a9999be/metrics_level_1_0_ref.parquet ...
INFO [2022-12-19 19:32:04] Reading results/2a9999be/metrics_level_1_ref.parquet ...
INFO [2022-12-19 19:32:23] Writing results/2a9999be/metrics_level_1_0_ref_null_adjusted.parquet ...
INFO [2022-12-19 19:32:23] Writing results/2a9999be/metrics_level_1_ref_null_adjusted.parquet ...
INFO [2022-12-19 19:32:25] Reading results/2a9999be/metrics_level_1_0_ref_null_adjusted.parquet ...
INFO [2022-12-19 19:32:25] Reading results/2a9999be/metrics_level_1_ref_null_adjusted.parquet ...
