INFO [2021-09-17 06:33:11] Logging to results/e95b0185/run.log...
INFO [2021-09-17 06:33:11] Loading https://github.com/broadinstitute/grit-benchmark/raw/main/1.calculate-metrics/cell-health/data//cell_health_merged_feature_select.csv.gz ...
INFO [2021-09-17 06:33:14] n_bad_shuffle_groups = 0
INFO [2021-09-17 06:33:14] Writing results/e95b0185/profiles.parquet ...
INFO [2021-09-17 06:33:14] Calculating index ...
DEBUG [2021-09-17 06:33:14] Number of columns before NA filtering = 399
DEBUG [2021-09-17 06:33:14] Number of columns after NA filtering = 399
INFO [2021-09-17 06:33:15] Writing results/e95b0185/index.parquet ...
INFO [2021-09-17 06:33:15] Writing results/e95b0185/index.parquet ...
INFO [2021-09-17 06:33:15] Collate and annotate index ...
DEBUG [2021-09-17 06:33:15] sim_filter_all_same: annotating rows
DEBUG [2021-09-17 06:33:15] sim_filter_all_same: annotating rows
INFO [2021-09-17 06:33:15] Writing results/e95b0185/collatedindex.parquet ...
INFO [2021-09-17 06:33:18] Loading index file ...
INFO [2021-09-17 06:33:18] Populating index with similarities ...
DEBUG [2021-09-17 06:33:18] Number of columns before NA filtering = 399
DEBUG [2021-09-17 06:33:18] Number of columns after NA filtering = 399
TRACE [2021-09-17 06:33:18] Using purrr for sequential processing
INFO [2021-09-17 06:33:19] Writing results/e95b0185/collatedsim.parquet ...
INFO [2021-09-17 06:33:19] Computing metrics ...
TRACE [2021-09-17 06:33:19] Compute metrics for signal=rep background=ref
TRACE [2021-09-17 06:33:19] Using furrr for parallel processing
TRACE [2021-09-17 06:33:19] function (..., envir = parent.frame(), workers = 8) 
strategy(..., envir = envir, workers = workers)
TRACE [2021-09-17 06:33:19]   Number of rows = 309
TRACE [2021-09-17 06:33:19]   Computing `sim_scaled` ...
TRACE [2021-09-17 06:33:19]   Computing `sim_ranked_relrank` ...
TRACE [2021-09-17 06:33:23]   Computing summaries ...
TRACE [2021-09-17 06:33:23]   Setting up retrieval ...
TRACE [2021-09-17 06:33:24]   Computing average precision ...
TRACE [2021-09-17 06:33:24]   Computing R-precision ...
TRACE [2021-09-17 06:33:25]   Wrapping up metrics ...
TRACE [2021-09-17 06:33:25] Completed metrics for signal=rep background=ref
INFO [2021-09-17 06:33:25] Writing results/e95b0185/metrics_level_1_0.parquet...
INFO [2021-09-17 06:33:25] Writing results/e95b0185/metrics_level_1.parquet...
INFO [2021-09-17 06:33:25] Writing indicator file results/e95b0185/metrics.done ...
INFO [2021-09-17 06:33:25] Reading results/e95b0185/metrics_level_1.parquet ...
