INFO [2023-02-02 19:47:21] Logging to ./results/4d4933d8/run.log...
INFO [2023-02-02 19:47:21] Loading /Users/shsingh/work/projects/2019_07_11_JUMP-CP/workspace/software/2021_Chandrasekaran_submitted/profiles/2020_11_04_CPJUMP1/BR00116991/BR00116991_normalized_feature_select_negcon_batch.csv.gz ...
INFO [2023-02-02 19:47:22] Adding a column Metadata_Plate = BR00116991 to /Users/shsingh/work/projects/2019_07_11_JUMP-CP/workspace/software/2021_Chandrasekaran_submitted/profiles/2020_11_04_CPJUMP1/BR00116991/BR00116991_normalized_feature_select_negcon_batch.csv.gz...
INFO [2023-02-02 19:47:22] Loading /Users/shsingh/work/projects/2019_07_11_JUMP-CP/workspace/software/2021_Chandrasekaran_submitted/profiles/2020_11_04_CPJUMP1/BR00116992/BR00116992_normalized_feature_select_negcon_batch.csv.gz ...
INFO [2023-02-02 19:47:23] Adding a column Metadata_Plate = BR00116992 to /Users/shsingh/work/projects/2019_07_11_JUMP-CP/workspace/software/2021_Chandrasekaran_submitted/profiles/2020_11_04_CPJUMP1/BR00116992/BR00116992_normalized_feature_select_negcon_batch.csv.gz...
INFO [2023-02-02 19:47:23] Loading /Users/shsingh/work/projects/2019_07_11_JUMP-CP/workspace/software/2021_Chandrasekaran_submitted/profiles/2020_11_04_CPJUMP1/BR00116993/BR00116993_normalized_feature_select_negcon_batch.csv.gz ...
INFO [2023-02-02 19:47:25] Adding a column Metadata_Plate = BR00116993 to /Users/shsingh/work/projects/2019_07_11_JUMP-CP/workspace/software/2021_Chandrasekaran_submitted/profiles/2020_11_04_CPJUMP1/BR00116993/BR00116993_normalized_feature_select_negcon_batch.csv.gz...
INFO [2023-02-02 19:47:25] Loading /Users/shsingh/work/projects/2019_07_11_JUMP-CP/workspace/software/2021_Chandrasekaran_submitted/profiles/2020_11_04_CPJUMP1/BR00116994/BR00116994_normalized_feature_select_negcon_batch.csv.gz ...
INFO [2023-02-02 19:47:26] Adding a column Metadata_Plate = BR00116994 to /Users/shsingh/work/projects/2019_07_11_JUMP-CP/workspace/software/2021_Chandrasekaran_submitted/profiles/2020_11_04_CPJUMP1/BR00116994/BR00116994_normalized_feature_select_negcon_batch.csv.gz...
INFO [2023-02-02 19:47:29] Number of variables in profiles before drop_na_columns  = 904
INFO [2023-02-02 19:47:32] Number of variables in profiles after drop_na_columns  = 904
INFO [2023-02-02 19:47:32] Number of rows in profiles before drop_na_rows  = 384
INFO [2023-02-02 19:47:32] Number of rows in profiles after drop_na_rows  = 384
INFO [2023-02-02 19:47:32] Reading results/1c5aac5b/metrics_level_1_ref_null_adjusted.parquet ...
INFO [2023-02-02 19:47:32] Selecting the following column from metrics: Metadata_broad_sample
INFO [2023-02-02 19:47:32] Selecting the following column from metrics: Metadata_control_type
INFO [2023-02-02 19:47:32] Selecting the following column from metrics: Metadata_reference_or_other
INFO [2023-02-02 19:47:32] Number of rows in metrics = 306
INFO [2023-02-02 19:47:32] Number of rows in profiles_experiment_other = 320
INFO [2023-02-02 19:47:32] Number of rows in profiles_experiment_other_filtered = 249
INFO [2023-02-02 19:47:32] Number of rows in profiles_experiment = 384
INFO [2023-02-02 19:47:32] Number of rows in profiles_experiment_filtered = 313
INFO [2023-02-02 19:47:32] Number of rows in external_metadata = 307
INFO [2023-02-02 19:47:32] Number of rows in profiles_experiment before joining external metadata = 313
INFO [2023-02-02 19:47:32] Number of rows in profiles_experiment after joining external metadata = 313
INFO [2023-02-02 19:47:32] Adding dummy metadata column `Metadata_dummy` with value 0 throughout for all rows
INFO [2023-02-02 19:47:32] Splitting rows on Metadata_target_list
INFO [2023-02-02 19:47:33] Writing ./results/4d4933d8/profiles_split_mapper_full.csv ...
INFO [2023-02-02 19:47:33] compact_splits = TRUE
INFO [2023-02-02 19:47:33] Writing ./results/4d4933d8/profiles_split_mapper_compact.csv ...
INFO [2023-02-02 19:47:33] Number of rows in profiles_experiment before splitting = 313
INFO [2023-02-02 19:47:33] Number of rows in profiles_experiment after splitting = 836
INFO [2023-02-02 19:47:33] Writing ./results/4d4933d8/profiles.parquet ...
DEBUG [2023-02-02 19:47:34] Rendered: input=1.prepare_data.Rmd
DEBUG [2023-02-02 19:47:34] Rendered: strip_text=/Users/shsingh/work/repos/software/cytominer/cytomining/evalzoo/matric/results/4d4933d8/
INFO [2023-02-02 19:47:35] Calculating index ...
INFO [2023-02-02 19:47:35] Performing all similarity calculations because `any_different_cols_non_rep` is not NULL ...
DEBUG [2023-02-02 19:47:35] Number of columns before NA filtering = 913
DEBUG [2023-02-02 19:47:35] Number of columns after NA filtering = 913
INFO [2023-02-02 19:47:35] Writing ./results/4d4933d8/index.parquet ...
INFO [2023-02-02 19:47:35] Writing ./results/4d4933d8/index.parquet ...
INFO [2023-02-02 19:47:35] Collate and annotate index ...
DEBUG [2023-02-02 19:47:35] sim_filter_all_same: inner joining rows
INFO [2023-02-02 19:47:37] Filtering collated_sim ...
INFO [2023-02-02 19:47:37] Number of rows in collated_sim before filtering = 643106
INFO [2023-02-02 19:47:37] Number of rows in collated_sim after filtering = 210108
INFO [2023-02-02 19:47:37] Writing ./results/4d4933d8/collatedindex.parquet ...
DEBUG [2023-02-02 19:47:37] Rendered: input=2.calculate_index.Rmd
DEBUG [2023-02-02 19:47:37] Rendered: strip_text=/Users/shsingh/work/repos/software/cytominer/cytomining/evalzoo/matric/results/4d4933d8/
INFO [2023-02-02 19:47:39] Loading index file ...
INFO [2023-02-02 19:47:39] Populating index with similarities ...
DEBUG [2023-02-02 19:47:39] Number of columns before NA filtering = 913
DEBUG [2023-02-02 19:47:39] Number of columns after NA filtering = 913
TRACE [2023-02-02 19:47:39] Using purrr for sequential processing
INFO [2023-02-02 19:47:42] Writing ./results/4d4933d8/collatedsim.parquet ...
INFO [2023-02-02 19:47:43] Computing metrics ...
INFO [2023-02-02 19:47:43] Calculating metrics using sim_type_background = 'ref' ...
TRACE [2023-02-02 19:47:43] Compute metrics for signal=rep background=ref
TRACE [2023-02-02 19:47:43] Using furrr for parallel processing
TRACE [2023-02-02 19:47:43] function (..., workers = 8, envir = parent.frame()) 
strategy(..., workers = workers, envir = envir)
TRACE [2023-02-02 19:47:43]   Number of rows = 677
TRACE [2023-02-02 19:47:43]   Computing `sim_scaled` ...
TRACE [2023-02-02 19:47:43]   Computing `sim_ranked_relrank` ...
TRACE [2023-02-02 19:47:43]   Computing summaries ...
TRACE [2023-02-02 19:47:43]   Setting up retrieval ...
TRACE [2023-02-02 19:47:43]   Computing average precision ...
TRACE [2023-02-02 19:47:43]   Computing R-precision ...
TRACE [2023-02-02 19:47:43]   Wrapping up metrics ...
TRACE [2023-02-02 19:47:43] Completed metrics for signal=rep background=ref
INFO [2023-02-02 19:47:43] Calculating metrics using sim_type_background = 'non_rep' because `any_different_cols_non_rep` is not NULL ...
TRACE [2023-02-02 19:47:43] Compute metrics for signal=rep background=non_rep
TRACE [2023-02-02 19:47:43] Using furrr for parallel processing
TRACE [2023-02-02 19:47:43] function (..., workers = 8, envir = parent.frame()) 
strategy(..., workers = workers, envir = envir)
TRACE [2023-02-02 19:47:43]   Number of rows = 677
TRACE [2023-02-02 19:47:43]   Computing `sim_scaled` ...
TRACE [2023-02-02 19:47:45]   Computing `sim_ranked_relrank` ...
TRACE [2023-02-02 19:47:50]   Computing summaries ...
TRACE [2023-02-02 19:47:50]   Setting up retrieval ...
TRACE [2023-02-02 19:47:52]   Computing average precision ...
TRACE [2023-02-02 19:47:53]   Computing R-precision ...
TRACE [2023-02-02 19:47:54]   Wrapping up metrics ...
TRACE [2023-02-02 19:47:54] Completed metrics for signal=rep background=non_rep
INFO [2023-02-02 19:47:55] Writing ./results/4d4933d8/metrics_level_1_0_ref.parquet...
INFO [2023-02-02 19:47:55] Writing ./results/4d4933d8/metrics_level_1_ref.parquet...
INFO [2023-02-02 19:47:55] Writing ./results/4d4933d8/metrics_level_1_0_non_rep.parquet...
INFO [2023-02-02 19:47:55] Writing ./results/4d4933d8/metrics_level_1_non_rep.parquet...
INFO [2023-02-02 19:47:55] Writing indicator file ./results/4d4933d8/metrics.done ...
DEBUG [2023-02-02 19:47:55] Rendered: input=3.calculate_metrics.Rmd
DEBUG [2023-02-02 19:47:55] Rendered: strip_text=/Users/shsingh/work/repos/software/cytominer/cytomining/evalzoo/matric/results/4d4933d8/
INFO [2023-02-02 19:47:58] Reading ./results/4d4933d8/metrics_level_1_0_non_rep.parquet ...
INFO [2023-02-02 19:47:58] Reading ./results/4d4933d8/metrics_level_1_non_rep.parquet ...
INFO [2023-02-02 19:48:29] Writing ./results/4d4933d8/metrics_level_1_0_non_rep_null_adjusted.parquet ...
INFO [2023-02-02 19:48:29] Writing ./results/4d4933d8/metrics_level_1_non_rep_null_adjusted.parquet ...
DEBUG [2023-02-02 19:48:30] Rendered: input=4.correct_metrics.Rmd
DEBUG [2023-02-02 19:48:30] Rendered: strip_text=/Users/shsingh/work/repos/software/cytominer/cytomining/evalzoo/matric/results/4d4933d8/
INFO [2023-02-02 19:48:31] Reading ./results/4d4933d8/metrics_level_1_0_non_rep_null_adjusted.parquet ...
INFO [2023-02-02 19:48:31] Reading ./results/4d4933d8/metrics_level_1_non_rep_null_adjusted.parquet ...
DEBUG [2023-02-02 19:48:48] Rendered: input=5.inspect_metrics.Rmd
DEBUG [2023-02-02 19:48:48] Rendered: strip_text=/Users/shsingh/work/repos/software/cytominer/cytomining/evalzoo/matric/results/4d4933d8/
DEBUG [2023-02-02 19:48:49] Rendered: input=0.knit-notebooks.Rmd
DEBUG [2023-02-02 19:48:49] Rendered: strip_text=/Users/shsingh/work/repos/software/cytominer/cytomining/evalzoo/matric/results/4d4933d8/
