INFO [2021-10-05 21:48:33] Logging to results/75daecd1/run.log...
INFO [2021-10-05 21:48:33] Loading ~/Downloads//luad_dp.parquet ...
INFO [2021-10-05 21:48:35] Writing results/75daecd1/profiles.parquet ...
INFO [2021-10-05 21:48:43] Calculating index ...
DEBUG [2021-10-05 21:48:49] Number of columns before NA filtering = 6409
DEBUG [2021-10-05 21:48:49] Number of columns after NA filtering = 6409
INFO [2021-10-05 21:48:51] Writing results/75daecd1/index.parquet ...
INFO [2021-10-05 21:48:51] Writing results/75daecd1/index.parquet ...
INFO [2021-10-05 21:48:52] Collate and annotate index ...
DEBUG [2021-10-05 21:48:52] sim_filter_all_same: annotating rows
DEBUG [2021-10-05 21:48:54] sim_filter_all_same: annotating rows
INFO [2021-10-05 21:49:07] Writing results/75daecd1/collatedindex.parquet ...
INFO [2021-10-05 21:49:17] Loading index file ...
INFO [2021-10-05 21:49:17] Populating index with similarities ...
DEBUG [2021-10-05 21:49:25] Number of columns before NA filtering = 6409
DEBUG [2021-10-05 21:49:25] Number of columns after NA filtering = 6409
TRACE [2021-10-05 21:49:30] Using purrr for sequential processing
INFO [2021-10-05 21:49:57] Writing results/75daecd1/collatedsim.parquet ...
INFO [2021-10-05 21:49:58] Computing metrics ...
TRACE [2021-10-05 21:49:58] Compute metrics for signal=rep background=ref
TRACE [2021-10-05 21:49:58] Using furrr for parallel processing
TRACE [2021-10-05 21:49:58] function (..., envir = parent.frame(), workers = 8) 
strategy(..., envir = envir, workers = workers)
TRACE [2021-10-05 21:49:59]   Number of rows = 5312
TRACE [2021-10-05 21:49:59]   Computing `sim_scaled` ...
TRACE [2021-10-05 21:50:05]   Computing `sim_ranked_relrank` ...
TRACE [2021-10-05 21:50:22]   Computing summaries ...
TRACE [2021-10-05 21:50:23]   Setting up retrieval ...
TRACE [2021-10-05 21:50:35]   Computing average precision ...
TRACE [2021-10-05 21:50:42]   Computing R-precision ...
TRACE [2021-10-05 21:50:46]   Wrapping up metrics ...
TRACE [2021-10-05 21:50:46] Completed metrics for signal=rep background=ref
INFO [2021-10-05 21:50:46] Writing results/75daecd1/metrics_level_1_0.parquet...
INFO [2021-10-05 21:50:46] Writing results/75daecd1/metrics_level_1.parquet...
INFO [2021-10-05 21:50:47] Writing indicator file results/75daecd1/metrics.done ...
INFO [2021-10-05 21:50:47] Reading results/75daecd1/metrics_level_1.parquet ...
INFO [2021-10-05 21:51:02] Reading results/75daecd1/metrics_level_1.parquet ...
INFO [2021-10-05 21:52:32] Reading results/75daecd1/metrics_level_1.parquet ...
