INFO [2022-12-13 16:02:28] Logging to results/1f5aa646/run.log...
INFO [2022-12-13 16:02:28] Loading /Users/shsingh/work/projects/2019_07_11_JUMP-CP/workspace/software/2021_Chandrasekaran_submitted/profiles/2020_11_04_CPJUMP1/BR00116991/BR00116991_normalized_feature_select_negcon_batch.csv.gz ...
INFO [2022-12-13 16:02:29] Adding a column Metadata_Plate = BR00116991 to /Users/shsingh/work/projects/2019_07_11_JUMP-CP/workspace/software/2021_Chandrasekaran_submitted/profiles/2020_11_04_CPJUMP1/BR00116991/BR00116991_normalized_feature_select_negcon_batch.csv.gz...
INFO [2022-12-13 16:02:30] Loading /Users/shsingh/work/projects/2019_07_11_JUMP-CP/workspace/software/2021_Chandrasekaran_submitted/profiles/2020_11_04_CPJUMP1/BR00116992/BR00116992_normalized_feature_select_negcon_batch.csv.gz ...
INFO [2022-12-13 16:02:31] Adding a column Metadata_Plate = BR00116992 to /Users/shsingh/work/projects/2019_07_11_JUMP-CP/workspace/software/2021_Chandrasekaran_submitted/profiles/2020_11_04_CPJUMP1/BR00116992/BR00116992_normalized_feature_select_negcon_batch.csv.gz...
INFO [2022-12-13 16:02:31] Loading /Users/shsingh/work/projects/2019_07_11_JUMP-CP/workspace/software/2021_Chandrasekaran_submitted/profiles/2020_11_04_CPJUMP1/BR00116993/BR00116993_normalized_feature_select_negcon_batch.csv.gz ...
INFO [2022-12-13 16:02:32] Adding a column Metadata_Plate = BR00116993 to /Users/shsingh/work/projects/2019_07_11_JUMP-CP/workspace/software/2021_Chandrasekaran_submitted/profiles/2020_11_04_CPJUMP1/BR00116993/BR00116993_normalized_feature_select_negcon_batch.csv.gz...
INFO [2022-12-13 16:02:32] Loading /Users/shsingh/work/projects/2019_07_11_JUMP-CP/workspace/software/2021_Chandrasekaran_submitted/profiles/2020_11_04_CPJUMP1/BR00116994/BR00116994_normalized_feature_select_negcon_batch.csv.gz ...
INFO [2022-12-13 16:02:34] Adding a column Metadata_Plate = BR00116994 to /Users/shsingh/work/projects/2019_07_11_JUMP-CP/workspace/software/2021_Chandrasekaran_submitted/profiles/2020_11_04_CPJUMP1/BR00116994/BR00116994_normalized_feature_select_negcon_batch.csv.gz...
INFO [2022-12-13 16:02:35] Number of rows in external_metadata = 307
INFO [2022-12-13 16:02:35] Number of rows in profiles_experiment before joining external metadata = 1535
INFO [2022-12-13 16:02:35] Number of rows in profiles_experiment after joining external metadata = 1535
INFO [2022-12-13 16:02:35] Writing results/1f5aa646/profiles.parquet ...
INFO [2022-12-13 16:02:38] Calculating index ...
INFO [2022-12-13 16:02:38] Reducing similarity calculations because `any_different_cols_non_rep` is NULL ...
DEBUG [2022-12-13 16:02:41] Number of columns before NA filtering = 919
DEBUG [2022-12-13 16:02:41] Number of columns after NA filtering = 919
INFO [2022-12-13 16:02:42] Writing results/1f5aa646/index.parquet ...
INFO [2022-12-13 16:02:42] Writing results/1f5aa646/index.parquet ...
INFO [2022-12-13 16:02:42] Collate and annotate index ...
DEBUG [2022-12-13 16:02:42] sim_filter_all_same: annotating rows
DEBUG [2022-12-13 16:02:42] sim_filter_all_same: annotating rows
INFO [2022-12-13 16:02:42] Writing results/1f5aa646/collatedindex.parquet ...
INFO [2022-12-13 16:02:45] Loading index file ...
INFO [2022-12-13 16:02:45] Populating index with similarities ...
DEBUG [2022-12-13 16:02:45] Number of columns before NA filtering = 919
DEBUG [2022-12-13 16:02:45] Number of columns after NA filtering = 919
TRACE [2022-12-13 16:02:46] Using purrr for sequential processing
INFO [2022-12-13 16:02:49] Writing results/1f5aa646/collatedsim.parquet ...
INFO [2022-12-13 16:02:49] Computing metrics ...
INFO [2022-12-13 16:02:49] Calculating metrics using sim_type_background = 'ref' ...
TRACE [2022-12-13 16:02:49] Compute metrics for signal=rep background=ref
TRACE [2022-12-13 16:02:49] Using furrr for parallel processing
TRACE [2022-12-13 16:02:49] function (..., envir = parent.frame(), workers = 8) 
strategy(..., envir = envir, workers = workers)
TRACE [2022-12-13 16:02:49]   Number of rows = 1279
TRACE [2022-12-13 16:02:49]   Computing `sim_scaled` ...
TRACE [2022-12-13 16:02:51]   Computing `sim_ranked_relrank` ...
TRACE [2022-12-13 16:02:57]   Computing summaries ...
TRACE [2022-12-13 16:02:57]   Setting up retrieval ...
TRACE [2022-12-13 16:03:01]   Computing average precision ...
TRACE [2022-12-13 16:03:03]   Computing R-precision ...
TRACE [2022-12-13 16:03:05]   Wrapping up metrics ...
TRACE [2022-12-13 16:03:05] Completed metrics for signal=rep background=ref
INFO [2022-12-13 16:03:05] Writing results/1f5aa646/metrics_level_1_0_ref.parquet...
INFO [2022-12-13 16:03:06] Writing results/1f5aa646/metrics_level_1_ref.parquet...
INFO [2022-12-13 16:03:06] Writing indicator file results/1f5aa646/metrics.done ...
INFO [2022-12-13 16:03:06] Reading results/1f5aa646/metrics_level_1_0_ref.parquet ...
INFO [2022-12-13 16:03:07] Reading results/1f5aa646/metrics_level_1_ref.parquet ...
INFO [2022-12-13 16:03:07] Compute retrieval random baseline for m = 3, n = 64
INFO [2022-12-13 16:03:19] Compute retrieval random baseline for m = 7, n = 64
INFO [2022-12-13 16:03:31] Compute retrieval random baseline for m = 2, n = 64
INFO [2022-12-13 16:03:44] Writing results/1f5aa646/metrics_level_1_ref_null_adjusted.parquet ...
