INFO [2021-09-15 01:24:38] Logging to results/aaa5931b/run.log...
INFO [2021-09-15 01:24:38] Loading https://github.com/broadinstitute/grit-benchmark/raw/main/1.calculate-metrics/cell-health/data//cell_health_merged_feature_select.csv.gz ...
INFO [2021-09-15 01:24:40] Writing results/aaa5931b/profiles.parquet ...
INFO [2021-09-15 01:24:40] Calculating index ...
DEBUG [2021-09-15 01:24:40] Number of columns before NA filtering = 403
DEBUG [2021-09-15 01:24:40] Number of columns after NA filtering = 403
INFO [2021-09-15 01:24:41] Writing results/aaa5931b/index.parquet ...
INFO [2021-09-15 01:24:41] Writing results/aaa5931b/index.parquet ...
INFO [2021-09-15 01:24:41] Collate and annotate index ...
DEBUG [2021-09-15 01:24:41] sim_filter_all_same: annotating rows
DEBUG [2021-09-15 01:24:42] sim_filter_all_same: annotating rows
INFO [2021-09-15 01:24:42] Writing results/aaa5931b/collatedindex.parquet ...
INFO [2021-09-15 01:24:45] Loading index file ...
INFO [2021-09-15 01:24:45] Populating index with similarities ...
DEBUG [2021-09-15 01:24:46] Number of columns before NA filtering = 403
DEBUG [2021-09-15 01:24:46] Number of columns after NA filtering = 403
TRACE [2021-09-15 01:24:46] Using purrr for sequential processing
INFO [2021-09-15 01:24:48] Writing results/aaa5931b/collatedsim.parquet ...
INFO [2021-09-15 01:24:48] Computing metrics ...
TRACE [2021-09-15 01:24:48] Compute metrics for signal=rep background=ref
TRACE [2021-09-15 01:24:48] Using furrr for parallel processing
TRACE [2021-09-15 01:24:48] function (..., envir = parent.frame(), workers = 8) 
strategy(..., envir = envir, workers = workers)
TRACE [2021-09-15 01:24:48]   Number of rows = 2520
TRACE [2021-09-15 01:24:48]   Computing `sim_scaled` ...
TRACE [2021-09-15 01:24:48]   Computing `sim_ranked_relrank` ...
TRACE [2021-09-15 01:24:57]   Computing summaries ...
TRACE [2021-09-15 01:24:58]   Setting up retrieval ...
TRACE [2021-09-15 01:25:04]   Computing average precision ...
TRACE [2021-09-15 01:25:07]   Computing R-precision ...
TRACE [2021-09-15 01:25:10]   Wrapping up metrics ...
TRACE [2021-09-15 01:25:10] Completed metrics for signal=rep background=ref
INFO [2021-09-15 01:25:10] Writing results/aaa5931b/metrics_level_1_0.parquet...
INFO [2021-09-15 01:25:10] Writing results/aaa5931b/metrics_level_1.parquet...
INFO [2021-09-15 01:25:10] Writing indicator file results/aaa5931b/metrics.done ...
INFO [2021-09-15 01:25:10] Reading results/aaa5931b/metrics_level_1.parquet ...
