INFO [2022-05-12 11:37:12] Logging to results/9bc1cd05/run.log...
INFO [2022-05-12 11:37:15] Loading https://github.com/broadinstitute/grit-benchmark/raw/main/1.calculate-metrics/cell-health/data//cell_health_merged_feature_select.csv.gz ...
INFO [2022-05-12 11:37:23] Writing results/9bc1cd05/profiles.parquet ...
INFO [2022-05-12 11:37:25] Calculating index ...
INFO [2022-05-12 11:37:26] Writing results/9bc1cd05/index.parquet ...
INFO [2022-05-12 11:37:26] Writing results/9bc1cd05/index.parquet ...
INFO [2022-05-12 11:37:26] Collate and annotate index ...
INFO [2022-05-12 11:37:26] Writing results/9bc1cd05/collatedindex.parquet ...
INFO [2022-05-12 11:37:31] Loading index file ...
INFO [2022-05-12 11:37:31] Populating index with similarities ...
DEBUG [2022-05-12 11:37:31] Number of columns before NA filtering = 399
DEBUG [2022-05-12 11:37:31] Number of columns after NA filtering = 399
TRACE [2022-05-12 11:37:31] Using purrr for sequential processing
INFO [2022-05-12 11:37:32] Writing results/9bc1cd05/collatedsim.parquet ...
INFO [2022-05-12 11:37:32] Computing metrics ...
TRACE [2022-05-12 11:37:32] Compute metrics for signal=rep background=ref
TRACE [2022-05-12 11:37:32] Using furrr for parallel processing
TRACE [2022-05-12 11:37:32] function (..., envir = parent.frame(), workers = 8) 
strategy(..., envir = envir, workers = workers)
TRACE [2022-05-12 11:37:32]   Number of rows = 309
TRACE [2022-05-12 11:37:32]   Computing `sim_scaled` ...
TRACE [2022-05-12 11:37:33]   Computing `sim_ranked_relrank` ...
TRACE [2022-05-12 11:37:38]   Computing summaries ...
TRACE [2022-05-12 11:37:38]   Setting up retrieval ...
TRACE [2022-05-12 11:37:40]   Computing average precision ...
TRACE [2022-05-12 11:37:40]   Computing R-precision ...
TRACE [2022-05-12 11:37:41]   Wrapping up metrics ...
TRACE [2022-05-12 11:37:41] Completed metrics for signal=rep background=ref
INFO [2022-05-12 11:37:41] Writing results/9bc1cd05/metrics_level_1_0.parquet...
INFO [2022-05-12 11:37:41] Writing results/9bc1cd05/metrics_level_1.parquet...
INFO [2022-05-12 11:37:41] Writing indicator file results/9bc1cd05/metrics.done ...
INFO [2022-05-12 11:37:42] Reading results/9bc1cd05/metrics_level_1.parquet ...
