INFO [2022-12-17 15:28:04] Logging to results/52185d5c/run.log...
INFO [2022-12-17 15:28:04] Loading /Users/shsingh/work/projects/2019_07_11_JUMP-CP/workspace/software/2021_Chandrasekaran_submitted/profiles/2020_11_04_CPJUMP1/BR00116991/BR00116991_normalized_feature_select_negcon_batch.csv.gz ...
INFO [2022-12-17 15:28:05] Adding a column Metadata_Plate = BR00116991 to /Users/shsingh/work/projects/2019_07_11_JUMP-CP/workspace/software/2021_Chandrasekaran_submitted/profiles/2020_11_04_CPJUMP1/BR00116991/BR00116991_normalized_feature_select_negcon_batch.csv.gz...
INFO [2022-12-17 15:28:05] Loading /Users/shsingh/work/projects/2019_07_11_JUMP-CP/workspace/software/2021_Chandrasekaran_submitted/profiles/2020_11_04_CPJUMP1/BR00116992/BR00116992_normalized_feature_select_negcon_batch.csv.gz ...
INFO [2022-12-17 15:28:06] Adding a column Metadata_Plate = BR00116992 to /Users/shsingh/work/projects/2019_07_11_JUMP-CP/workspace/software/2021_Chandrasekaran_submitted/profiles/2020_11_04_CPJUMP1/BR00116992/BR00116992_normalized_feature_select_negcon_batch.csv.gz...
INFO [2022-12-17 15:28:06] Loading /Users/shsingh/work/projects/2019_07_11_JUMP-CP/workspace/software/2021_Chandrasekaran_submitted/profiles/2020_11_04_CPJUMP1/BR00116993/BR00116993_normalized_feature_select_negcon_batch.csv.gz ...
INFO [2022-12-17 15:28:07] Adding a column Metadata_Plate = BR00116993 to /Users/shsingh/work/projects/2019_07_11_JUMP-CP/workspace/software/2021_Chandrasekaran_submitted/profiles/2020_11_04_CPJUMP1/BR00116993/BR00116993_normalized_feature_select_negcon_batch.csv.gz...
INFO [2022-12-17 15:28:07] Loading /Users/shsingh/work/projects/2019_07_11_JUMP-CP/workspace/software/2021_Chandrasekaran_submitted/profiles/2020_11_04_CPJUMP1/BR00116994/BR00116994_normalized_feature_select_negcon_batch.csv.gz ...
INFO [2022-12-17 15:28:08] Adding a column Metadata_Plate = BR00116994 to /Users/shsingh/work/projects/2019_07_11_JUMP-CP/workspace/software/2021_Chandrasekaran_submitted/profiles/2020_11_04_CPJUMP1/BR00116994/BR00116994_normalized_feature_select_negcon_batch.csv.gz...
INFO [2022-12-17 15:28:10] Number of rows in external_metadata = 307
INFO [2022-12-17 15:28:10] Number of rows in profiles_experiment before joining external metadata = 1535
INFO [2022-12-17 15:28:10] Number of rows in profiles_experiment after joining external metadata = 1535
INFO [2022-12-17 15:28:10] Writing results/52185d5c/profiles.parquet ...
INFO [2022-12-17 15:28:11] Calculating index ...
INFO [2022-12-17 15:28:11] Reducing similarity calculations because `any_different_cols_non_rep` is NULL ...
INFO [2022-12-17 15:28:13] Writing results/52185d5c/index.parquet ...
INFO [2022-12-17 15:28:13] Writing results/52185d5c/index.parquet ...
INFO [2022-12-17 15:28:13] Collate and annotate index ...
INFO [2022-12-17 15:28:13] Writing results/52185d5c/collatedindex.parquet ...
INFO [2022-12-17 15:28:15] Loading index file ...
INFO [2022-12-17 15:28:15] Populating index with similarities ...
DEBUG [2022-12-17 15:28:16] Number of columns before NA filtering = 919
DEBUG [2022-12-17 15:28:16] Number of columns after NA filtering = 919
TRACE [2022-12-17 15:28:16] Using purrr for sequential processing
INFO [2022-12-17 15:28:19] Writing results/52185d5c/collatedsim.parquet ...
INFO [2022-12-17 15:28:20] Computing metrics ...
INFO [2022-12-17 15:28:20] Calculating metrics using sim_type_background = 'ref' ...
TRACE [2022-12-17 15:28:20] Compute metrics for signal=rep background=ref
TRACE [2022-12-17 15:28:20] Using furrr for parallel processing
TRACE [2022-12-17 15:28:20] function (..., envir = parent.frame(), workers = 8) 
strategy(..., envir = envir, workers = workers)
TRACE [2022-12-17 15:28:20]   Number of rows = 1279
TRACE [2022-12-17 15:28:20]   Computing `sim_scaled` ...
TRACE [2022-12-17 15:28:21]   Computing `sim_ranked_relrank` ...
TRACE [2022-12-17 15:28:26]   Computing summaries ...
TRACE [2022-12-17 15:28:26]   Setting up retrieval ...
TRACE [2022-12-17 15:28:30]   Computing average precision ...
TRACE [2022-12-17 15:28:32]   Computing R-precision ...
TRACE [2022-12-17 15:28:33]   Wrapping up metrics ...
TRACE [2022-12-17 15:28:33] Completed metrics for signal=rep background=ref
INFO [2022-12-17 15:28:33] Writing results/52185d5c/metrics_level_1_0_ref.parquet...
INFO [2022-12-17 15:28:33] Writing results/52185d5c/metrics_level_1_ref.parquet...
INFO [2022-12-17 15:28:33] Writing indicator file results/52185d5c/metrics.done ...
INFO [2022-12-17 15:28:34] Reading results/52185d5c/metrics_level_1_0_ref.parquet ...
INFO [2022-12-17 15:28:34] Reading results/52185d5c/metrics_level_1_ref.parquet ...
INFO [2022-12-17 15:28:51] Writing results/52185d5c/metrics_level_1_ref_null_adjusted.parquet ...
