INFO [2021-09-15 01:35:46] Logging to results/73cb54a8/run.log...
INFO [2021-09-15 01:35:46] Loading https://github.com/broadinstitute/grit-benchmark/raw/main/1.calculate-metrics/cell-health/data//cell_health_merged_feature_select.csv.gz ...
INFO [2021-09-15 01:35:48] Writing results/73cb54a8/profiles.parquet ...
INFO [2021-09-15 01:35:49] Calculating index ...
DEBUG [2021-09-15 01:35:49] Number of columns before NA filtering = 403
DEBUG [2021-09-15 01:35:49] Number of columns after NA filtering = 403
INFO [2021-09-15 01:35:50] Writing results/73cb54a8/index.parquet ...
INFO [2021-09-15 01:35:50] Writing results/73cb54a8/index.parquet ...
INFO [2021-09-15 01:35:50] Collate and annotate index ...
DEBUG [2021-09-15 01:35:50] sim_filter_all_same: annotating rows
DEBUG [2021-09-15 01:35:50] sim_filter_all_same: annotating rows
INFO [2021-09-15 01:35:50] Writing results/73cb54a8/collatedindex.parquet ...
INFO [2021-09-15 01:35:53] Loading index file ...
INFO [2021-09-15 01:35:53] Populating index with similarities ...
DEBUG [2021-09-15 01:35:54] Number of columns before NA filtering = 403
DEBUG [2021-09-15 01:35:54] Number of columns after NA filtering = 403
TRACE [2021-09-15 01:35:54] Using purrr for sequential processing
INFO [2021-09-15 01:35:56] Writing results/73cb54a8/collatedsim.parquet ...
INFO [2021-09-15 01:35:56] Computing metrics ...
TRACE [2021-09-15 01:35:56] Compute metrics for signal=rep background=ref
TRACE [2021-09-15 01:35:56] Using furrr for parallel processing
TRACE [2021-09-15 01:35:56] function (..., envir = parent.frame(), workers = 8) 
strategy(..., envir = envir, workers = workers)
TRACE [2021-09-15 01:35:56]   Number of rows = 2520
TRACE [2021-09-15 01:35:56]   Computing `sim_scaled` ...
TRACE [2021-09-15 01:35:56]   Computing `sim_ranked_relrank` ...
TRACE [2021-09-15 01:36:05]   Computing summaries ...
TRACE [2021-09-15 01:36:06]   Setting up retrieval ...
TRACE [2021-09-15 01:36:12]   Computing average precision ...
TRACE [2021-09-15 01:36:15]   Computing R-precision ...
TRACE [2021-09-15 01:36:17]   Wrapping up metrics ...
TRACE [2021-09-15 01:36:17] Completed metrics for signal=rep background=ref
INFO [2021-09-15 01:36:17] Writing results/73cb54a8/metrics_level_1_0.parquet...
INFO [2021-09-15 01:36:17] Writing results/73cb54a8/metrics_level_1.parquet...
INFO [2021-09-15 01:36:17] Writing indicator file results/73cb54a8/metrics.done ...
INFO [2021-09-15 01:36:17] Reading results/73cb54a8/metrics_level_1.parquet ...
