INFO [2023-03-11 22:28:10] Logging to ./results/ff026585/run.log...
INFO [2023-03-11 22:28:10] Loading /Users/shsingh/work/projects/2019_07_11_JUMP-CP/workspace/software/2021_Chandrasekaran_submitted/profiles/2020_11_04_CPJUMP1/BR00116991/BR00116991_normalized_feature_select_negcon_batch.csv.gz ...
INFO [2023-03-11 22:28:11] Adding a column Metadata_Plate = BR00116991 to /Users/shsingh/work/projects/2019_07_11_JUMP-CP/workspace/software/2021_Chandrasekaran_submitted/profiles/2020_11_04_CPJUMP1/BR00116991/BR00116991_normalized_feature_select_negcon_batch.csv.gz...
INFO [2023-03-11 22:28:11] Loading /Users/shsingh/work/projects/2019_07_11_JUMP-CP/workspace/software/2021_Chandrasekaran_submitted/profiles/2020_11_04_CPJUMP1/BR00116992/BR00116992_normalized_feature_select_negcon_batch.csv.gz ...
INFO [2023-03-11 22:28:13] Adding a column Metadata_Plate = BR00116992 to /Users/shsingh/work/projects/2019_07_11_JUMP-CP/workspace/software/2021_Chandrasekaran_submitted/profiles/2020_11_04_CPJUMP1/BR00116992/BR00116992_normalized_feature_select_negcon_batch.csv.gz...
INFO [2023-03-11 22:28:13] Loading /Users/shsingh/work/projects/2019_07_11_JUMP-CP/workspace/software/2021_Chandrasekaran_submitted/profiles/2020_11_04_CPJUMP1/BR00116993/BR00116993_normalized_feature_select_negcon_batch.csv.gz ...
INFO [2023-03-11 22:28:14] Adding a column Metadata_Plate = BR00116993 to /Users/shsingh/work/projects/2019_07_11_JUMP-CP/workspace/software/2021_Chandrasekaran_submitted/profiles/2020_11_04_CPJUMP1/BR00116993/BR00116993_normalized_feature_select_negcon_batch.csv.gz...
INFO [2023-03-11 22:28:14] Loading /Users/shsingh/work/projects/2019_07_11_JUMP-CP/workspace/software/2021_Chandrasekaran_submitted/profiles/2020_11_04_CPJUMP1/BR00116994/BR00116994_normalized_feature_select_negcon_batch.csv.gz ...
INFO [2023-03-11 22:28:15] Adding a column Metadata_Plate = BR00116994 to /Users/shsingh/work/projects/2019_07_11_JUMP-CP/workspace/software/2021_Chandrasekaran_submitted/profiles/2020_11_04_CPJUMP1/BR00116994/BR00116994_normalized_feature_select_negcon_batch.csv.gz...
INFO [2023-03-11 22:28:18] Number of variables in profiles before drop_na_columns  = 904
INFO [2023-03-11 22:28:21] Number of variables in profiles after drop_na_columns  = 904
INFO [2023-03-11 22:28:21] Number of rows in profiles before drop_na_rows  = 384
INFO [2023-03-11 22:28:21] Number of rows in profiles after drop_na_rows  = 384
INFO [2023-03-11 22:28:22] Reading results/1c5aac5b/metrics_level_1_ref.parquet ...
INFO [2023-03-11 22:28:22] Selecting the following column from metrics: Metadata_broad_sample
INFO [2023-03-11 22:28:22] Selecting the following column from metrics: Metadata_control_type
INFO [2023-03-11 22:28:22] Selecting the following column from metrics: Metadata_reference_or_other
INFO [2023-03-11 22:28:22] Number of rows in metrics = 306
INFO [2023-03-11 22:28:22] Number of rows in profiles_experiment_other = 320
INFO [2023-03-11 22:28:22] Number of rows in profiles_experiment_other_filtered = 255
INFO [2023-03-11 22:28:22] Number of rows in profiles_experiment = 384
INFO [2023-03-11 22:28:22] Number of rows in profiles_experiment_filtered = 319
INFO [2023-03-11 22:28:22] Number of rows in external_metadata = 307
INFO [2023-03-11 22:28:22] Number of rows in profiles_experiment before joining external metadata = 319
INFO [2023-03-11 22:28:22] Number of rows in profiles_experiment after joining external metadata = 319
INFO [2023-03-11 22:28:22] Adding dummy metadata column `Metadata_dummy` with value 0 throughout for all rows
INFO [2023-03-11 22:28:22] Splitting rows on Metadata_target_list
INFO [2023-03-11 22:28:23] Writing ./results/ff026585/profiles_split_mapper_full.csv ...
INFO [2023-03-11 22:28:23] compact_splits = TRUE
INFO [2023-03-11 22:28:23] Writing ./results/ff026585/profiles_split_mapper_compact.csv ...
INFO [2023-03-11 22:28:23] Number of rows in profiles_experiment before splitting = 319
INFO [2023-03-11 22:28:23] Number of rows in profiles_experiment after splitting = 848
INFO [2023-03-11 22:28:24] Writing ./results/ff026585/profiles.parquet ...
DEBUG [2023-03-11 22:28:24] Rendered: input=1.prepare_data.Rmd
DEBUG [2023-03-11 22:28:24] Rendered: strip_text=/Users/shsingh/work/repos/software/cytominer/cytomining/evalzoo/matric/results/ff026585/
INFO [2023-03-11 22:28:25] Calculating index ...
INFO [2023-03-11 22:28:25] Performing all similarity calculations because `any_different_cols_non_rep` is not NULL ...
DEBUG [2023-03-11 22:28:25] Number of columns before NA filtering = 913
DEBUG [2023-03-11 22:28:25] Number of columns after NA filtering = 913
INFO [2023-03-11 22:28:25] Writing ./results/ff026585/index.parquet ...
INFO [2023-03-11 22:28:25] Writing ./results/ff026585/index.parquet ...
INFO [2023-03-11 22:28:25] Collate and annotate index ...
DEBUG [2023-03-11 22:28:25] sim_filter_all_same: inner joining rows
INFO [2023-03-11 22:28:26] Filtering collated_sim ...
INFO [2023-03-11 22:28:26] Number of rows in collated_sim before filtering = 660588
INFO [2023-03-11 22:28:26] Number of rows in collated_sim after filtering = 217729
INFO [2023-03-11 22:28:26] Writing ./results/ff026585/collatedindex.parquet ...
DEBUG [2023-03-11 22:28:27] Rendered: input=2.calculate_index.Rmd
DEBUG [2023-03-11 22:28:27] Rendered: strip_text=/Users/shsingh/work/repos/software/cytominer/cytomining/evalzoo/matric/results/ff026585/
INFO [2023-03-11 22:28:29] Loading index file ...
INFO [2023-03-11 22:28:29] Populating index with similarities ...
DEBUG [2023-03-11 22:28:30] Number of columns before NA filtering = 913
DEBUG [2023-03-11 22:28:30] Number of columns after NA filtering = 913
TRACE [2023-03-11 22:28:30] Using purrr for sequential processing
INFO [2023-03-11 22:28:33] Writing ./results/ff026585/collatedsim.parquet ...
INFO [2023-03-11 22:28:33] Computing metrics ...
INFO [2023-03-11 22:28:33] Calculating metrics using sim_type_background = 'ref' ...
TRACE [2023-03-11 22:28:33] Compute metrics for signal=rep background=ref
TRACE [2023-03-11 22:28:33] Using furrr for parallel processing
TRACE [2023-03-11 22:28:33] function (..., workers = 8, envir = parent.frame()) 
strategy(..., workers = workers, envir = envir)
TRACE [2023-03-11 22:28:33]   Number of rows = 691
TRACE [2023-03-11 22:28:33]   Computing `sim_scaled` ...
TRACE [2023-03-11 22:28:33]   Computing `sim_ranked_relrank` ...
TRACE [2023-03-11 22:28:33]   Computing summaries ...
TRACE [2023-03-11 22:28:33]   Setting up retrieval ...
TRACE [2023-03-11 22:28:33]   Computing average precision ...
TRACE [2023-03-11 22:28:33]   Computing R-precision ...
TRACE [2023-03-11 22:28:33]   Wrapping up metrics ...
TRACE [2023-03-11 22:28:33] Completed metrics for signal=rep background=ref
WARN [2023-03-11 22:28:33] Empty metrics data frame; no p-values to compute
INFO [2023-03-11 22:28:33] Calculating metrics using sim_type_background = 'non_rep' because `any_different_cols_non_rep` is not NULL ...
TRACE [2023-03-11 22:28:33] Compute metrics for signal=rep background=non_rep
TRACE [2023-03-11 22:28:33] Using furrr for parallel processing
TRACE [2023-03-11 22:28:33] function (..., workers = 8, envir = parent.frame()) 
strategy(..., workers = workers, envir = envir)
TRACE [2023-03-11 22:28:34]   Number of rows = 691
TRACE [2023-03-11 22:28:34]   Computing `sim_scaled` ...
TRACE [2023-03-11 22:28:34]   Computing `sim_ranked_relrank` ...
TRACE [2023-03-11 22:28:38]   Computing summaries ...
TRACE [2023-03-11 22:28:38]   Setting up retrieval ...
TRACE [2023-03-11 22:28:41]   Computing average precision ...
TRACE [2023-03-11 22:28:42]   Computing R-precision ...
TRACE [2023-03-11 22:28:44]   Wrapping up metrics ...
TRACE [2023-03-11 22:28:44] Completed metrics for signal=rep background=non_rep
INFO [2023-03-11 22:30:01] Writing ./results/ff026585/metrics_level_1_0_ref.parquet...
INFO [2023-03-11 22:30:01] Writing ./results/ff026585/metrics_level_1_ref.parquet...
INFO [2023-03-11 22:30:01] Writing ./results/ff026585/metrics_level_1_0_non_rep.parquet...
INFO [2023-03-11 22:30:01] Writing ./results/ff026585/metrics_level_1_non_rep.parquet...
INFO [2023-03-11 22:30:01] Writing indicator file ./results/ff026585/metrics.done ...
DEBUG [2023-03-11 22:30:02] Rendered: input=3.calculate_metrics.Rmd
DEBUG [2023-03-11 22:30:02] Rendered: strip_text=/Users/shsingh/work/repos/software/cytominer/cytomining/evalzoo/matric/results/ff026585/
INFO [2023-03-11 22:30:02] Reading ./results/ff026585/metrics_level_1_0_non_rep.parquet ...
INFO [2023-03-11 22:30:02] Reading ./results/ff026585/metrics_level_1_non_rep.parquet ...
DEBUG [2023-03-11 22:30:11] Rendered: input=5.inspect_metrics.Rmd
DEBUG [2023-03-11 22:30:11] Rendered: strip_text=/Users/shsingh/work/repos/software/cytominer/cytomining/evalzoo/matric/results/ff026585/
DEBUG [2023-03-11 22:30:11] Rendered: input=0.knit-notebooks.Rmd
DEBUG [2023-03-11 22:30:11] Rendered: strip_text=/Users/shsingh/work/repos/software/cytominer/cytomining/evalzoo/matric/results/ff026585/
