INFO [2022-12-19 19:50:46] Logging to results/10b3c69d/run.log...
INFO [2022-12-19 19:50:46] Loading /Users/shsingh/work/projects/2019_07_11_JUMP-CP/workspace/software/2021_Chandrasekaran_submitted/profiles/2020_11_04_CPJUMP1/BR00116991/BR00116991_normalized_feature_select_negcon_batch.csv.gz ...
INFO [2022-12-19 19:50:48] Adding a column Metadata_Plate = BR00116991 to /Users/shsingh/work/projects/2019_07_11_JUMP-CP/workspace/software/2021_Chandrasekaran_submitted/profiles/2020_11_04_CPJUMP1/BR00116991/BR00116991_normalized_feature_select_negcon_batch.csv.gz...
INFO [2022-12-19 19:50:48] Loading /Users/shsingh/work/projects/2019_07_11_JUMP-CP/workspace/software/2021_Chandrasekaran_submitted/profiles/2020_11_04_CPJUMP1/BR00116992/BR00116992_normalized_feature_select_negcon_batch.csv.gz ...
INFO [2022-12-19 19:50:50] Adding a column Metadata_Plate = BR00116992 to /Users/shsingh/work/projects/2019_07_11_JUMP-CP/workspace/software/2021_Chandrasekaran_submitted/profiles/2020_11_04_CPJUMP1/BR00116992/BR00116992_normalized_feature_select_negcon_batch.csv.gz...
INFO [2022-12-19 19:50:50] Loading /Users/shsingh/work/projects/2019_07_11_JUMP-CP/workspace/software/2021_Chandrasekaran_submitted/profiles/2020_11_04_CPJUMP1/BR00116993/BR00116993_normalized_feature_select_negcon_batch.csv.gz ...
INFO [2022-12-19 19:50:52] Adding a column Metadata_Plate = BR00116993 to /Users/shsingh/work/projects/2019_07_11_JUMP-CP/workspace/software/2021_Chandrasekaran_submitted/profiles/2020_11_04_CPJUMP1/BR00116993/BR00116993_normalized_feature_select_negcon_batch.csv.gz...
INFO [2022-12-19 19:50:52] Loading /Users/shsingh/work/projects/2019_07_11_JUMP-CP/workspace/software/2021_Chandrasekaran_submitted/profiles/2020_11_04_CPJUMP1/BR00116994/BR00116994_normalized_feature_select_negcon_batch.csv.gz ...
INFO [2022-12-19 19:50:54] Adding a column Metadata_Plate = BR00116994 to /Users/shsingh/work/projects/2019_07_11_JUMP-CP/workspace/software/2021_Chandrasekaran_submitted/profiles/2020_11_04_CPJUMP1/BR00116994/BR00116994_normalized_feature_select_negcon_batch.csv.gz...
INFO [2022-12-19 19:50:58] Reading results/90ef1d9e/metrics_level_1_ref_null_adjusted.parquet ...
INFO [2022-12-19 19:50:58] Selecting the following column from metrics: Metadata_broad_sample
INFO [2022-12-19 19:50:58] Selecting the following column from metrics: Metadata_control_type
INFO [2022-12-19 19:50:58] Selecting the following column from metrics: Metadata_reference_or_other
INFO [2022-12-19 19:50:58] Number of rows in metrics = 306
INFO [2022-12-19 19:50:58] Number of rows in profiles_experiment_other = 320
INFO [2022-12-19 19:50:58] Number of rows in profiles_experiment_other_filtered = 249
INFO [2022-12-19 19:50:58] Number of rows in profiles_experiment = 384
INFO [2022-12-19 19:50:58] Number of rows in profiles_experiment_filtered = 313
INFO [2022-12-19 19:50:58] Adding dummy metadata column `Metadata_dummy` with value 0 throughout for all rows
INFO [2022-12-19 19:50:59] Writing results/10b3c69d/profiles.parquet ...
INFO [2022-12-19 19:51:01] Calculating index ...
INFO [2022-12-19 19:51:01] Performing all similarity calculations because `any_different_cols_non_rep` is not NULL ...
DEBUG [2022-12-19 19:51:03] Number of columns before NA filtering = 910
DEBUG [2022-12-19 19:51:03] Number of columns after NA filtering = 910
INFO [2022-12-19 19:51:03] Writing results/10b3c69d/index.parquet ...
INFO [2022-12-19 19:51:03] Writing results/10b3c69d/index.parquet ...
INFO [2022-12-19 19:51:03] Collate and annotate index ...
DEBUG [2022-12-19 19:51:03] sim_filter_all_same: inner joining rows
INFO [2022-12-19 19:51:03] Writing results/10b3c69d/collatedindex.parquet ...
INFO [2022-12-19 19:51:08] Loading index file ...
INFO [2022-12-19 19:51:08] Populating index with similarities ...
DEBUG [2022-12-19 19:51:10] Number of columns before NA filtering = 910
DEBUG [2022-12-19 19:51:10] Number of columns after NA filtering = 910
TRACE [2022-12-19 19:51:10] Using purrr for sequential processing
INFO [2022-12-19 19:51:10] Writing results/10b3c69d/collatedsim.parquet ...
INFO [2022-12-19 19:51:11] Computing metrics ...
INFO [2022-12-19 19:51:11] Calculating metrics using sim_type_background = 'ref' ...
TRACE [2022-12-19 19:51:11] Compute metrics for signal=rep background=ref
TRACE [2022-12-19 19:51:11] Using furrr for parallel processing
TRACE [2022-12-19 19:51:11] function (..., workers = 8, envir = parent.frame()) 
strategy(..., workers = workers, envir = envir)
TRACE [2022-12-19 19:51:11]   Number of rows = 202
TRACE [2022-12-19 19:51:11]   Computing `sim_scaled` ...
TRACE [2022-12-19 19:51:11]   Computing `sim_ranked_relrank` ...
TRACE [2022-12-19 19:51:11]   Computing summaries ...
TRACE [2022-12-19 19:51:11]   Setting up retrieval ...
TRACE [2022-12-19 19:51:11]   Computing average precision ...
TRACE [2022-12-19 19:51:11]   Computing R-precision ...
TRACE [2022-12-19 19:51:11]   Wrapping up metrics ...
TRACE [2022-12-19 19:51:11] Completed metrics for signal=rep background=ref
INFO [2022-12-19 19:51:11] Calculating metrics using sim_type_background = 'non_rep' because `any_different_cols_non_rep` is not NULL ...
TRACE [2022-12-19 19:51:11] Compute metrics for signal=rep background=non_rep
TRACE [2022-12-19 19:51:11] Using furrr for parallel processing
TRACE [2022-12-19 19:51:11] function (..., workers = 8, envir = parent.frame()) 
strategy(..., workers = workers, envir = envir)
TRACE [2022-12-19 19:51:11]   Number of rows = 202
TRACE [2022-12-19 19:51:11]   Computing `sim_scaled` ...
TRACE [2022-12-19 19:51:12]   Computing `sim_ranked_relrank` ...
TRACE [2022-12-19 19:51:18]   Computing summaries ...
TRACE [2022-12-19 19:51:18]   Setting up retrieval ...
TRACE [2022-12-19 19:51:19]   Computing average precision ...
TRACE [2022-12-19 19:51:19]   Computing R-precision ...
TRACE [2022-12-19 19:51:20]   Wrapping up metrics ...
TRACE [2022-12-19 19:51:20] Completed metrics for signal=rep background=non_rep
INFO [2022-12-19 19:51:20] Writing results/10b3c69d/metrics_level_1_0_ref.parquet...
INFO [2022-12-19 19:51:21] Writing results/10b3c69d/metrics_level_1_ref.parquet...
INFO [2022-12-19 19:51:21] Writing results/10b3c69d/metrics_level_1_0_non_rep.parquet...
INFO [2022-12-19 19:51:21] Writing results/10b3c69d/metrics_level_1_non_rep.parquet...
INFO [2022-12-19 19:51:21] Writing indicator file results/10b3c69d/metrics.done ...
INFO [2022-12-19 19:51:23] Reading results/10b3c69d/metrics_level_1_0_non_rep.parquet ...
INFO [2022-12-19 19:51:23] Reading results/10b3c69d/metrics_level_1_non_rep.parquet ...
INFO [2022-12-19 19:51:44] Writing results/10b3c69d/metrics_level_1_0_non_rep_null_adjusted.parquet ...
INFO [2022-12-19 19:51:44] Writing results/10b3c69d/metrics_level_1_non_rep_null_adjusted.parquet ...
INFO [2022-12-19 19:51:46] Reading results/10b3c69d/metrics_level_1_0_non_rep_null_adjusted.parquet ...
INFO [2022-12-19 19:51:46] Reading results/10b3c69d/metrics_level_1_non_rep_null_adjusted.parquet ...
