INFO [2022-12-13 15:34:25] Logging to results/36646754/run.log...
INFO [2022-12-13 15:34:26] Loading /Users/shsingh/work/projects/2019_07_11_JUMP-CP/workspace/software/2021_Chandrasekaran_submitted/profiles/2020_11_04_CPJUMP1/BR00116991/BR00116991_normalized_feature_select_negcon_batch.csv.gz ...
INFO [2022-12-13 15:34:27] Adding a column Metadata_Plate = BR00116991 to /Users/shsingh/work/projects/2019_07_11_JUMP-CP/workspace/software/2021_Chandrasekaran_submitted/profiles/2020_11_04_CPJUMP1/BR00116991/BR00116991_normalized_feature_select_negcon_batch.csv.gz...
INFO [2022-12-13 15:34:27] Loading /Users/shsingh/work/projects/2019_07_11_JUMP-CP/workspace/software/2021_Chandrasekaran_submitted/profiles/2020_11_04_CPJUMP1/BR00116992/BR00116992_normalized_feature_select_negcon_batch.csv.gz ...
INFO [2022-12-13 15:34:28] Adding a column Metadata_Plate = BR00116992 to /Users/shsingh/work/projects/2019_07_11_JUMP-CP/workspace/software/2021_Chandrasekaran_submitted/profiles/2020_11_04_CPJUMP1/BR00116992/BR00116992_normalized_feature_select_negcon_batch.csv.gz...
INFO [2022-12-13 15:34:29] Loading /Users/shsingh/work/projects/2019_07_11_JUMP-CP/workspace/software/2021_Chandrasekaran_submitted/profiles/2020_11_04_CPJUMP1/BR00116993/BR00116993_normalized_feature_select_negcon_batch.csv.gz ...
INFO [2022-12-13 15:34:30] Adding a column Metadata_Plate = BR00116993 to /Users/shsingh/work/projects/2019_07_11_JUMP-CP/workspace/software/2021_Chandrasekaran_submitted/profiles/2020_11_04_CPJUMP1/BR00116993/BR00116993_normalized_feature_select_negcon_batch.csv.gz...
INFO [2022-12-13 15:34:30] Loading /Users/shsingh/work/projects/2019_07_11_JUMP-CP/workspace/software/2021_Chandrasekaran_submitted/profiles/2020_11_04_CPJUMP1/BR00116994/BR00116994_normalized_feature_select_negcon_batch.csv.gz ...
INFO [2022-12-13 15:34:31] Adding a column Metadata_Plate = BR00116994 to /Users/shsingh/work/projects/2019_07_11_JUMP-CP/workspace/software/2021_Chandrasekaran_submitted/profiles/2020_11_04_CPJUMP1/BR00116994/BR00116994_normalized_feature_select_negcon_batch.csv.gz...
INFO [2022-12-13 15:34:33] Number of rows in external_metadata = 307
INFO [2022-12-13 15:34:33] Number of rows in profiles_experiment before joining external metadata = 1535
INFO [2022-12-13 15:34:33] Number of rows in profiles_experiment after joining external metadata = 1535
INFO [2022-12-13 15:34:33] Writing results/36646754/profiles.parquet ...
INFO [2022-12-13 15:34:36] Calculating index ...
INFO [2022-12-13 15:34:36] Reducing similarity calculations because `all_same_cols_non_rep` is NULL ...
DEBUG [2022-12-13 15:34:38] Number of columns before NA filtering = 919
DEBUG [2022-12-13 15:34:38] Number of columns after NA filtering = 919
INFO [2022-12-13 15:34:39] Writing results/36646754/index.parquet ...
INFO [2022-12-13 15:34:39] Writing results/36646754/index.parquet ...
INFO [2022-12-13 15:34:39] Collate and annotate index ...
DEBUG [2022-12-13 15:34:39] sim_filter_all_same: annotating rows
DEBUG [2022-12-13 15:34:40] sim_filter_all_same: annotating rows
INFO [2022-12-13 15:34:40] Writing results/36646754/collatedindex.parquet ...
INFO [2022-12-13 15:34:43] Loading index file ...
INFO [2022-12-13 15:34:43] Populating index with similarities ...
DEBUG [2022-12-13 15:34:44] Number of columns before NA filtering = 919
DEBUG [2022-12-13 15:34:44] Number of columns after NA filtering = 919
TRACE [2022-12-13 15:34:44] Using purrr for sequential processing
INFO [2022-12-13 15:34:47] Writing results/36646754/collatedsim.parquet ...
INFO [2022-12-13 15:34:48] Computing metrics ...
INFO [2022-12-13 15:34:48] Calculating metrics using sim_type_background = 'ref' ...
TRACE [2022-12-13 15:34:48] Compute metrics for signal=rep background=ref
TRACE [2022-12-13 15:34:48] Using furrr for parallel processing
TRACE [2022-12-13 15:34:48] function (..., envir = parent.frame(), workers = 8) 
strategy(..., envir = envir, workers = workers)
TRACE [2022-12-13 15:34:48]   Number of rows = 1279
TRACE [2022-12-13 15:34:48]   Computing `sim_scaled` ...
TRACE [2022-12-13 15:34:50]   Computing `sim_ranked_relrank` ...
TRACE [2022-12-13 15:34:56]   Computing summaries ...
TRACE [2022-12-13 15:34:56]   Setting up retrieval ...
TRACE [2022-12-13 15:35:00]   Computing average precision ...
TRACE [2022-12-13 15:35:02]   Computing R-precision ...
TRACE [2022-12-13 15:35:04]   Wrapping up metrics ...
TRACE [2022-12-13 15:35:04] Completed metrics for signal=rep background=ref
INFO [2022-12-13 15:35:05] Writing results/36646754/metrics_level_1_0_ref.parquet...
INFO [2022-12-13 15:35:06] Writing results/36646754/metrics_level_1_ref.parquet...
INFO [2022-12-13 15:35:07] Writing indicator file results/36646754/metrics.done ...
INFO [2022-12-13 15:35:11] Reading results/36646754/metrics_level_1_0_ref.parquet ...
INFO [2022-12-13 15:35:11] Reading results/36646754/metrics_level_1_ref.parquet ...
INFO [2022-12-13 15:35:11] Compute retrieval random baseline for m = 3, n = 64
INFO [2022-12-13 15:35:23] Compute retrieval random baseline for m = 7, n = 64
INFO [2022-12-13 15:35:34] Compute retrieval random baseline for m = 2, n = 64
INFO [2022-12-13 15:35:46] Writing results/36646754/metrics_level_1_ref_null_adjusted.parquet ...
