INFO [2022-12-13 11:54:28] Logging to results/fe6091ff/run.log...
INFO [2022-12-13 11:54:30] Loading /Users/shsingh/work/projects/2019_07_11_JUMP-CP/workspace/software/pilot-cpjump1-data/collated/2020_11_04_CPJUMP1/2020_11_04_CPJUMP1_U2OS_48_Compound_Standard_normalized_feature_select_negcon.parquet ...
INFO [2022-12-13 11:54:34] Reading results/43ef7f7c/metrics_level_1_null_adjusted.parquet ...
INFO [2022-12-13 11:54:34] Number of rows in metrics = 306
INFO [2022-12-13 11:54:34] Number of rows in profiles_experiment_other = 320
INFO [2022-12-13 11:54:34] Number of rows in profiles_experiment_other_filtered = 216
INFO [2022-12-13 11:54:34] Number of rows in profiles_experiment = 384
INFO [2022-12-13 11:54:34] Number of rows in profiles_experiment_filtered = 280
INFO [2022-12-13 11:54:34] Writing results/fe6091ff/profiles.parquet ...
INFO [2022-12-13 11:54:36] Calculating index ...
INFO [2022-12-13 11:54:36] Performing all similarity calculations because `all_same_cols_non_rep` is not NULL ...
DEBUG [2022-12-13 11:54:36] Number of columns before NA filtering = 917
DEBUG [2022-12-13 11:54:36] Number of columns after NA filtering = 917
INFO [2022-12-13 11:54:36] Writing results/fe6091ff/index.parquet ...
INFO [2022-12-13 11:54:36] Writing results/fe6091ff/index.parquet ...
INFO [2022-12-13 11:54:36] Collate and annotate index ...
DEBUG [2022-12-13 11:54:36] sim_filter_all_same: annotating rows
DEBUG [2022-12-13 11:54:37] sim_filter_all_same: inner joining rows
INFO [2022-12-13 11:54:37] Writing results/fe6091ff/collatedindex.parquet ...
INFO [2022-12-13 11:54:40] Loading index file ...
INFO [2022-12-13 11:54:40] Populating index with similarities ...
DEBUG [2022-12-13 11:54:40] Number of columns before NA filtering = 917
DEBUG [2022-12-13 11:54:40] Number of columns after NA filtering = 917
TRACE [2022-12-13 11:54:40] Using purrr for sequential processing
INFO [2022-12-13 11:54:41] Writing results/fe6091ff/collatedsim.parquet ...
INFO [2022-12-13 11:54:41] Computing metrics ...
INFO [2022-12-13 11:54:41] Calculating metrics using sim_type_background = 'ref' ...
TRACE [2022-12-13 11:54:41] Compute metrics for signal=rep background=ref
TRACE [2022-12-13 11:54:41] Using furrr for parallel processing
TRACE [2022-12-13 11:54:41] function (..., envir = parent.frame(), workers = 8) 
strategy(..., envir = envir, workers = workers)
TRACE [2022-12-13 11:54:41]   Number of rows = 162
TRACE [2022-12-13 11:54:41]   Computing `sim_scaled` ...
TRACE [2022-12-13 11:54:42]   Computing `sim_ranked_relrank` ...
TRACE [2022-12-13 11:54:47]   Computing summaries ...
TRACE [2022-12-13 11:54:47]   Setting up retrieval ...
TRACE [2022-12-13 11:54:48]   Computing average precision ...
TRACE [2022-12-13 11:54:49]   Computing R-precision ...
TRACE [2022-12-13 11:54:49]   Wrapping up metrics ...
TRACE [2022-12-13 11:54:49] Completed metrics for signal=rep background=ref
INFO [2022-12-13 11:54:49] Calculating metrics using sim_type_background = 'non_rep' because `all_same_cols_non_rep` is not NULL ...
TRACE [2022-12-13 11:54:49] Compute metrics for signal=rep background=non_rep
TRACE [2022-12-13 11:54:49] Using furrr for parallel processing
TRACE [2022-12-13 11:54:49] function (..., envir = parent.frame(), workers = 8) 
strategy(..., envir = envir, workers = workers)
TRACE [2022-12-13 11:54:50]   Number of rows = 162
TRACE [2022-12-13 11:54:50]   Computing `sim_scaled` ...
TRACE [2022-12-13 11:54:51]   Computing `sim_ranked_relrank` ...
TRACE [2022-12-13 11:54:51]   Computing summaries ...
TRACE [2022-12-13 11:54:51]   Setting up retrieval ...
TRACE [2022-12-13 11:54:52]   Computing average precision ...
TRACE [2022-12-13 11:54:53]   Computing R-precision ...
TRACE [2022-12-13 11:54:53]   Wrapping up metrics ...
TRACE [2022-12-13 11:54:54] Completed metrics for signal=rep background=non_rep
INFO [2022-12-13 11:54:54] Writing results/fe6091ff/metrics_level_1_0_ref.parquet...
INFO [2022-12-13 11:54:54] Writing results/fe6091ff/metrics_level_1_ref.parquet...
INFO [2022-12-13 11:54:54] Writing results/fe6091ff/metrics_level_1_0_non_rep.parquet...
INFO [2022-12-13 11:54:54] Writing results/fe6091ff/metrics_level_1_non_rep.parquet...
INFO [2022-12-13 11:54:54] Writing indicator file results/fe6091ff/metrics.done ...
INFO [2022-12-13 11:54:55] Reading results/fe6091ff/metrics_level_1_0_non_rep.parquet ...
INFO [2022-12-13 11:54:55] Reading results/fe6091ff/metrics_level_1_non_rep.parquet ...
INFO [2022-12-13 11:54:55] Compute retrieval random baseline for m = 1, n = 215
INFO [2022-12-13 11:55:09] Compute retrieval random baseline for m = 1, n = 214
INFO [2022-12-13 11:55:20] Writing results/fe6091ff/metrics_level_1_non_rep_null_adjusted.parquet ...
