INFO [2022-12-19 19:26:53] Logging to results/ce73759d/run.log...
INFO [2022-12-19 19:26:54] Loading /Users/shsingh/work/projects/2019_07_11_JUMP-CP/workspace/software/2021_Chandrasekaran_submitted/profiles/2020_11_04_CPJUMP1/BR00116991/BR00116991_normalized_feature_select_negcon_batch.csv.gz ...
INFO [2022-12-19 19:26:55] Adding a column Metadata_Plate = BR00116991 to /Users/shsingh/work/projects/2019_07_11_JUMP-CP/workspace/software/2021_Chandrasekaran_submitted/profiles/2020_11_04_CPJUMP1/BR00116991/BR00116991_normalized_feature_select_negcon_batch.csv.gz...
INFO [2022-12-19 19:26:55] Loading /Users/shsingh/work/projects/2019_07_11_JUMP-CP/workspace/software/2021_Chandrasekaran_submitted/profiles/2020_11_04_CPJUMP1/BR00116992/BR00116992_normalized_feature_select_negcon_batch.csv.gz ...
INFO [2022-12-19 19:26:57] Adding a column Metadata_Plate = BR00116992 to /Users/shsingh/work/projects/2019_07_11_JUMP-CP/workspace/software/2021_Chandrasekaran_submitted/profiles/2020_11_04_CPJUMP1/BR00116992/BR00116992_normalized_feature_select_negcon_batch.csv.gz...
INFO [2022-12-19 19:26:57] Loading /Users/shsingh/work/projects/2019_07_11_JUMP-CP/workspace/software/2021_Chandrasekaran_submitted/profiles/2020_11_04_CPJUMP1/BR00116993/BR00116993_normalized_feature_select_negcon_batch.csv.gz ...
INFO [2022-12-19 19:26:58] Adding a column Metadata_Plate = BR00116993 to /Users/shsingh/work/projects/2019_07_11_JUMP-CP/workspace/software/2021_Chandrasekaran_submitted/profiles/2020_11_04_CPJUMP1/BR00116993/BR00116993_normalized_feature_select_negcon_batch.csv.gz...
INFO [2022-12-19 19:26:58] Loading /Users/shsingh/work/projects/2019_07_11_JUMP-CP/workspace/software/2021_Chandrasekaran_submitted/profiles/2020_11_04_CPJUMP1/BR00116994/BR00116994_normalized_feature_select_negcon_batch.csv.gz ...
INFO [2022-12-19 19:27:00] Adding a column Metadata_Plate = BR00116994 to /Users/shsingh/work/projects/2019_07_11_JUMP-CP/workspace/software/2021_Chandrasekaran_submitted/profiles/2020_11_04_CPJUMP1/BR00116994/BR00116994_normalized_feature_select_negcon_batch.csv.gz...
INFO [2022-12-19 19:27:03] Reading results/90ef1d9e/metrics_level_1_ref_null_adjusted.parquet ...
INFO [2022-12-19 19:27:03] Selecting the following column from metrics: Metadata_broad_sample
INFO [2022-12-19 19:27:03] Selecting the following column from metrics: Metadata_control_type
INFO [2022-12-19 19:27:03] Selecting the following column from metrics: Metadata_reference_or_other
INFO [2022-12-19 19:27:03] Number of rows in metrics = 306
INFO [2022-12-19 19:27:03] Number of rows in profiles_experiment_other = 320
INFO [2022-12-19 19:27:03] Number of rows in profiles_experiment_other_filtered = 249
INFO [2022-12-19 19:27:03] Number of rows in profiles_experiment = 384
INFO [2022-12-19 19:27:03] Number of rows in profiles_experiment_filtered = 313
INFO [2022-12-19 19:27:03] Adding dummy metadata column `Metadata_dummy` with value 0 throughout for all rows
INFO [2022-12-19 19:27:03] Writing results/ce73759d/profiles.parquet ...
INFO [2022-12-19 19:27:04] Calculating index ...
INFO [2022-12-19 19:27:04] Performing all similarity calculations because `any_different_cols_non_rep` is not NULL ...
DEBUG [2022-12-19 19:27:05] Number of columns before NA filtering = 910
DEBUG [2022-12-19 19:27:05] Number of columns after NA filtering = 910
INFO [2022-12-19 19:27:05] Writing results/ce73759d/index.parquet ...
INFO [2022-12-19 19:27:05] Writing results/ce73759d/index.parquet ...
INFO [2022-12-19 19:27:05] Collate and annotate index ...
DEBUG [2022-12-19 19:27:05] sim_filter_all_same: inner joining rows
INFO [2022-12-19 19:27:05] Writing results/ce73759d/collatedindex.parquet ...
INFO [2022-12-19 19:27:08] Loading index file ...
INFO [2022-12-19 19:27:08] Populating index with similarities ...
DEBUG [2022-12-19 19:27:09] Number of columns before NA filtering = 910
DEBUG [2022-12-19 19:27:09] Number of columns after NA filtering = 910
TRACE [2022-12-19 19:27:09] Using purrr for sequential processing
INFO [2022-12-19 19:27:09] Writing results/ce73759d/collatedsim.parquet ...
INFO [2022-12-19 19:27:09] Computing metrics ...
INFO [2022-12-19 19:27:09] Calculating metrics using sim_type_background = 'ref' ...
TRACE [2022-12-19 19:27:09] Compute metrics for signal=rep background=ref
TRACE [2022-12-19 19:27:09] Using furrr for parallel processing
TRACE [2022-12-19 19:27:09] function (..., workers = 8, envir = parent.frame()) 
strategy(..., workers = workers, envir = envir)
TRACE [2022-12-19 19:27:09]   Number of rows = 202
TRACE [2022-12-19 19:27:09]   Computing `sim_scaled` ...
TRACE [2022-12-19 19:27:09]   Computing `sim_ranked_relrank` ...
TRACE [2022-12-19 19:27:09]   Computing summaries ...
TRACE [2022-12-19 19:27:09]   Setting up retrieval ...
TRACE [2022-12-19 19:27:09]   Computing average precision ...
TRACE [2022-12-19 19:27:09]   Computing R-precision ...
TRACE [2022-12-19 19:27:09]   Wrapping up metrics ...
TRACE [2022-12-19 19:27:09] Completed metrics for signal=rep background=ref
INFO [2022-12-19 19:27:10] Calculating metrics using sim_type_background = 'non_rep' because `any_different_cols_non_rep` is not NULL ...
TRACE [2022-12-19 19:27:10] Compute metrics for signal=rep background=non_rep
TRACE [2022-12-19 19:27:10] Using furrr for parallel processing
TRACE [2022-12-19 19:27:10] function (..., workers = 8, envir = parent.frame()) 
strategy(..., workers = workers, envir = envir)
TRACE [2022-12-19 19:27:10]   Number of rows = 202
TRACE [2022-12-19 19:27:10]   Computing `sim_scaled` ...
TRACE [2022-12-19 19:27:11]   Computing `sim_ranked_relrank` ...
TRACE [2022-12-19 19:27:16]   Computing summaries ...
TRACE [2022-12-19 19:27:16]   Setting up retrieval ...
TRACE [2022-12-19 19:27:17]   Computing average precision ...
TRACE [2022-12-19 19:27:18]   Computing R-precision ...
TRACE [2022-12-19 19:27:18]   Wrapping up metrics ...
TRACE [2022-12-19 19:27:18] Completed metrics for signal=rep background=non_rep
INFO [2022-12-19 19:27:19] Writing results/ce73759d/metrics_level_1_0_ref.parquet...
INFO [2022-12-19 19:27:19] Writing results/ce73759d/metrics_level_1_ref.parquet...
INFO [2022-12-19 19:27:19] Writing results/ce73759d/metrics_level_1_0_non_rep.parquet...
INFO [2022-12-19 19:27:19] Writing results/ce73759d/metrics_level_1_non_rep.parquet...
INFO [2022-12-19 19:27:19] Writing indicator file results/ce73759d/metrics.done ...
INFO [2022-12-19 19:27:21] Reading results/ce73759d/metrics_level_1_0_non_rep.parquet ...
INFO [2022-12-19 19:27:21] Reading results/ce73759d/metrics_level_1_non_rep.parquet ...
INFO [2022-12-19 19:27:41] Writing results/ce73759d/metrics_level_1_0_non_rep_null_adjusted.parquet ...
INFO [2022-12-19 19:27:41] Writing results/ce73759d/metrics_level_1_non_rep_null_adjusted.parquet ...
INFO [2022-12-19 19:27:42] Reading results/ce73759d/metrics_level_1_0_non_rep_null_adjusted.parquet ...
INFO [2022-12-19 19:27:42] Reading results/ce73759d/metrics_level_1_non_rep_null_adjusted.parquet ...
