INFO [2022-12-20 09:40:39] Logging to ./results/d7fd65e3/run.log...
INFO [2022-12-20 09:40:39] Loading https://github.com/broadinstitute/grit-benchmark/raw/main/1.calculate-metrics/cell-health/data//cell_health_merged_feature_select.csv.gz ...
INFO [2022-12-20 09:40:44] Writing ./results/d7fd65e3/profiles.parquet ...
DEBUG [2022-12-20 09:40:45] Rendered: input=1.prepare_data.Rmd
DEBUG [2022-12-20 09:40:45] Rendered: strip_text=/Users/shsingh/work/repos/software/cytominer/cytomining/evalzoo/matric/results/d7fd65e3/
INFO [2022-12-20 09:40:46] Calculating index ...
INFO [2022-12-20 09:40:46] Performing all similarity calculations because `any_different_cols_non_rep` is not NULL ...
DEBUG [2022-12-20 09:40:46] Number of columns before NA filtering = 399
DEBUG [2022-12-20 09:40:46] Number of columns after NA filtering = 399
INFO [2022-12-20 09:40:46] Writing ./results/d7fd65e3/index.parquet ...
INFO [2022-12-20 09:40:46] Writing ./results/d7fd65e3/index.parquet ...
INFO [2022-12-20 09:40:46] Collate and annotate index ...
DEBUG [2022-12-20 09:40:47] sim_filter_all_same: annotating rows
DEBUG [2022-12-20 09:40:47] sim_filter_all_same: inner joining rows
INFO [2022-12-20 09:40:47] Writing ./results/d7fd65e3/collatedindex.parquet ...
DEBUG [2022-12-20 09:40:47] Rendered: input=2.calculate_index.Rmd
DEBUG [2022-12-20 09:40:47] Rendered: strip_text=/Users/shsingh/work/repos/software/cytominer/cytomining/evalzoo/matric/results/d7fd65e3/
INFO [2022-12-20 09:40:50] Loading index file ...
INFO [2022-12-20 09:40:50] Populating index with similarities ...
DEBUG [2022-12-20 09:40:51] Number of columns before NA filtering = 399
DEBUG [2022-12-20 09:40:51] Number of columns after NA filtering = 399
TRACE [2022-12-20 09:40:51] Using purrr for sequential processing
INFO [2022-12-20 09:40:51] Writing ./results/d7fd65e3/collatedsim.parquet ...
INFO [2022-12-20 09:40:51] Computing metrics ...
INFO [2022-12-20 09:40:51] Calculating metrics using sim_type_background = 'ref' ...
TRACE [2022-12-20 09:40:51] Compute metrics for signal=rep background=ref
TRACE [2022-12-20 09:40:51] Using furrr for parallel processing
TRACE [2022-12-20 09:40:51] function (..., workers = 8, envir = parent.frame()) 
strategy(..., workers = workers, envir = envir)
TRACE [2022-12-20 09:40:52]   Number of rows = 309
TRACE [2022-12-20 09:40:52]   Computing `sim_scaled` ...
TRACE [2022-12-20 09:40:53]   Computing `sim_ranked_relrank` ...
TRACE [2022-12-20 09:40:58]   Computing summaries ...
TRACE [2022-12-20 09:40:58]   Setting up retrieval ...
TRACE [2022-12-20 09:40:59]   Computing average precision ...
TRACE [2022-12-20 09:41:00]   Computing R-precision ...
TRACE [2022-12-20 09:41:00]   Wrapping up metrics ...
TRACE [2022-12-20 09:41:00] Completed metrics for signal=rep background=ref
INFO [2022-12-20 09:41:01] Calculating metrics using sim_type_background = 'non_rep' because `any_different_cols_non_rep` is not NULL ...
TRACE [2022-12-20 09:41:01] Compute metrics for signal=rep background=non_rep
TRACE [2022-12-20 09:41:01] Using furrr for parallel processing
TRACE [2022-12-20 09:41:01] function (..., workers = 8, envir = parent.frame()) 
strategy(..., workers = workers, envir = envir)
TRACE [2022-12-20 09:41:01]   Number of rows = 309
TRACE [2022-12-20 09:41:01]   Computing `sim_scaled` ...
TRACE [2022-12-20 09:41:02]   Computing `sim_ranked_relrank` ...
TRACE [2022-12-20 09:41:02]   Computing summaries ...
TRACE [2022-12-20 09:41:02]   Setting up retrieval ...
TRACE [2022-12-20 09:41:03]   Computing average precision ...
TRACE [2022-12-20 09:41:04]   Computing R-precision ...
TRACE [2022-12-20 09:41:05]   Wrapping up metrics ...
TRACE [2022-12-20 09:41:05] Completed metrics for signal=rep background=non_rep
INFO [2022-12-20 09:41:05] Writing ./results/d7fd65e3/metrics_level_1_0_ref.parquet...
INFO [2022-12-20 09:41:05] Writing ./results/d7fd65e3/metrics_level_1_ref.parquet...
INFO [2022-12-20 09:41:05] Writing ./results/d7fd65e3/metrics_level_1_0_non_rep.parquet...
INFO [2022-12-20 09:41:05] Writing ./results/d7fd65e3/metrics_level_1_non_rep.parquet...
INFO [2022-12-20 09:41:05] Writing indicator file ./results/d7fd65e3/metrics.done ...
DEBUG [2022-12-20 09:41:06] Rendered: input=3.calculate_metrics.Rmd
DEBUG [2022-12-20 09:41:06] Rendered: strip_text=/Users/shsingh/work/repos/software/cytominer/cytomining/evalzoo/matric/results/d7fd65e3/
INFO [2022-12-20 09:41:10] Reading ./results/d7fd65e3/metrics_level_1_0_non_rep.parquet ...
INFO [2022-12-20 09:41:10] Reading ./results/d7fd65e3/metrics_level_1_non_rep.parquet ...
INFO [2022-12-20 09:41:30] Writing ./results/d7fd65e3/metrics_level_1_0_non_rep_null_adjusted.parquet ...
INFO [2022-12-20 09:41:30] Writing ./results/d7fd65e3/metrics_level_1_non_rep_null_adjusted.parquet ...
DEBUG [2022-12-20 09:41:31] Rendered: input=4.correct_metrics.Rmd
DEBUG [2022-12-20 09:41:31] Rendered: strip_text=/Users/shsingh/work/repos/software/cytominer/cytomining/evalzoo/matric/results/d7fd65e3/
INFO [2022-12-20 09:41:31] Reading ./results/d7fd65e3/metrics_level_1_0_non_rep_null_adjusted.parquet ...
INFO [2022-12-20 09:41:31] Reading ./results/d7fd65e3/metrics_level_1_non_rep_null_adjusted.parquet ...
DEBUG [2022-12-20 09:41:52] Rendered: input=5.inspect_metrics.Rmd
DEBUG [2022-12-20 09:41:52] Rendered: strip_text=/Users/shsingh/work/repos/software/cytominer/cytomining/evalzoo/matric/results/d7fd65e3/
DEBUG [2022-12-20 09:41:53] Rendered: input=0.knit-notebooks.Rmd
DEBUG [2022-12-20 09:41:53] Rendered: strip_text=/Users/shsingh/work/repos/software/cytominer/cytomining/evalzoo/matric/results/d7fd65e3/
