INFO [2022-07-23 10:49:54] Logging to results/43ef7f7c/run.log...
INFO [2022-07-23 10:49:54] Loading /Users/shsingh/work/projects/2019_07_11_JUMP-CP/workspace/software/pilot-cpjump1-data/collated/2020_11_04_CPJUMP1/2020_11_04_CPJUMP1_U2OS_48_Compound_Standard_normalized_feature_select_negcon.parquet ...
INFO [2022-07-23 10:49:54] Writing results/43ef7f7c/profiles.parquet ...
INFO [2022-07-23 10:49:56] Calculating index ...
DEBUG [2022-07-23 10:49:56] Number of columns before NA filtering = 934
DEBUG [2022-07-23 10:49:56] Number of columns after NA filtering = 934
INFO [2022-07-23 10:49:57] Writing results/43ef7f7c/index.parquet ...
INFO [2022-07-23 10:49:57] Writing results/43ef7f7c/index.parquet ...
INFO [2022-07-23 10:49:57] Collate and annotate index ...
DEBUG [2022-07-23 10:49:57] sim_filter_all_same: annotating rows
DEBUG [2022-07-23 10:49:57] sim_filter_all_same: annotating rows
INFO [2022-07-23 10:49:57] Writing results/43ef7f7c/collatedindex.parquet ...
INFO [2022-07-23 10:50:00] Loading index file ...
INFO [2022-07-23 10:50:00] Populating index with similarities ...
DEBUG [2022-07-23 10:50:00] Number of columns before NA filtering = 934
DEBUG [2022-07-23 10:50:00] Number of columns after NA filtering = 934
TRACE [2022-07-23 10:50:01] Using purrr for sequential processing
INFO [2022-07-23 10:50:04] Writing results/43ef7f7c/collatedsim.parquet ...
INFO [2022-07-23 10:50:04] Computing metrics ...
TRACE [2022-07-23 10:50:04] Compute metrics for signal=rep background=ref
TRACE [2022-07-23 10:50:04] Using furrr for parallel processing
TRACE [2022-07-23 10:50:04] function (..., envir = parent.frame(), workers = 8) 
strategy(..., envir = envir, workers = workers)
TRACE [2022-07-23 10:50:04]   Number of rows = 1280
TRACE [2022-07-23 10:50:04]   Computing `sim_scaled` ...
TRACE [2022-07-23 10:50:06]   Computing `sim_ranked_relrank` ...
TRACE [2022-07-23 10:50:10]   Computing summaries ...
TRACE [2022-07-23 10:50:10]   Setting up retrieval ...
TRACE [2022-07-23 10:50:13]   Computing average precision ...
TRACE [2022-07-23 10:50:15]   Computing R-precision ...
TRACE [2022-07-23 10:50:16]   Wrapping up metrics ...
TRACE [2022-07-23 10:50:16] Completed metrics for signal=rep background=ref
INFO [2022-07-23 10:50:16] Writing results/43ef7f7c/metrics_level_1_0.parquet...
INFO [2022-07-23 10:50:16] Writing results/43ef7f7c/metrics_level_1.parquet...
INFO [2022-07-23 10:50:16] Writing indicator file results/43ef7f7c/metrics.done ...
INFO [2022-07-23 10:50:17] Reading results/43ef7f7c/metrics_level_1.parquet ...
INFO [2022-07-23 10:51:07] Reading results/test/metrics_level_1.parquet ...
