INFO [2022-12-14 14:06:18] Logging to results/4413769c/run.log...
INFO [2022-12-14 14:06:18] Loading /Users/shsingh/work/projects/2019_07_11_JUMP-CP/workspace/software/2021_Chandrasekaran_submitted/profiles/2020_11_04_CPJUMP1/BR00116991/BR00116991_normalized_feature_select_negcon_batch.csv.gz ...
INFO [2022-12-14 14:06:19] Adding a column Metadata_Plate = BR00116991 to /Users/shsingh/work/projects/2019_07_11_JUMP-CP/workspace/software/2021_Chandrasekaran_submitted/profiles/2020_11_04_CPJUMP1/BR00116991/BR00116991_normalized_feature_select_negcon_batch.csv.gz...
INFO [2022-12-14 14:06:19] Loading /Users/shsingh/work/projects/2019_07_11_JUMP-CP/workspace/software/2021_Chandrasekaran_submitted/profiles/2020_11_04_CPJUMP1/BR00116992/BR00116992_normalized_feature_select_negcon_batch.csv.gz ...
INFO [2022-12-14 14:06:20] Adding a column Metadata_Plate = BR00116992 to /Users/shsingh/work/projects/2019_07_11_JUMP-CP/workspace/software/2021_Chandrasekaran_submitted/profiles/2020_11_04_CPJUMP1/BR00116992/BR00116992_normalized_feature_select_negcon_batch.csv.gz...
INFO [2022-12-14 14:06:20] Loading /Users/shsingh/work/projects/2019_07_11_JUMP-CP/workspace/software/2021_Chandrasekaran_submitted/profiles/2020_11_04_CPJUMP1/BR00116993/BR00116993_normalized_feature_select_negcon_batch.csv.gz ...
INFO [2022-12-14 14:06:21] Adding a column Metadata_Plate = BR00116993 to /Users/shsingh/work/projects/2019_07_11_JUMP-CP/workspace/software/2021_Chandrasekaran_submitted/profiles/2020_11_04_CPJUMP1/BR00116993/BR00116993_normalized_feature_select_negcon_batch.csv.gz...
INFO [2022-12-14 14:06:21] Loading /Users/shsingh/work/projects/2019_07_11_JUMP-CP/workspace/software/2021_Chandrasekaran_submitted/profiles/2020_11_04_CPJUMP1/BR00116994/BR00116994_normalized_feature_select_negcon_batch.csv.gz ...
INFO [2022-12-14 14:06:22] Adding a column Metadata_Plate = BR00116994 to /Users/shsingh/work/projects/2019_07_11_JUMP-CP/workspace/software/2021_Chandrasekaran_submitted/profiles/2020_11_04_CPJUMP1/BR00116994/BR00116994_normalized_feature_select_negcon_batch.csv.gz...
INFO [2022-12-14 14:06:27] Reading results/892889a3/metrics_level_1_ref_null_adjusted.parquet ...
INFO [2022-12-14 14:06:27] Selecting the following column from metrics: Metadata_broad_sample
INFO [2022-12-14 14:06:27] Selecting the following column from metrics: Metadata_control_type
INFO [2022-12-14 14:06:27] Selecting the following column from metrics: Metadata_reference_or_other
INFO [2022-12-14 14:06:27] Number of rows in metrics = 306
INFO [2022-12-14 14:06:27] Number of rows in profiles_experiment_other = 320
INFO [2022-12-14 14:06:27] Number of rows in profiles_experiment_other_filtered = 288
INFO [2022-12-14 14:06:27] Number of rows in profiles_experiment = 384
INFO [2022-12-14 14:06:27] Number of rows in profiles_experiment_filtered = 352
INFO [2022-12-14 14:06:27] Number of rows in external_metadata = 307
INFO [2022-12-14 14:06:27] Number of rows in profiles_experiment before joining external metadata = 352
INFO [2022-12-14 14:06:27] Number of rows in profiles_experiment after joining external metadata = 352
INFO [2022-12-14 14:06:27] Adding dummy metadata column `Metadata_dummy` with value 0 throughout for all rows
INFO [2022-12-14 14:06:27] Splitting rows on Metadata_target_list
INFO [2022-12-14 14:06:28] Writing results/4413769c/profiles_split_mapper.csv ...
INFO [2022-12-14 14:06:28] Number of rows in profiles_experiment before splitting = 352
INFO [2022-12-14 14:06:28] Number of rows in profiles_experiment after splitting = 1509
INFO [2022-12-14 14:06:28] Writing results/4413769c/profiles.parquet ...
INFO [2022-12-14 14:06:29] Calculating index ...
INFO [2022-12-14 14:06:29] Performing all similarity calculations because `any_different_cols_non_rep` is not NULL ...
DEBUG [2022-12-14 14:06:32] Number of columns before NA filtering = 913
DEBUG [2022-12-14 14:06:32] Number of columns after NA filtering = 913
INFO [2022-12-14 14:06:32] Writing results/4413769c/index.parquet ...
INFO [2022-12-14 14:06:32] Writing results/4413769c/index.parquet ...
INFO [2022-12-14 14:06:33] Collate and annotate index ...
DEBUG [2022-12-14 14:06:33] sim_filter_all_same: inner joining rows
INFO [2022-12-14 14:06:36] Filtering collated_sim ...
INFO [2022-12-14 14:06:36] Number of rows in collated_sim before filtering = 2166001
INFO [2022-12-14 14:06:37] Number of rows in collated_sim after filtering = 437486
INFO [2022-12-14 14:06:37] Writing results/4413769c/collatedindex.parquet ...
INFO [2022-12-14 14:06:41] Loading index file ...
INFO [2022-12-14 14:06:41] Populating index with similarities ...
DEBUG [2022-12-14 14:06:42] Number of columns before NA filtering = 913
DEBUG [2022-12-14 14:06:42] Number of columns after NA filtering = 913
TRACE [2022-12-14 14:06:42] Using purrr for sequential processing
INFO [2022-12-14 14:06:48] Writing results/4413769c/collatedsim.parquet ...
INFO [2022-12-14 14:06:48] Computing metrics ...
INFO [2022-12-14 14:06:48] Calculating metrics using sim_type_background = 'ref' ...
TRACE [2022-12-14 14:06:48] Compute metrics for signal=rep background=ref
TRACE [2022-12-14 14:06:48] Using furrr for parallel processing
TRACE [2022-12-14 14:06:48] function (..., envir = parent.frame(), workers = 8) 
strategy(..., envir = envir, workers = workers)
TRACE [2022-12-14 14:06:48]   Number of rows = 1119
TRACE [2022-12-14 14:06:48]   Computing `sim_scaled` ...
TRACE [2022-12-14 14:06:48]   Computing `sim_ranked_relrank` ...
TRACE [2022-12-14 14:06:48]   Computing summaries ...
TRACE [2022-12-14 14:06:48]   Setting up retrieval ...
TRACE [2022-12-14 14:06:48]   Computing average precision ...
TRACE [2022-12-14 14:06:48]   Computing R-precision ...
TRACE [2022-12-14 14:06:48]   Wrapping up metrics ...
TRACE [2022-12-14 14:06:48] Completed metrics for signal=rep background=ref
INFO [2022-12-14 14:06:48] Calculating metrics using sim_type_background = 'non_rep' because `any_different_cols_non_rep` is not NULL ...
TRACE [2022-12-14 14:06:48] Compute metrics for signal=rep background=non_rep
TRACE [2022-12-14 14:06:48] Using furrr for parallel processing
TRACE [2022-12-14 14:06:48] function (..., envir = parent.frame(), workers = 8) 
strategy(..., envir = envir, workers = workers)
TRACE [2022-12-14 14:06:49]   Number of rows = 1119
TRACE [2022-12-14 14:06:49]   Computing `sim_scaled` ...
TRACE [2022-12-14 14:06:50]   Computing `sim_ranked_relrank` ...
TRACE [2022-12-14 14:06:55]   Computing summaries ...
TRACE [2022-12-14 14:06:55]   Setting up retrieval ...
TRACE [2022-12-14 14:06:59]   Computing average precision ...
TRACE [2022-12-14 14:07:00]   Computing R-precision ...
TRACE [2022-12-14 14:07:02]   Wrapping up metrics ...
TRACE [2022-12-14 14:07:02] Completed metrics for signal=rep background=non_rep
INFO [2022-12-14 14:07:02] Writing results/4413769c/metrics_level_1_0_ref.parquet...
INFO [2022-12-14 14:07:02] Writing results/4413769c/metrics_level_1_ref.parquet...
INFO [2022-12-14 14:07:02] Writing results/4413769c/metrics_level_1_0_non_rep.parquet...
INFO [2022-12-14 14:07:02] Writing results/4413769c/metrics_level_1_non_rep.parquet...
INFO [2022-12-14 14:07:02] Writing indicator file results/4413769c/metrics.done ...
INFO [2022-12-14 14:07:03] Reading results/4413769c/metrics_level_1_0_non_rep.parquet ...
INFO [2022-12-14 14:07:03] Reading results/4413769c/metrics_level_1_non_rep.parquet ...
INFO [2022-12-14 14:07:27] Writing results/4413769c/metrics_level_1_non_rep_null_adjusted.parquet ...
