INFO [2021-09-16 10:54:15] Logging to results/eedd3744/run.log...
INFO [2021-09-16 10:54:15] Loading https://github.com/broadinstitute/grit-benchmark/raw/main/1.calculate-metrics/cell-health/data//cell_health_merged_feature_select.csv.gz ...
INFO [2021-09-16 10:54:17] Writing results/eedd3744/profiles.parquet ...
INFO [2021-09-16 10:54:18] Calculating index ...
DEBUG [2021-09-16 10:54:18] Number of columns before NA filtering = 403
DEBUG [2021-09-16 10:54:18] Number of columns after NA filtering = 403
INFO [2021-09-16 10:54:19] Writing results/eedd3744/index.parquet ...
INFO [2021-09-16 10:54:19] Writing results/eedd3744/index.parquet ...
INFO [2021-09-16 10:54:19] Collate and annotate index ...
DEBUG [2021-09-16 10:54:19] sim_filter_all_same: annotating rows
DEBUG [2021-09-16 10:54:19] sim_filter_all_same: annotating rows
INFO [2021-09-16 10:54:19] Writing results/eedd3744/collatedindex.parquet ...
INFO [2021-09-16 10:54:23] Loading index file ...
INFO [2021-09-16 10:54:23] Populating index with similarities ...
DEBUG [2021-09-16 10:54:24] Number of columns before NA filtering = 403
DEBUG [2021-09-16 10:54:24] Number of columns after NA filtering = 403
TRACE [2021-09-16 10:54:24] Using purrr for sequential processing
INFO [2021-09-16 10:54:26] Writing results/eedd3744/collatedsim.parquet ...
INFO [2021-09-16 10:54:27] Computing metrics ...
TRACE [2021-09-16 10:54:27] Compute metrics for signal=rep background=ref
TRACE [2021-09-16 10:54:27] Using furrr for parallel processing
TRACE [2021-09-16 10:54:27] function (..., envir = parent.frame(), workers = 8) 
strategy(..., envir = envir, workers = workers)
TRACE [2021-09-16 10:54:27]   Number of rows = 2520
TRACE [2021-09-16 10:54:27]   Computing `sim_scaled` ...
TRACE [2021-09-16 10:54:27]   Computing `sim_ranked_relrank` ...
TRACE [2021-09-16 10:54:37]   Computing summaries ...
TRACE [2021-09-16 10:54:37]   Setting up retrieval ...
TRACE [2021-09-16 10:54:45]   Computing average precision ...
TRACE [2021-09-16 10:54:49]   Computing R-precision ...
TRACE [2021-09-16 10:54:52]   Wrapping up metrics ...
TRACE [2021-09-16 10:54:52] Completed metrics for signal=rep background=ref
INFO [2021-09-16 10:54:52] Writing results/eedd3744/metrics_level_1_0.parquet...
INFO [2021-09-16 10:54:52] Writing results/eedd3744/metrics_level_1.parquet...
INFO [2021-09-16 10:54:52] Writing indicator file results/eedd3744/metrics.done ...
INFO [2021-09-16 10:54:53] Reading results/eedd3744/metrics_level_1.parquet ...
