INFO [2021-09-21 06:51:01] Logging to results/34513126/run.log...
INFO [2021-09-21 06:51:01] Loading https://github.com/broadinstitute/grit-benchmark/raw/main/1.calculate-metrics/cell-health/data//cell_health_merged_feature_select.csv.gz ...
INFO [2021-09-21 06:51:04] Writing results/34513126/profiles.parquet ...
INFO [2021-09-21 06:51:04] Calculating index ...
DEBUG [2021-09-21 06:51:05] Number of columns before NA filtering = 399
DEBUG [2021-09-21 06:51:05] Number of columns after NA filtering = 399
INFO [2021-09-21 06:51:05] Writing results/34513126/index.parquet ...
INFO [2021-09-21 06:51:05] Writing results/34513126/index.parquet ...
INFO [2021-09-21 06:51:05] Collate and annotate index ...
DEBUG [2021-09-21 06:51:05] sim_filter_all_same: annotating rows
DEBUG [2021-09-21 06:51:05] sim_filter_all_same: annotating rows
INFO [2021-09-21 06:51:05] Writing results/34513126/collatedindex.parquet ...
INFO [2021-09-21 06:51:08] Loading index file ...
INFO [2021-09-21 06:51:08] Populating index with similarities ...
DEBUG [2021-09-21 06:51:08] Number of columns before NA filtering = 399
DEBUG [2021-09-21 06:51:08] Number of columns after NA filtering = 399
TRACE [2021-09-21 06:51:08] Using purrr for sequential processing
INFO [2021-09-21 06:51:09] Writing results/34513126/collatedsim.parquet ...
INFO [2021-09-21 06:51:09] Computing metrics ...
TRACE [2021-09-21 06:51:09] Compute metrics for signal=rep background=ref
TRACE [2021-09-21 06:51:09] Using furrr for parallel processing
TRACE [2021-09-21 06:51:09] function (..., envir = parent.frame(), workers = 8) 
strategy(..., envir = envir, workers = workers)
TRACE [2021-09-21 06:51:09]   Number of rows = 309
TRACE [2021-09-21 06:51:09]   Computing `sim_scaled` ...
TRACE [2021-09-21 06:51:09]   Computing `sim_ranked_relrank` ...
TRACE [2021-09-21 06:51:13]   Computing summaries ...
TRACE [2021-09-21 06:51:13]   Setting up retrieval ...
TRACE [2021-09-21 06:51:14]   Computing average precision ...
TRACE [2021-09-21 06:51:15]   Computing R-precision ...
TRACE [2021-09-21 06:51:15]   Wrapping up metrics ...
TRACE [2021-09-21 06:51:16] Completed metrics for signal=rep background=ref
INFO [2021-09-21 06:51:16] Writing results/34513126/metrics_level_1_0.parquet...
INFO [2021-09-21 06:51:16] Writing results/34513126/metrics_level_1.parquet...
INFO [2021-09-21 06:51:16] Writing indicator file results/34513126/metrics.done ...
INFO [2021-09-21 06:51:16] Reading results/34513126/metrics_level_1.parquet ...
