INFO [2022-12-18 09:04:33] Logging to results/96a712f3/run.log...
INFO [2022-12-18 09:04:33] Loading /Users/shsingh/work/projects/2019_07_11_JUMP-CP/workspace/software/pilot-cpjump1-data/collated/2020_11_04_CPJUMP1/2020_11_04_CPJUMP1_U2OS_48_Compound_Standard_normalized_feature_select_negcon.parquet ...
INFO [2022-12-18 09:04:34] Writing results/96a712f3/profiles.parquet ...
INFO [2022-12-18 09:04:37] Calculating index ...
INFO [2022-12-18 09:04:37] Reducing similarity calculations because `any_different_cols_non_rep` is NULL ...
DEBUG [2022-12-18 09:04:37] Number of columns before NA filtering = 934
DEBUG [2022-12-18 09:04:37] Number of columns after NA filtering = 934
INFO [2022-12-18 09:04:39] Writing results/96a712f3/index.parquet ...
INFO [2022-12-18 09:04:39] Writing results/96a712f3/index.parquet ...
INFO [2022-12-18 09:04:39] Collate and annotate index ...
DEBUG [2022-12-18 09:04:39] sim_filter_all_same: annotating rows
DEBUG [2022-12-18 09:04:39] sim_filter_all_same: annotating rows
INFO [2022-12-18 09:04:39] Writing results/96a712f3/collatedindex.parquet ...
INFO [2022-12-18 09:04:42] Loading index file ...
INFO [2022-12-18 09:04:42] Populating index with similarities ...
DEBUG [2022-12-18 09:04:42] Number of columns before NA filtering = 934
DEBUG [2022-12-18 09:04:42] Number of columns after NA filtering = 934
TRACE [2022-12-18 09:04:43] Using purrr for sequential processing
INFO [2022-12-18 09:04:47] Writing results/96a712f3/collatedsim.parquet ...
INFO [2022-12-18 09:04:47] Computing metrics ...
INFO [2022-12-18 09:04:47] Calculating metrics using sim_type_background = 'ref' ...
TRACE [2022-12-18 09:04:47] Compute metrics for signal=rep background=ref
TRACE [2022-12-18 09:04:47] Using furrr for parallel processing
TRACE [2022-12-18 09:04:47] function (..., envir = parent.frame(), workers = 8) 
strategy(..., envir = envir, workers = workers)
TRACE [2022-12-18 09:04:47]   Number of rows = 1280
TRACE [2022-12-18 09:04:47]   Computing `sim_scaled` ...
TRACE [2022-12-18 09:04:49]   Computing `sim_ranked_relrank` ...
TRACE [2022-12-18 09:04:54]   Computing summaries ...
TRACE [2022-12-18 09:04:55]   Setting up retrieval ...
TRACE [2022-12-18 09:04:58]   Computing average precision ...
TRACE [2022-12-18 09:05:00]   Computing R-precision ...
TRACE [2022-12-18 09:05:02]   Wrapping up metrics ...
TRACE [2022-12-18 09:05:02] Completed metrics for signal=rep background=ref
INFO [2022-12-18 09:05:02] Writing results/96a712f3/metrics_level_1_0_ref.parquet...
INFO [2022-12-18 09:05:02] Writing results/96a712f3/metrics_level_1_ref.parquet...
INFO [2022-12-18 09:05:02] Writing indicator file results/96a712f3/metrics.done ...
INFO [2022-12-18 09:05:06] Reading results/96a712f3/metrics_level_1_0_ref.parquet ...
INFO [2022-12-18 09:05:06] Reading results/96a712f3/metrics_level_1_ref.parquet ...
INFO [2022-12-18 09:05:17] Writing results/96a712f3/metrics_level_1_0_ref_null_adjusted.parquet ...
INFO [2022-12-18 09:05:17] Writing results/96a712f3/metrics_level_1_ref_null_adjusted.parquet ...
INFO [2022-12-18 09:05:19] Reading results/96a712f3/metrics_level_1_0_ref_null_adjusted.parquet ...
INFO [2022-12-18 09:05:19] Reading results/96a712f3/metrics_level_1_ref_null_adjusted.parquet ...
