INFO [2022-12-19 21:38:11] Logging to ./results/6d0fe6c5/run.log...
INFO [2022-12-19 21:38:11] Loading https://github.com/broadinstitute/grit-benchmark/raw/main/1.calculate-metrics/cell-health/data//cell_health_merged_feature_select.csv.gz ...
INFO [2022-12-19 21:38:32] Writing ./results/6d0fe6c5/profiles.parquet ...
INFO [2022-12-19 21:38:34] Calculating index ...
INFO [2022-12-19 21:38:34] Reducing similarity calculations because `any_different_cols_non_rep` is NULL ...
DEBUG [2022-12-19 21:38:34] Number of columns before NA filtering = 399
DEBUG [2022-12-19 21:38:34] Number of columns after NA filtering = 399
INFO [2022-12-19 21:38:34] Writing ./results/6d0fe6c5/index.parquet ...
INFO [2022-12-19 21:38:34] Writing ./results/6d0fe6c5/index.parquet ...
INFO [2022-12-19 21:38:34] Collate and annotate index ...
DEBUG [2022-12-19 21:38:35] sim_filter_all_same: annotating rows
DEBUG [2022-12-19 21:38:35] sim_filter_all_same: annotating rows
INFO [2022-12-19 21:38:35] Writing ./results/6d0fe6c5/collatedindex.parquet ...
INFO [2022-12-19 21:38:37] Loading index file ...
INFO [2022-12-19 21:38:37] Populating index with similarities ...
DEBUG [2022-12-19 21:38:37] Number of columns before NA filtering = 399
DEBUG [2022-12-19 21:38:37] Number of columns after NA filtering = 399
TRACE [2022-12-19 21:38:37] Using purrr for sequential processing
INFO [2022-12-19 21:38:38] Writing ./results/6d0fe6c5/collatedsim.parquet ...
INFO [2022-12-19 21:38:38] Computing metrics ...
INFO [2022-12-19 21:38:38] Calculating metrics using sim_type_background = 'ref' ...
TRACE [2022-12-19 21:38:38] Compute metrics for signal=rep background=ref
TRACE [2022-12-19 21:38:38] Using furrr for parallel processing
TRACE [2022-12-19 21:38:38] function (..., workers = 8, envir = parent.frame()) 
strategy(..., workers = workers, envir = envir)
TRACE [2022-12-19 21:38:38]   Number of rows = 309
TRACE [2022-12-19 21:38:38]   Computing `sim_scaled` ...
TRACE [2022-12-19 21:38:39]   Computing `sim_ranked_relrank` ...
TRACE [2022-12-19 21:38:44]   Computing summaries ...
TRACE [2022-12-19 21:38:45]   Setting up retrieval ...
TRACE [2022-12-19 21:38:46]   Computing average precision ...
TRACE [2022-12-19 21:38:46]   Computing R-precision ...
TRACE [2022-12-19 21:38:47]   Wrapping up metrics ...
TRACE [2022-12-19 21:38:47] Completed metrics for signal=rep background=ref
INFO [2022-12-19 21:38:48] Writing ./results/6d0fe6c5/metrics_level_1_0_ref.parquet...
INFO [2022-12-19 21:38:49] Writing ./results/6d0fe6c5/metrics_level_1_ref.parquet...
INFO [2022-12-19 21:38:50] Writing indicator file ./results/6d0fe6c5/metrics.done ...
INFO [2022-12-19 21:38:53] Reading ./results/6d0fe6c5/metrics_level_1_0_ref.parquet ...
INFO [2022-12-19 21:38:53] Reading ./results/6d0fe6c5/metrics_level_1_ref.parquet ...
INFO [2022-12-19 21:39:12] Writing ./results/6d0fe6c5/metrics_level_1_0_ref_null_adjusted.parquet ...
INFO [2022-12-19 21:39:13] Writing ./results/6d0fe6c5/metrics_level_1_ref_null_adjusted.parquet ...
INFO [2022-12-19 21:39:14] Reading ./results/6d0fe6c5/metrics_level_1_0_ref_null_adjusted.parquet ...
INFO [2022-12-19 21:39:14] Reading ./results/6d0fe6c5/metrics_level_1_ref_null_adjusted.parquet ...
