INFO [2021-09-17 06:32:52] Logging to results/6e66b597/run.log...
INFO [2021-09-17 06:32:52] Loading https://github.com/broadinstitute/grit-benchmark/raw/main/1.calculate-metrics/cell-health/data//cell_health_merged_feature_select.csv.gz ...
INFO [2021-09-17 06:32:55] Writing results/6e66b597/profiles.parquet ...
INFO [2021-09-17 06:32:55] Calculating index ...
DEBUG [2021-09-17 06:32:55] Number of columns before NA filtering = 399
DEBUG [2021-09-17 06:32:55] Number of columns after NA filtering = 399
INFO [2021-09-17 06:32:56] Writing results/6e66b597/index.parquet ...
INFO [2021-09-17 06:32:56] Writing results/6e66b597/index.parquet ...
INFO [2021-09-17 06:32:56] Collate and annotate index ...
DEBUG [2021-09-17 06:32:56] sim_filter_all_same: annotating rows
DEBUG [2021-09-17 06:32:56] sim_filter_all_same: annotating rows
INFO [2021-09-17 06:32:56] Writing results/6e66b597/collatedindex.parquet ...
INFO [2021-09-17 06:33:00] Loading index file ...
INFO [2021-09-17 06:33:00] Populating index with similarities ...
DEBUG [2021-09-17 06:33:00] Number of columns before NA filtering = 399
DEBUG [2021-09-17 06:33:00] Number of columns after NA filtering = 399
TRACE [2021-09-17 06:33:00] Using purrr for sequential processing
INFO [2021-09-17 06:33:00] Writing results/6e66b597/collatedsim.parquet ...
INFO [2021-09-17 06:33:00] Computing metrics ...
TRACE [2021-09-17 06:33:00] Compute metrics for signal=rep background=ref
TRACE [2021-09-17 06:33:00] Using furrr for parallel processing
TRACE [2021-09-17 06:33:00] function (..., envir = parent.frame(), workers = 8) 
strategy(..., envir = envir, workers = workers)
TRACE [2021-09-17 06:33:00]   Number of rows = 309
TRACE [2021-09-17 06:33:00]   Computing `sim_scaled` ...
TRACE [2021-09-17 06:33:00]   Computing `sim_ranked_relrank` ...
TRACE [2021-09-17 06:33:05]   Computing summaries ...
TRACE [2021-09-17 06:33:05]   Setting up retrieval ...
TRACE [2021-09-17 06:33:06]   Computing average precision ...
TRACE [2021-09-17 06:33:06]   Computing R-precision ...
TRACE [2021-09-17 06:33:07]   Wrapping up metrics ...
TRACE [2021-09-17 06:33:07] Completed metrics for signal=rep background=ref
INFO [2021-09-17 06:33:07] Writing results/6e66b597/metrics_level_1_0.parquet...
INFO [2021-09-17 06:33:07] Writing results/6e66b597/metrics_level_1.parquet...
INFO [2021-09-17 06:33:07] Writing indicator file results/6e66b597/metrics.done ...
INFO [2021-09-17 06:33:08] Reading results/6e66b597/metrics_level_1.parquet ...
