INFO [2022-12-19 19:25:39] Logging to results/4475c99d/run.log...
INFO [2022-12-19 19:25:40] Loading /Users/shsingh/work/projects/2019_07_11_JUMP-CP/workspace/software/2021_Chandrasekaran_submitted/profiles/2020_11_04_CPJUMP1/BR00116991/BR00116991_normalized_feature_select_negcon_batch.csv.gz ...
INFO [2022-12-19 19:25:41] Adding a column Metadata_Plate = BR00116991 to /Users/shsingh/work/projects/2019_07_11_JUMP-CP/workspace/software/2021_Chandrasekaran_submitted/profiles/2020_11_04_CPJUMP1/BR00116991/BR00116991_normalized_feature_select_negcon_batch.csv.gz...
INFO [2022-12-19 19:25:41] Loading /Users/shsingh/work/projects/2019_07_11_JUMP-CP/workspace/software/2021_Chandrasekaran_submitted/profiles/2020_11_04_CPJUMP1/BR00116992/BR00116992_normalized_feature_select_negcon_batch.csv.gz ...
INFO [2022-12-19 19:25:43] Adding a column Metadata_Plate = BR00116992 to /Users/shsingh/work/projects/2019_07_11_JUMP-CP/workspace/software/2021_Chandrasekaran_submitted/profiles/2020_11_04_CPJUMP1/BR00116992/BR00116992_normalized_feature_select_negcon_batch.csv.gz...
INFO [2022-12-19 19:25:43] Loading /Users/shsingh/work/projects/2019_07_11_JUMP-CP/workspace/software/2021_Chandrasekaran_submitted/profiles/2020_11_04_CPJUMP1/BR00116993/BR00116993_normalized_feature_select_negcon_batch.csv.gz ...
INFO [2022-12-19 19:25:44] Adding a column Metadata_Plate = BR00116993 to /Users/shsingh/work/projects/2019_07_11_JUMP-CP/workspace/software/2021_Chandrasekaran_submitted/profiles/2020_11_04_CPJUMP1/BR00116993/BR00116993_normalized_feature_select_negcon_batch.csv.gz...
INFO [2022-12-19 19:25:44] Loading /Users/shsingh/work/projects/2019_07_11_JUMP-CP/workspace/software/2021_Chandrasekaran_submitted/profiles/2020_11_04_CPJUMP1/BR00116994/BR00116994_normalized_feature_select_negcon_batch.csv.gz ...
INFO [2022-12-19 19:25:45] Adding a column Metadata_Plate = BR00116994 to /Users/shsingh/work/projects/2019_07_11_JUMP-CP/workspace/software/2021_Chandrasekaran_submitted/profiles/2020_11_04_CPJUMP1/BR00116994/BR00116994_normalized_feature_select_negcon_batch.csv.gz...
INFO [2022-12-19 19:25:49] Reading results/90ef1d9e/metrics_level_1_ref_null_adjusted.parquet ...
INFO [2022-12-19 19:25:49] Selecting the following column from metrics: Metadata_broad_sample
INFO [2022-12-19 19:25:49] Selecting the following column from metrics: Metadata_control_type
INFO [2022-12-19 19:25:49] Selecting the following column from metrics: Metadata_reference_or_other
INFO [2022-12-19 19:25:49] Number of rows in metrics = 306
INFO [2022-12-19 19:25:49] Number of rows in profiles_experiment_other = 320
INFO [2022-12-19 19:25:49] Number of rows in profiles_experiment_other_filtered = 249
INFO [2022-12-19 19:25:49] Number of rows in profiles_experiment = 384
INFO [2022-12-19 19:25:49] Number of rows in profiles_experiment_filtered = 313
INFO [2022-12-19 19:25:49] Number of rows in external_metadata = 307
INFO [2022-12-19 19:25:49] Number of rows in profiles_experiment before joining external metadata = 313
INFO [2022-12-19 19:25:49] Number of rows in profiles_experiment after joining external metadata = 313
INFO [2022-12-19 19:25:49] Adding dummy metadata column `Metadata_dummy` with value 0 throughout for all rows
INFO [2022-12-19 19:25:49] Writing results/4475c99d/profiles.parquet ...
INFO [2022-12-19 19:25:51] Calculating index ...
INFO [2022-12-19 19:25:51] Performing all similarity calculations because `any_different_cols_non_rep` is not NULL ...
DEBUG [2022-12-19 19:25:51] Number of columns before NA filtering = 910
DEBUG [2022-12-19 19:25:51] Number of columns after NA filtering = 910
INFO [2022-12-19 19:25:51] Writing results/4475c99d/index.parquet ...
INFO [2022-12-19 19:25:52] Writing results/4475c99d/index.parquet ...
INFO [2022-12-19 19:25:52] Collate and annotate index ...
DEBUG [2022-12-19 19:25:52] sim_filter_all_same: inner joining rows
INFO [2022-12-19 19:25:52] Writing results/4475c99d/collatedindex.parquet ...
INFO [2022-12-19 19:25:54] Loading index file ...
INFO [2022-12-19 19:25:55] Populating index with similarities ...
DEBUG [2022-12-19 19:25:55] Number of columns before NA filtering = 910
DEBUG [2022-12-19 19:25:55] Number of columns after NA filtering = 910
TRACE [2022-12-19 19:25:55] Using purrr for sequential processing
INFO [2022-12-19 19:25:55] Writing results/4475c99d/collatedsim.parquet ...
INFO [2022-12-19 19:25:55] Computing metrics ...
INFO [2022-12-19 19:25:55] Calculating metrics using sim_type_background = 'ref' ...
TRACE [2022-12-19 19:25:55] Compute metrics for signal=rep background=ref
TRACE [2022-12-19 19:25:55] Using furrr for parallel processing
TRACE [2022-12-19 19:25:55] function (..., workers = 8, envir = parent.frame()) 
strategy(..., workers = workers, envir = envir)
TRACE [2022-12-19 19:25:55]   Number of rows = 78
TRACE [2022-12-19 19:25:55]   Computing `sim_scaled` ...
TRACE [2022-12-19 19:25:55]   Computing `sim_ranked_relrank` ...
TRACE [2022-12-19 19:25:55]   Computing summaries ...
TRACE [2022-12-19 19:25:56]   Setting up retrieval ...
TRACE [2022-12-19 19:25:56]   Computing average precision ...
TRACE [2022-12-19 19:25:56]   Computing R-precision ...
TRACE [2022-12-19 19:25:56]   Wrapping up metrics ...
TRACE [2022-12-19 19:25:56] Completed metrics for signal=rep background=ref
INFO [2022-12-19 19:25:56] Calculating metrics using sim_type_background = 'non_rep' because `any_different_cols_non_rep` is not NULL ...
TRACE [2022-12-19 19:25:56] Compute metrics for signal=rep background=non_rep
TRACE [2022-12-19 19:25:56] Using furrr for parallel processing
TRACE [2022-12-19 19:25:56] function (..., workers = 8, envir = parent.frame()) 
strategy(..., workers = workers, envir = envir)
TRACE [2022-12-19 19:25:56]   Number of rows = 78
TRACE [2022-12-19 19:25:56]   Computing `sim_scaled` ...
TRACE [2022-12-19 19:25:57]   Computing `sim_ranked_relrank` ...
TRACE [2022-12-19 19:26:03]   Computing summaries ...
TRACE [2022-12-19 19:26:03]   Setting up retrieval ...
TRACE [2022-12-19 19:26:04]   Computing average precision ...
TRACE [2022-12-19 19:26:05]   Computing R-precision ...
TRACE [2022-12-19 19:26:05]   Wrapping up metrics ...
TRACE [2022-12-19 19:26:05] Completed metrics for signal=rep background=non_rep
INFO [2022-12-19 19:26:05] Writing results/4475c99d/metrics_level_1_0_ref.parquet...
INFO [2022-12-19 19:26:05] Writing results/4475c99d/metrics_level_1_ref.parquet...
INFO [2022-12-19 19:26:05] Writing results/4475c99d/metrics_level_1_0_non_rep.parquet...
INFO [2022-12-19 19:26:05] Writing results/4475c99d/metrics_level_1_non_rep.parquet...
INFO [2022-12-19 19:26:05] Writing indicator file results/4475c99d/metrics.done ...
INFO [2022-12-19 19:26:11] Reading results/4475c99d/metrics_level_1_0_non_rep.parquet ...
INFO [2022-12-19 19:26:11] Reading results/4475c99d/metrics_level_1_non_rep.parquet ...
INFO [2022-12-19 19:26:31] Writing results/4475c99d/metrics_level_1_0_non_rep_null_adjusted.parquet ...
INFO [2022-12-19 19:26:31] Writing results/4475c99d/metrics_level_1_non_rep_null_adjusted.parquet ...
INFO [2022-12-19 19:26:33] Reading results/4475c99d/metrics_level_1_0_non_rep_null_adjusted.parquet ...
INFO [2022-12-19 19:26:33] Reading results/4475c99d/metrics_level_1_non_rep_null_adjusted.parquet ...
