INFO [2023-03-11 21:28:35] Logging to ./results/1c5aac5b/run.log...
INFO [2023-03-11 21:28:35] Loading /Users/shsingh/work/projects/2019_07_11_JUMP-CP/workspace/software/2021_Chandrasekaran_submitted/profiles/2020_11_04_CPJUMP1/BR00116991/BR00116991_normalized_feature_select_negcon_batch.csv.gz ...
INFO [2023-03-11 21:28:37] Adding a column Metadata_Plate = BR00116991 to /Users/shsingh/work/projects/2019_07_11_JUMP-CP/workspace/software/2021_Chandrasekaran_submitted/profiles/2020_11_04_CPJUMP1/BR00116991/BR00116991_normalized_feature_select_negcon_batch.csv.gz...
INFO [2023-03-11 21:28:37] Loading /Users/shsingh/work/projects/2019_07_11_JUMP-CP/workspace/software/2021_Chandrasekaran_submitted/profiles/2020_11_04_CPJUMP1/BR00116992/BR00116992_normalized_feature_select_negcon_batch.csv.gz ...
INFO [2023-03-11 21:28:38] Adding a column Metadata_Plate = BR00116992 to /Users/shsingh/work/projects/2019_07_11_JUMP-CP/workspace/software/2021_Chandrasekaran_submitted/profiles/2020_11_04_CPJUMP1/BR00116992/BR00116992_normalized_feature_select_negcon_batch.csv.gz...
INFO [2023-03-11 21:28:38] Loading /Users/shsingh/work/projects/2019_07_11_JUMP-CP/workspace/software/2021_Chandrasekaran_submitted/profiles/2020_11_04_CPJUMP1/BR00116993/BR00116993_normalized_feature_select_negcon_batch.csv.gz ...
INFO [2023-03-11 21:28:40] Adding a column Metadata_Plate = BR00116993 to /Users/shsingh/work/projects/2019_07_11_JUMP-CP/workspace/software/2021_Chandrasekaran_submitted/profiles/2020_11_04_CPJUMP1/BR00116993/BR00116993_normalized_feature_select_negcon_batch.csv.gz...
INFO [2023-03-11 21:28:40] Loading /Users/shsingh/work/projects/2019_07_11_JUMP-CP/workspace/software/2021_Chandrasekaran_submitted/profiles/2020_11_04_CPJUMP1/BR00116994/BR00116994_normalized_feature_select_negcon_batch.csv.gz ...
INFO [2023-03-11 21:28:41] Adding a column Metadata_Plate = BR00116994 to /Users/shsingh/work/projects/2019_07_11_JUMP-CP/workspace/software/2021_Chandrasekaran_submitted/profiles/2020_11_04_CPJUMP1/BR00116994/BR00116994_normalized_feature_select_negcon_batch.csv.gz...
INFO [2023-03-11 21:28:41] Number of variables in profiles before drop_na_columns  = 904
INFO [2023-03-11 21:28:44] Number of variables in profiles after drop_na_columns  = 904
INFO [2023-03-11 21:28:44] Number of rows in profiles before drop_na_rows  = 1535
INFO [2023-03-11 21:28:46] Number of rows in profiles after drop_na_rows  = 1535
INFO [2023-03-11 21:28:47] Number of rows in external_metadata = 307
INFO [2023-03-11 21:28:47] Number of rows in profiles_experiment before joining external metadata = 1535
INFO [2023-03-11 21:28:47] Number of rows in profiles_experiment after joining external metadata = 1535
INFO [2023-03-11 21:28:47] Writing ./results/1c5aac5b/profiles.parquet ...
DEBUG [2023-03-11 21:28:49] Rendered: input=1.prepare_data.Rmd
DEBUG [2023-03-11 21:28:49] Rendered: strip_text=/Users/shsingh/work/repos/software/cytominer/cytomining/evalzoo/matric/results/1c5aac5b/
INFO [2023-03-11 21:28:49] Calculating index ...
INFO [2023-03-11 21:28:49] Reducing similarity calculations because `any_different_cols_non_rep` is NULL ...
DEBUG [2023-03-11 21:28:50] Number of columns before NA filtering = 919
DEBUG [2023-03-11 21:28:50] Number of columns after NA filtering = 919
INFO [2023-03-11 21:28:51] Writing ./results/1c5aac5b/index.parquet ...
INFO [2023-03-11 21:28:51] Writing ./results/1c5aac5b/index.parquet ...
INFO [2023-03-11 21:28:51] Collate and annotate index ...
DEBUG [2023-03-11 21:28:51] sim_filter_all_same: annotating rows
DEBUG [2023-03-11 21:28:51] sim_filter_all_same: annotating rows
INFO [2023-03-11 21:28:51] Writing ./results/1c5aac5b/collatedindex.parquet ...
DEBUG [2023-03-11 21:28:52] Rendered: input=2.calculate_index.Rmd
DEBUG [2023-03-11 21:28:52] Rendered: strip_text=/Users/shsingh/work/repos/software/cytominer/cytomining/evalzoo/matric/results/1c5aac5b/
INFO [2023-03-11 21:28:55] Loading index file ...
INFO [2023-03-11 21:28:55] Populating index with similarities ...
DEBUG [2023-03-11 21:28:56] Number of columns before NA filtering = 919
DEBUG [2023-03-11 21:28:56] Number of columns after NA filtering = 919
TRACE [2023-03-11 21:28:56] Using purrr for sequential processing
INFO [2023-03-11 21:28:59] Writing ./results/1c5aac5b/collatedsim.parquet ...
INFO [2023-03-11 21:28:59] Computing metrics ...
INFO [2023-03-11 21:28:59] Calculating metrics using sim_type_background = 'ref' ...
TRACE [2023-03-11 21:28:59] Compute metrics for signal=rep background=ref
TRACE [2023-03-11 21:28:59] Using furrr for parallel processing
TRACE [2023-03-11 21:28:59] function (..., workers = 8, envir = parent.frame()) 
strategy(..., workers = workers, envir = envir)
TRACE [2023-03-11 21:28:59]   Number of rows = 1279
TRACE [2023-03-11 21:28:59]   Computing `sim_scaled` ...
TRACE [2023-03-11 21:28:59]   Computing `sim_ranked_relrank` ...
TRACE [2023-03-11 21:29:04]   Computing summaries ...
TRACE [2023-03-11 21:29:05]   Setting up retrieval ...
TRACE [2023-03-11 21:29:10]   Computing average precision ...
TRACE [2023-03-11 21:29:12]   Computing R-precision ...
TRACE [2023-03-11 21:29:14]   Wrapping up metrics ...
TRACE [2023-03-11 21:29:14] Completed metrics for signal=rep background=ref
INFO [2023-03-11 21:30:18] Writing ./results/1c5aac5b/metrics_level_1_0_ref.parquet...
INFO [2023-03-11 21:30:18] Writing ./results/1c5aac5b/metrics_level_1_ref.parquet...
INFO [2023-03-11 21:30:18] Writing indicator file ./results/1c5aac5b/metrics.done ...
DEBUG [2023-03-11 21:30:19] Rendered: input=3.calculate_metrics.Rmd
DEBUG [2023-03-11 21:30:19] Rendered: strip_text=/Users/shsingh/work/repos/software/cytominer/cytomining/evalzoo/matric/results/1c5aac5b/
INFO [2023-03-11 21:30:19] Reading ./results/1c5aac5b/metrics_level_1_0_ref.parquet ...
INFO [2023-03-11 21:30:19] Reading ./results/1c5aac5b/metrics_level_1_ref.parquet ...
DEBUG [2023-03-11 21:30:25] Rendered: input=5.inspect_metrics.Rmd
DEBUG [2023-03-11 21:30:25] Rendered: strip_text=/Users/shsingh/work/repos/software/cytominer/cytomining/evalzoo/matric/results/1c5aac5b/
DEBUG [2023-03-11 21:30:25] Rendered: input=0.knit-notebooks.Rmd
DEBUG [2023-03-11 21:30:25] Rendered: strip_text=/Users/shsingh/work/repos/software/cytominer/cytomining/evalzoo/matric/results/1c5aac5b/
