INFO [2021-09-17 16:35:28] Logging to results/6342979c/run.log...
INFO [2021-09-17 16:35:28] Loading https://github.com/broadinstitute/grit-benchmark/raw/main/1.calculate-metrics/cell-health/data//cell_health_merged_feature_select.csv.gz ...
INFO [2021-09-17 16:35:31] Writing results/6342979c/profiles.parquet ...
INFO [2021-09-17 16:35:32] Calculating index ...
DEBUG [2021-09-17 16:35:32] Number of columns before NA filtering = 399
DEBUG [2021-09-17 16:35:32] Number of columns after NA filtering = 399
INFO [2021-09-17 16:35:33] Writing results/6342979c/index.parquet ...
INFO [2021-09-17 16:35:33] Writing results/6342979c/index.parquet ...
INFO [2021-09-17 16:35:33] Collate and annotate index ...
DEBUG [2021-09-17 16:35:33] sim_filter_all_same: annotating rows
DEBUG [2021-09-17 16:35:33] sim_filter_all_same: annotating rows
INFO [2021-09-17 16:35:33] Writing results/6342979c/collatedindex.parquet ...
INFO [2021-09-17 16:35:36] Loading index file ...
INFO [2021-09-17 16:35:36] Populating index with similarities ...
DEBUG [2021-09-17 16:35:36] Number of columns before NA filtering = 399
DEBUG [2021-09-17 16:35:36] Number of columns after NA filtering = 399
TRACE [2021-09-17 16:35:36] Using purrr for sequential processing
INFO [2021-09-17 16:35:37] Writing results/6342979c/collatedsim.parquet ...
INFO [2021-09-17 16:35:37] Computing metrics ...
TRACE [2021-09-17 16:35:37] Compute metrics for signal=rep background=ref
TRACE [2021-09-17 16:35:37] Using furrr for parallel processing
TRACE [2021-09-17 16:35:37] function (..., envir = parent.frame(), workers = 8) 
strategy(..., envir = envir, workers = workers)
TRACE [2021-09-17 16:35:37]   Number of rows = 309
TRACE [2021-09-17 16:35:37]   Computing `sim_scaled` ...
TRACE [2021-09-17 16:35:37]   Computing `sim_ranked_relrank` ...
TRACE [2021-09-17 16:35:41]   Computing summaries ...
TRACE [2021-09-17 16:35:41]   Setting up retrieval ...
TRACE [2021-09-17 16:35:43]   Computing average precision ...
TRACE [2021-09-17 16:35:43]   Computing R-precision ...
TRACE [2021-09-17 16:35:44]   Wrapping up metrics ...
TRACE [2021-09-17 16:35:44] Completed metrics for signal=rep background=ref
INFO [2021-09-17 16:35:44] Writing results/6342979c/metrics_level_1_0.parquet...
INFO [2021-09-17 16:35:44] Writing results/6342979c/metrics_level_1.parquet...
INFO [2021-09-17 16:35:44] Writing indicator file results/6342979c/metrics.done ...
INFO [2021-09-17 16:35:44] Reading results/6342979c/metrics_level_1.parquet ...
