INFO [2023-02-02 19:23:02] Logging to ./results/65c73dc7/run.log...
INFO [2023-02-02 19:23:02] Loading https://github.com/broadinstitute/grit-benchmark/raw/main/1.calculate-metrics/cell-health/data//cell_health_merged_feature_select.csv.gz ...
INFO [2023-02-02 19:23:05] Number of variables in profiles before drop_na_columns  = 395
INFO [2023-02-02 19:23:06] Number of variables in profiles after drop_na_columns  = 395
INFO [2023-02-02 19:23:06] Number of rows in profiles before drop_na_rows  = 357
INFO [2023-02-02 19:23:06] Number of rows in profiles after drop_na_rows  = 357
INFO [2023-02-02 19:23:06] n_bad_shuffle_groups = 9 (threshold = 6) ... 
INFO [2023-02-02 19:23:06] n_bad_shuffle_groups = 9 (threshold = 6) ... 
INFO [2023-02-02 19:23:07] n_bad_shuffle_groups = 10 (threshold = 6) ... 
INFO [2023-02-02 19:23:07] n_bad_shuffle_groups = 10 (threshold = 6) ... 
INFO [2023-02-02 19:23:07] n_bad_shuffle_groups = 4 (threshold = 6) ... 
INFO [2023-02-02 19:23:07] n_bad_shuffle_groups = 4
INFO [2023-02-02 19:23:07] Writing ./results/65c73dc7/profiles.parquet ...
DEBUG [2023-02-02 19:23:08] Rendered: input=1.prepare_data.Rmd
DEBUG [2023-02-02 19:23:08] Rendered: strip_text=/Users/shsingh/work/repos/software/cytominer/cytomining/evalzoo/matric/results/65c73dc7/
INFO [2023-02-02 19:23:08] Calculating index ...
INFO [2023-02-02 19:23:08] Performing all similarity calculations because `any_different_cols_non_rep` is not NULL ...
DEBUG [2023-02-02 19:23:09] Number of columns before NA filtering = 399
DEBUG [2023-02-02 19:23:09] Number of columns after NA filtering = 399
INFO [2023-02-02 19:23:09] Writing ./results/65c73dc7/index.parquet ...
INFO [2023-02-02 19:23:09] Writing ./results/65c73dc7/index.parquet ...
INFO [2023-02-02 19:23:09] Collate and annotate index ...
DEBUG [2023-02-02 19:23:09] sim_filter_all_same: annotating rows
DEBUG [2023-02-02 19:23:09] sim_filter_all_same: inner joining rows
INFO [2023-02-02 19:23:09] Writing ./results/65c73dc7/collatedindex.parquet ...
DEBUG [2023-02-02 19:23:09] Rendered: input=2.calculate_index.Rmd
DEBUG [2023-02-02 19:23:09] Rendered: strip_text=/Users/shsingh/work/repos/software/cytominer/cytomining/evalzoo/matric/results/65c73dc7/
INFO [2023-02-02 19:23:11] Loading index file ...
INFO [2023-02-02 19:23:11] Populating index with similarities ...
DEBUG [2023-02-02 19:23:11] Number of columns before NA filtering = 399
DEBUG [2023-02-02 19:23:11] Number of columns after NA filtering = 399
TRACE [2023-02-02 19:23:11] Using purrr for sequential processing
INFO [2023-02-02 19:23:12] Writing ./results/65c73dc7/collatedsim.parquet ...
INFO [2023-02-02 19:23:12] Computing metrics ...
INFO [2023-02-02 19:23:12] Calculating metrics using sim_type_background = 'ref' ...
TRACE [2023-02-02 19:23:12] Compute metrics for signal=rep background=ref
TRACE [2023-02-02 19:23:12] Using furrr for parallel processing
TRACE [2023-02-02 19:23:12] function (..., workers = 8, envir = parent.frame()) 
strategy(..., workers = workers, envir = envir)
TRACE [2023-02-02 19:23:12]   Number of rows = 309
TRACE [2023-02-02 19:23:12]   Computing `sim_scaled` ...
TRACE [2023-02-02 19:23:13]   Computing `sim_ranked_relrank` ...
TRACE [2023-02-02 19:23:19]   Computing summaries ...
TRACE [2023-02-02 19:23:19]   Setting up retrieval ...
TRACE [2023-02-02 19:23:20]   Computing average precision ...
TRACE [2023-02-02 19:23:21]   Computing R-precision ...
TRACE [2023-02-02 19:23:21]   Wrapping up metrics ...
TRACE [2023-02-02 19:23:22] Completed metrics for signal=rep background=ref
INFO [2023-02-02 19:23:22] Calculating metrics using sim_type_background = 'non_rep' because `any_different_cols_non_rep` is not NULL ...
TRACE [2023-02-02 19:23:22] Compute metrics for signal=rep background=non_rep
TRACE [2023-02-02 19:23:22] Using furrr for parallel processing
TRACE [2023-02-02 19:23:22] function (..., workers = 8, envir = parent.frame()) 
strategy(..., workers = workers, envir = envir)
TRACE [2023-02-02 19:23:22]   Number of rows = 309
TRACE [2023-02-02 19:23:22]   Computing `sim_scaled` ...
TRACE [2023-02-02 19:23:22]   Computing `sim_ranked_relrank` ...
TRACE [2023-02-02 19:23:23]   Computing summaries ...
TRACE [2023-02-02 19:23:23]   Setting up retrieval ...
TRACE [2023-02-02 19:23:24]   Computing average precision ...
TRACE [2023-02-02 19:23:24]   Computing R-precision ...
TRACE [2023-02-02 19:23:25]   Wrapping up metrics ...
TRACE [2023-02-02 19:23:25] Completed metrics for signal=rep background=non_rep
INFO [2023-02-02 19:23:25] Writing ./results/65c73dc7/metrics_level_1_0_ref.parquet...
INFO [2023-02-02 19:23:25] Writing ./results/65c73dc7/metrics_level_1_ref.parquet...
INFO [2023-02-02 19:23:25] Writing ./results/65c73dc7/metrics_level_1_0_non_rep.parquet...
INFO [2023-02-02 19:23:25] Writing ./results/65c73dc7/metrics_level_1_non_rep.parquet...
INFO [2023-02-02 19:23:25] Writing indicator file ./results/65c73dc7/metrics.done ...
DEBUG [2023-02-02 19:23:26] Rendered: input=3.calculate_metrics.Rmd
DEBUG [2023-02-02 19:23:26] Rendered: strip_text=/Users/shsingh/work/repos/software/cytominer/cytomining/evalzoo/matric/results/65c73dc7/
INFO [2023-02-02 19:23:28] Reading ./results/65c73dc7/metrics_level_1_0_non_rep.parquet ...
INFO [2023-02-02 19:23:28] Reading ./results/65c73dc7/metrics_level_1_non_rep.parquet ...
INFO [2023-02-02 19:23:49] Writing ./results/65c73dc7/metrics_level_1_0_non_rep_null_adjusted.parquet ...
INFO [2023-02-02 19:23:49] Writing ./results/65c73dc7/metrics_level_1_non_rep_null_adjusted.parquet ...
DEBUG [2023-02-02 19:23:50] Rendered: input=4.correct_metrics.Rmd
DEBUG [2023-02-02 19:23:50] Rendered: strip_text=/Users/shsingh/work/repos/software/cytominer/cytomining/evalzoo/matric/results/65c73dc7/
INFO [2023-02-02 19:23:50] Reading ./results/65c73dc7/metrics_level_1_0_non_rep_null_adjusted.parquet ...
INFO [2023-02-02 19:23:50] Reading ./results/65c73dc7/metrics_level_1_non_rep_null_adjusted.parquet ...
DEBUG [2023-02-02 19:24:04] Rendered: input=5.inspect_metrics.Rmd
DEBUG [2023-02-02 19:24:04] Rendered: strip_text=/Users/shsingh/work/repos/software/cytominer/cytomining/evalzoo/matric/results/65c73dc7/
DEBUG [2023-02-02 19:24:04] Rendered: input=0.knit-notebooks.Rmd
DEBUG [2023-02-02 19:24:04] Rendered: strip_text=/Users/shsingh/work/repos/software/cytominer/cytomining/evalzoo/matric/results/65c73dc7/
