INFO [2022-12-19 19:23:48] Logging to results/6ca2ed45/run.log...
INFO [2022-12-19 19:23:48] Loading /Users/shsingh/work/projects/2019_07_11_JUMP-CP/workspace/software/2021_Chandrasekaran_submitted/profiles/2020_11_04_CPJUMP1/BR00116991/BR00116991_normalized_feature_select_negcon_batch.csv.gz ...
INFO [2022-12-19 19:23:49] Adding a column Metadata_Plate = BR00116991 to /Users/shsingh/work/projects/2019_07_11_JUMP-CP/workspace/software/2021_Chandrasekaran_submitted/profiles/2020_11_04_CPJUMP1/BR00116991/BR00116991_normalized_feature_select_negcon_batch.csv.gz...
INFO [2022-12-19 19:23:49] Loading /Users/shsingh/work/projects/2019_07_11_JUMP-CP/workspace/software/2021_Chandrasekaran_submitted/profiles/2020_11_04_CPJUMP1/BR00116992/BR00116992_normalized_feature_select_negcon_batch.csv.gz ...
INFO [2022-12-19 19:23:50] Adding a column Metadata_Plate = BR00116992 to /Users/shsingh/work/projects/2019_07_11_JUMP-CP/workspace/software/2021_Chandrasekaran_submitted/profiles/2020_11_04_CPJUMP1/BR00116992/BR00116992_normalized_feature_select_negcon_batch.csv.gz...
INFO [2022-12-19 19:23:50] Loading /Users/shsingh/work/projects/2019_07_11_JUMP-CP/workspace/software/2021_Chandrasekaran_submitted/profiles/2020_11_04_CPJUMP1/BR00116993/BR00116993_normalized_feature_select_negcon_batch.csv.gz ...
INFO [2022-12-19 19:23:51] Adding a column Metadata_Plate = BR00116993 to /Users/shsingh/work/projects/2019_07_11_JUMP-CP/workspace/software/2021_Chandrasekaran_submitted/profiles/2020_11_04_CPJUMP1/BR00116993/BR00116993_normalized_feature_select_negcon_batch.csv.gz...
INFO [2022-12-19 19:23:51] Loading /Users/shsingh/work/projects/2019_07_11_JUMP-CP/workspace/software/2021_Chandrasekaran_submitted/profiles/2020_11_04_CPJUMP1/BR00116994/BR00116994_normalized_feature_select_negcon_batch.csv.gz ...
INFO [2022-12-19 19:23:53] Adding a column Metadata_Plate = BR00116994 to /Users/shsingh/work/projects/2019_07_11_JUMP-CP/workspace/software/2021_Chandrasekaran_submitted/profiles/2020_11_04_CPJUMP1/BR00116994/BR00116994_normalized_feature_select_negcon_batch.csv.gz...
INFO [2022-12-19 19:23:57] Reading results/90ef1d9e/metrics_level_1_ref_null_adjusted.parquet ...
INFO [2022-12-19 19:23:57] Selecting the following column from metrics: Metadata_broad_sample
INFO [2022-12-19 19:23:57] Selecting the following column from metrics: Metadata_control_type
INFO [2022-12-19 19:23:57] Selecting the following column from metrics: Metadata_reference_or_other
INFO [2022-12-19 19:23:57] Number of rows in metrics = 306
INFO [2022-12-19 19:23:57] Number of rows in profiles_experiment_other = 320
INFO [2022-12-19 19:23:57] Number of rows in profiles_experiment_other_filtered = 249
INFO [2022-12-19 19:23:57] Number of rows in profiles_experiment = 384
INFO [2022-12-19 19:23:57] Number of rows in profiles_experiment_filtered = 313
INFO [2022-12-19 19:23:57] Number of rows in external_metadata = 307
INFO [2022-12-19 19:23:57] Number of rows in profiles_experiment before joining external metadata = 313
INFO [2022-12-19 19:23:57] Number of rows in profiles_experiment after joining external metadata = 313
INFO [2022-12-19 19:23:57] Adding dummy metadata column `Metadata_dummy` with value 0 throughout for all rows
INFO [2022-12-19 19:23:57] Splitting rows on Metadata_target_list
INFO [2022-12-19 19:23:58] Writing results/6ca2ed45/profiles_split_mapper_full.csv ...
INFO [2022-12-19 19:23:58] Writing results/6ca2ed45/profiles_split_mapper_compact.csv ...
INFO [2022-12-19 19:23:58] compact_splits = TRUE
INFO [2022-12-19 19:23:58] Number of rows in profiles_experiment before splitting = 313
INFO [2022-12-19 19:23:58] Number of rows in profiles_experiment after splitting = 1313
INFO [2022-12-19 19:23:58] Writing results/6ca2ed45/profiles.parquet ...
INFO [2022-12-19 19:23:59] Calculating index ...
INFO [2022-12-19 19:23:59] Performing all similarity calculations because `any_different_cols_non_rep` is not NULL ...
DEBUG [2022-12-19 19:24:00] Number of columns before NA filtering = 913
DEBUG [2022-12-19 19:24:00] Number of columns after NA filtering = 913
INFO [2022-12-19 19:24:00] Writing results/6ca2ed45/index.parquet ...
INFO [2022-12-19 19:24:00] Writing results/6ca2ed45/index.parquet ...
INFO [2022-12-19 19:24:00] Collate and annotate index ...
DEBUG [2022-12-19 19:24:01] sim_filter_all_same: inner joining rows
INFO [2022-12-19 19:24:05] Filtering collated_sim ...
INFO [2022-12-19 19:24:05] Number of rows in collated_sim before filtering = 1626739
INFO [2022-12-19 19:24:05] Number of rows in collated_sim after filtering = 329375
INFO [2022-12-19 19:24:05] Writing results/6ca2ed45/collatedindex.parquet ...
INFO [2022-12-19 19:24:08] Loading index file ...
INFO [2022-12-19 19:24:08] Populating index with similarities ...
DEBUG [2022-12-19 19:24:09] Number of columns before NA filtering = 913
DEBUG [2022-12-19 19:24:09] Number of columns after NA filtering = 913
TRACE [2022-12-19 19:24:09] Using purrr for sequential processing
INFO [2022-12-19 19:24:14] Writing results/6ca2ed45/collatedsim.parquet ...
INFO [2022-12-19 19:24:14] Computing metrics ...
INFO [2022-12-19 19:24:14] Calculating metrics using sim_type_background = 'ref' ...
TRACE [2022-12-19 19:24:14] Compute metrics for signal=rep background=ref
TRACE [2022-12-19 19:24:14] Using furrr for parallel processing
TRACE [2022-12-19 19:24:14] function (..., workers = 8, envir = parent.frame()) 
strategy(..., workers = workers, envir = envir)
TRACE [2022-12-19 19:24:14]   Number of rows = 968
TRACE [2022-12-19 19:24:14]   Computing `sim_scaled` ...
TRACE [2022-12-19 19:24:14]   Computing `sim_ranked_relrank` ...
TRACE [2022-12-19 19:24:14]   Computing summaries ...
TRACE [2022-12-19 19:24:14]   Setting up retrieval ...
TRACE [2022-12-19 19:24:14]   Computing average precision ...
TRACE [2022-12-19 19:24:14]   Computing R-precision ...
TRACE [2022-12-19 19:24:14]   Wrapping up metrics ...
TRACE [2022-12-19 19:24:14] Completed metrics for signal=rep background=ref
INFO [2022-12-19 19:24:14] Calculating metrics using sim_type_background = 'non_rep' because `any_different_cols_non_rep` is not NULL ...
TRACE [2022-12-19 19:24:14] Compute metrics for signal=rep background=non_rep
TRACE [2022-12-19 19:24:14] Using furrr for parallel processing
TRACE [2022-12-19 19:24:14] function (..., workers = 8, envir = parent.frame()) 
strategy(..., workers = workers, envir = envir)
TRACE [2022-12-19 19:24:15]   Number of rows = 968
TRACE [2022-12-19 19:24:15]   Computing `sim_scaled` ...
TRACE [2022-12-19 19:24:18]   Computing `sim_ranked_relrank` ...
TRACE [2022-12-19 19:24:23]   Computing summaries ...
TRACE [2022-12-19 19:24:23]   Setting up retrieval ...
TRACE [2022-12-19 19:24:25]   Computing average precision ...
TRACE [2022-12-19 19:24:27]   Computing R-precision ...
TRACE [2022-12-19 19:24:29]   Wrapping up metrics ...
TRACE [2022-12-19 19:24:29] Completed metrics for signal=rep background=non_rep
INFO [2022-12-19 19:24:30] Writing results/6ca2ed45/metrics_level_1_0_ref.parquet...
INFO [2022-12-19 19:24:30] Writing results/6ca2ed45/metrics_level_1_ref.parquet...
INFO [2022-12-19 19:24:30] Writing results/6ca2ed45/metrics_level_1_0_non_rep.parquet...
INFO [2022-12-19 19:24:30] Writing results/6ca2ed45/metrics_level_1_non_rep.parquet...
INFO [2022-12-19 19:24:30] Writing indicator file results/6ca2ed45/metrics.done ...
INFO [2022-12-19 19:24:35] Reading results/6ca2ed45/metrics_level_1_0_non_rep.parquet ...
INFO [2022-12-19 19:24:35] Reading results/6ca2ed45/metrics_level_1_non_rep.parquet ...
INFO [2022-12-19 19:25:17] Writing results/6ca2ed45/metrics_level_1_0_non_rep_null_adjusted.parquet ...
INFO [2022-12-19 19:25:17] Writing results/6ca2ed45/metrics_level_1_non_rep_null_adjusted.parquet ...
INFO [2022-12-19 19:25:18] Reading results/6ca2ed45/metrics_level_1_0_non_rep_null_adjusted.parquet ...
INFO [2022-12-19 19:25:18] Reading results/6ca2ed45/metrics_level_1_non_rep_null_adjusted.parquet ...
