INFO [2022-12-17 23:34:12] Logging to results/de99e898/run.log...
INFO [2022-12-17 23:34:12] Loading /Users/shsingh/work/projects/2019_07_11_JUMP-CP/workspace/software/2021_Chandrasekaran_submitted/profiles/2020_11_04_CPJUMP1/BR00116991/BR00116991_normalized_feature_select_negcon_batch.csv.gz ...
INFO [2022-12-17 23:34:13] Adding a column Metadata_Plate = BR00116991 to /Users/shsingh/work/projects/2019_07_11_JUMP-CP/workspace/software/2021_Chandrasekaran_submitted/profiles/2020_11_04_CPJUMP1/BR00116991/BR00116991_normalized_feature_select_negcon_batch.csv.gz...
INFO [2022-12-17 23:34:13] Loading /Users/shsingh/work/projects/2019_07_11_JUMP-CP/workspace/software/2021_Chandrasekaran_submitted/profiles/2020_11_04_CPJUMP1/BR00116992/BR00116992_normalized_feature_select_negcon_batch.csv.gz ...
INFO [2022-12-17 23:34:14] Adding a column Metadata_Plate = BR00116992 to /Users/shsingh/work/projects/2019_07_11_JUMP-CP/workspace/software/2021_Chandrasekaran_submitted/profiles/2020_11_04_CPJUMP1/BR00116992/BR00116992_normalized_feature_select_negcon_batch.csv.gz...
INFO [2022-12-17 23:34:14] Loading /Users/shsingh/work/projects/2019_07_11_JUMP-CP/workspace/software/2021_Chandrasekaran_submitted/profiles/2020_11_04_CPJUMP1/BR00116993/BR00116993_normalized_feature_select_negcon_batch.csv.gz ...
INFO [2022-12-17 23:34:15] Adding a column Metadata_Plate = BR00116993 to /Users/shsingh/work/projects/2019_07_11_JUMP-CP/workspace/software/2021_Chandrasekaran_submitted/profiles/2020_11_04_CPJUMP1/BR00116993/BR00116993_normalized_feature_select_negcon_batch.csv.gz...
INFO [2022-12-17 23:34:15] Loading /Users/shsingh/work/projects/2019_07_11_JUMP-CP/workspace/software/2021_Chandrasekaran_submitted/profiles/2020_11_04_CPJUMP1/BR00116994/BR00116994_normalized_feature_select_negcon_batch.csv.gz ...
INFO [2022-12-17 23:34:15] Adding a column Metadata_Plate = BR00116994 to /Users/shsingh/work/projects/2019_07_11_JUMP-CP/workspace/software/2021_Chandrasekaran_submitted/profiles/2020_11_04_CPJUMP1/BR00116994/BR00116994_normalized_feature_select_negcon_batch.csv.gz...
INFO [2022-12-17 23:34:20] Reading results/52185d5c/metrics_level_1_ref_null_adjusted.parquet ...
INFO [2022-12-17 23:34:20] Selecting the following column from metrics: Metadata_broad_sample
INFO [2022-12-17 23:34:20] Selecting the following column from metrics: Metadata_control_type
INFO [2022-12-17 23:34:20] Selecting the following column from metrics: Metadata_reference_or_other
INFO [2022-12-17 23:34:20] Number of rows in metrics = 306
INFO [2022-12-17 23:34:20] Number of rows in profiles_experiment_other = 320
INFO [2022-12-17 23:34:20] Number of rows in profiles_experiment_other_filtered = 249
INFO [2022-12-17 23:34:20] Number of rows in profiles_experiment = 384
INFO [2022-12-17 23:34:20] Number of rows in profiles_experiment_filtered = 313
INFO [2022-12-17 23:34:20] Number of rows in external_metadata = 307
INFO [2022-12-17 23:34:20] Number of rows in profiles_experiment before joining external metadata = 313
INFO [2022-12-17 23:34:20] Number of rows in profiles_experiment after joining external metadata = 313
INFO [2022-12-17 23:34:20] Adding dummy metadata column `Metadata_dummy` with value 0 throughout for all rows
INFO [2022-12-17 23:34:20] Splitting rows on Metadata_target_list
INFO [2022-12-17 23:34:21] Writing results/de99e898/profiles_split_mapper.csv ...
INFO [2022-12-17 23:34:21] Number of rows in profiles_experiment before splitting = 313
INFO [2022-12-17 23:34:21] Number of rows in profiles_experiment after splitting = 1353
INFO [2022-12-17 23:34:21] Writing results/de99e898/profiles.parquet ...
INFO [2022-12-17 23:34:22] Calculating index ...
INFO [2022-12-17 23:34:22] Performing all similarity calculations because `any_different_cols_non_rep` is not NULL ...
DEBUG [2022-12-17 23:34:23] Number of columns before NA filtering = 913
DEBUG [2022-12-17 23:34:23] Number of columns after NA filtering = 913
INFO [2022-12-17 23:34:23] Writing results/de99e898/index.parquet ...
INFO [2022-12-17 23:34:23] Writing results/de99e898/index.parquet ...
INFO [2022-12-17 23:34:23] Collate and annotate index ...
DEBUG [2022-12-17 23:34:23] sim_filter_all_same: inner joining rows
INFO [2022-12-17 23:34:26] Filtering collated_sim ...
INFO [2022-12-17 23:34:26] Number of rows in collated_sim before filtering = 1730521
INFO [2022-12-17 23:34:27] Number of rows in collated_sim after filtering = 339341
INFO [2022-12-17 23:34:27] Writing results/de99e898/collatedindex.parquet ...
INFO [2022-12-17 23:34:29] Loading index file ...
INFO [2022-12-17 23:34:29] Populating index with similarities ...
DEBUG [2022-12-17 23:34:30] Number of columns before NA filtering = 913
DEBUG [2022-12-17 23:34:30] Number of columns after NA filtering = 913
TRACE [2022-12-17 23:34:30] Using purrr for sequential processing
INFO [2022-12-17 23:34:34] Writing results/de99e898/collatedsim.parquet ...
INFO [2022-12-17 23:34:35] Computing metrics ...
INFO [2022-12-17 23:34:35] Calculating metrics using sim_type_background = 'ref' ...
TRACE [2022-12-17 23:34:35] Compute metrics for signal=rep background=ref
TRACE [2022-12-17 23:34:35] Using furrr for parallel processing
TRACE [2022-12-17 23:34:35] function (..., envir = parent.frame(), workers = 8) 
strategy(..., envir = envir, workers = workers)
TRACE [2022-12-17 23:34:35]   Number of rows = 982
TRACE [2022-12-17 23:34:35]   Computing `sim_scaled` ...
TRACE [2022-12-17 23:34:35]   Computing `sim_ranked_relrank` ...
TRACE [2022-12-17 23:34:35]   Computing summaries ...
TRACE [2022-12-17 23:34:35]   Setting up retrieval ...
TRACE [2022-12-17 23:34:35]   Computing average precision ...
TRACE [2022-12-17 23:34:35]   Computing R-precision ...
TRACE [2022-12-17 23:34:35]   Wrapping up metrics ...
TRACE [2022-12-17 23:34:35] Completed metrics for signal=rep background=ref
INFO [2022-12-17 23:34:35] Calculating metrics using sim_type_background = 'non_rep' because `any_different_cols_non_rep` is not NULL ...
TRACE [2022-12-17 23:34:35] Compute metrics for signal=rep background=non_rep
TRACE [2022-12-17 23:34:35] Using furrr for parallel processing
TRACE [2022-12-17 23:34:35] function (..., envir = parent.frame(), workers = 8) 
strategy(..., envir = envir, workers = workers)
TRACE [2022-12-17 23:34:35]   Number of rows = 982
TRACE [2022-12-17 23:34:35]   Computing `sim_scaled` ...
TRACE [2022-12-17 23:34:36]   Computing `sim_ranked_relrank` ...
TRACE [2022-12-17 23:34:41]   Computing summaries ...
TRACE [2022-12-17 23:34:41]   Setting up retrieval ...
TRACE [2022-12-17 23:34:43]   Computing average precision ...
TRACE [2022-12-17 23:34:45]   Computing R-precision ...
TRACE [2022-12-17 23:34:46]   Wrapping up metrics ...
TRACE [2022-12-17 23:34:46] Completed metrics for signal=rep background=non_rep
INFO [2022-12-17 23:34:46] Writing results/de99e898/metrics_level_1_0_ref.parquet...
INFO [2022-12-17 23:34:46] Writing results/de99e898/metrics_level_1_ref.parquet...
INFO [2022-12-17 23:34:46] Writing results/de99e898/metrics_level_1_0_non_rep.parquet...
INFO [2022-12-17 23:34:46] Writing results/de99e898/metrics_level_1_non_rep.parquet...
INFO [2022-12-17 23:34:46] Writing indicator file results/de99e898/metrics.done ...
INFO [2022-12-17 23:34:49] Reading results/de99e898/metrics_level_1_0_non_rep.parquet ...
INFO [2022-12-17 23:34:49] Reading results/de99e898/metrics_level_1_non_rep.parquet ...
INFO [2022-12-17 23:35:06] Writing results/de99e898/metrics_level_1_0_non_rep_null_adjusted.parquet ...
INFO [2022-12-17 23:35:06] Writing results/de99e898/metrics_level_1_non_rep_null_adjusted.parquet ...
INFO [2022-12-17 23:35:07] Reading results/de99e898/metrics_level_1_0_non_rep_null_adjusted.parquet ...
INFO [2022-12-17 23:35:07] Reading results/de99e898/metrics_level_1_non_rep_null_adjusted.parquet ...
