INFO [2021-09-21 06:51:24] Logging to results/9a035574/run.log...
INFO [2021-09-21 06:51:24] Loading https://github.com/broadinstitute/grit-benchmark/raw/main/1.calculate-metrics/cell-health/data//cell_health_merged_feature_select.csv.gz ...
INFO [2021-09-21 06:51:27] n_bad_shuffle_groups = 9 (threshold = 6) ... 
INFO [2021-09-21 06:51:27] n_bad_shuffle_groups = 9 (threshold = 6) ... 
INFO [2021-09-21 06:51:27] n_bad_shuffle_groups = 10 (threshold = 6) ... 
INFO [2021-09-21 06:51:27] n_bad_shuffle_groups = 10 (threshold = 6) ... 
INFO [2021-09-21 06:51:27] n_bad_shuffle_groups = 4 (threshold = 6) ... 
INFO [2021-09-21 06:51:27] n_bad_shuffle_groups = 4
INFO [2021-09-21 06:51:27] Writing results/9a035574/profiles.parquet ...
INFO [2021-09-21 06:51:28] Calculating index ...
DEBUG [2021-09-21 06:51:28] Number of columns before NA filtering = 399
DEBUG [2021-09-21 06:51:28] Number of columns after NA filtering = 399
INFO [2021-09-21 06:51:28] Writing results/9a035574/index.parquet ...
INFO [2021-09-21 06:51:28] Writing results/9a035574/index.parquet ...
INFO [2021-09-21 06:51:28] Collate and annotate index ...
DEBUG [2021-09-21 06:51:28] sim_filter_all_same: annotating rows
DEBUG [2021-09-21 06:51:28] sim_filter_all_same: annotating rows
INFO [2021-09-21 06:51:28] Writing results/9a035574/collatedindex.parquet ...
INFO [2021-09-21 06:51:32] Loading index file ...
INFO [2021-09-21 06:51:32] Populating index with similarities ...
DEBUG [2021-09-21 06:51:32] Number of columns before NA filtering = 399
DEBUG [2021-09-21 06:51:32] Number of columns after NA filtering = 399
TRACE [2021-09-21 06:51:32] Using purrr for sequential processing
INFO [2021-09-21 06:51:33] Writing results/9a035574/collatedsim.parquet ...
INFO [2021-09-21 06:51:33] Computing metrics ...
TRACE [2021-09-21 06:51:33] Compute metrics for signal=rep background=ref
TRACE [2021-09-21 06:51:33] Using furrr for parallel processing
TRACE [2021-09-21 06:51:33] function (..., envir = parent.frame(), workers = 8) 
strategy(..., envir = envir, workers = workers)
TRACE [2021-09-21 06:51:33]   Number of rows = 309
TRACE [2021-09-21 06:51:33]   Computing `sim_scaled` ...
TRACE [2021-09-21 06:51:33]   Computing `sim_ranked_relrank` ...
TRACE [2021-09-21 06:51:37]   Computing summaries ...
TRACE [2021-09-21 06:51:37]   Setting up retrieval ...
TRACE [2021-09-21 06:51:38]   Computing average precision ...
TRACE [2021-09-21 06:51:39]   Computing R-precision ...
TRACE [2021-09-21 06:51:40]   Wrapping up metrics ...
TRACE [2021-09-21 06:51:40] Completed metrics for signal=rep background=ref
INFO [2021-09-21 06:51:40] Writing results/9a035574/metrics_level_1_0.parquet...
INFO [2021-09-21 06:51:40] Writing results/9a035574/metrics_level_1.parquet...
INFO [2021-09-21 06:51:40] Writing indicator file results/9a035574/metrics.done ...
INFO [2021-09-21 06:51:40] Reading results/9a035574/metrics_level_1.parquet ...
