INFO [2023-02-02 19:49:54] Logging to ./results/1e60182b/run.log...
INFO [2023-02-02 19:49:55] Loading /Users/shsingh/work/projects/2019_07_11_JUMP-CP/workspace/software/2021_Chandrasekaran_submitted/profiles/2020_11_04_CPJUMP1/BR00116991/BR00116991_normalized_feature_select_negcon_batch.csv.gz ...
INFO [2023-02-02 19:49:56] Adding a column Metadata_Plate = BR00116991 to /Users/shsingh/work/projects/2019_07_11_JUMP-CP/workspace/software/2021_Chandrasekaran_submitted/profiles/2020_11_04_CPJUMP1/BR00116991/BR00116991_normalized_feature_select_negcon_batch.csv.gz...
INFO [2023-02-02 19:49:56] Loading /Users/shsingh/work/projects/2019_07_11_JUMP-CP/workspace/software/2021_Chandrasekaran_submitted/profiles/2020_11_04_CPJUMP1/BR00116992/BR00116992_normalized_feature_select_negcon_batch.csv.gz ...
INFO [2023-02-02 19:49:58] Adding a column Metadata_Plate = BR00116992 to /Users/shsingh/work/projects/2019_07_11_JUMP-CP/workspace/software/2021_Chandrasekaran_submitted/profiles/2020_11_04_CPJUMP1/BR00116992/BR00116992_normalized_feature_select_negcon_batch.csv.gz...
INFO [2023-02-02 19:49:58] Loading /Users/shsingh/work/projects/2019_07_11_JUMP-CP/workspace/software/2021_Chandrasekaran_submitted/profiles/2020_11_04_CPJUMP1/BR00116993/BR00116993_normalized_feature_select_negcon_batch.csv.gz ...
INFO [2023-02-02 19:49:59] Adding a column Metadata_Plate = BR00116993 to /Users/shsingh/work/projects/2019_07_11_JUMP-CP/workspace/software/2021_Chandrasekaran_submitted/profiles/2020_11_04_CPJUMP1/BR00116993/BR00116993_normalized_feature_select_negcon_batch.csv.gz...
INFO [2023-02-02 19:49:59] Loading /Users/shsingh/work/projects/2019_07_11_JUMP-CP/workspace/software/2021_Chandrasekaran_submitted/profiles/2020_11_04_CPJUMP1/BR00116994/BR00116994_normalized_feature_select_negcon_batch.csv.gz ...
INFO [2023-02-02 19:50:01] Adding a column Metadata_Plate = BR00116994 to /Users/shsingh/work/projects/2019_07_11_JUMP-CP/workspace/software/2021_Chandrasekaran_submitted/profiles/2020_11_04_CPJUMP1/BR00116994/BR00116994_normalized_feature_select_negcon_batch.csv.gz...
INFO [2023-02-02 19:50:05] Number of variables in profiles before drop_na_columns  = 904
INFO [2023-02-02 19:50:07] Number of variables in profiles after drop_na_columns  = 904
INFO [2023-02-02 19:50:07] Number of rows in profiles before drop_na_rows  = 384
INFO [2023-02-02 19:50:08] Number of rows in profiles after drop_na_rows  = 384
INFO [2023-02-02 19:50:08] Reading results/1c5aac5b/metrics_level_1_ref_null_adjusted.parquet ...
INFO [2023-02-02 19:50:08] Selecting the following column from metrics: Metadata_broad_sample
INFO [2023-02-02 19:50:08] Selecting the following column from metrics: Metadata_control_type
INFO [2023-02-02 19:50:08] Selecting the following column from metrics: Metadata_reference_or_other
INFO [2023-02-02 19:50:08] Number of rows in metrics = 306
INFO [2023-02-02 19:50:08] Number of rows in profiles_experiment_other = 320
INFO [2023-02-02 19:50:08] Number of rows in profiles_experiment_other_filtered = 249
INFO [2023-02-02 19:50:08] Number of rows in profiles_experiment = 384
INFO [2023-02-02 19:50:08] Number of rows in profiles_experiment_filtered = 313
INFO [2023-02-02 19:50:08] Adding dummy metadata column `Metadata_dummy` with value 0 throughout for all rows
INFO [2023-02-02 19:50:08] Writing ./results/1e60182b/profiles.parquet ...
DEBUG [2023-02-02 19:50:09] Rendered: input=1.prepare_data.Rmd
DEBUG [2023-02-02 19:50:09] Rendered: strip_text=/Users/shsingh/work/repos/software/cytominer/cytomining/evalzoo/matric/results/1e60182b/
INFO [2023-02-02 19:50:09] Calculating index ...
INFO [2023-02-02 19:50:09] Performing all similarity calculations because `any_different_cols_non_rep` is not NULL ...
DEBUG [2023-02-02 19:50:10] Number of columns before NA filtering = 910
DEBUG [2023-02-02 19:50:10] Number of columns after NA filtering = 910
INFO [2023-02-02 19:50:10] Writing ./results/1e60182b/index.parquet ...
INFO [2023-02-02 19:50:10] Writing ./results/1e60182b/index.parquet ...
INFO [2023-02-02 19:50:10] Collate and annotate index ...
DEBUG [2023-02-02 19:50:10] sim_filter_all_same: inner joining rows
INFO [2023-02-02 19:50:10] Writing ./results/1e60182b/collatedindex.parquet ...
DEBUG [2023-02-02 19:50:11] Rendered: input=2.calculate_index.Rmd
DEBUG [2023-02-02 19:50:11] Rendered: strip_text=/Users/shsingh/work/repos/software/cytominer/cytomining/evalzoo/matric/results/1e60182b/
INFO [2023-02-02 19:50:13] Loading index file ...
INFO [2023-02-02 19:50:13] Populating index with similarities ...
DEBUG [2023-02-02 19:50:13] Number of columns before NA filtering = 910
DEBUG [2023-02-02 19:50:13] Number of columns after NA filtering = 910
TRACE [2023-02-02 19:50:13] Using purrr for sequential processing
INFO [2023-02-02 19:50:13] Writing ./results/1e60182b/collatedsim.parquet ...
INFO [2023-02-02 19:50:13] Computing metrics ...
INFO [2023-02-02 19:50:13] Calculating metrics using sim_type_background = 'ref' ...
TRACE [2023-02-02 19:50:13] Compute metrics for signal=rep background=ref
TRACE [2023-02-02 19:50:13] Using furrr for parallel processing
TRACE [2023-02-02 19:50:13] function (..., workers = 8, envir = parent.frame()) 
strategy(..., workers = workers, envir = envir)
TRACE [2023-02-02 19:50:13]   Number of rows = 202
TRACE [2023-02-02 19:50:13]   Computing `sim_scaled` ...
TRACE [2023-02-02 19:50:14]   Computing `sim_ranked_relrank` ...
TRACE [2023-02-02 19:50:14]   Computing summaries ...
TRACE [2023-02-02 19:50:14]   Setting up retrieval ...
TRACE [2023-02-02 19:50:14]   Computing average precision ...
TRACE [2023-02-02 19:50:14]   Computing R-precision ...
TRACE [2023-02-02 19:50:14]   Wrapping up metrics ...
TRACE [2023-02-02 19:50:14] Completed metrics for signal=rep background=ref
INFO [2023-02-02 19:50:14] Calculating metrics using sim_type_background = 'non_rep' because `any_different_cols_non_rep` is not NULL ...
TRACE [2023-02-02 19:50:14] Compute metrics for signal=rep background=non_rep
TRACE [2023-02-02 19:50:14] Using furrr for parallel processing
TRACE [2023-02-02 19:50:14] function (..., workers = 8, envir = parent.frame()) 
strategy(..., workers = workers, envir = envir)
TRACE [2023-02-02 19:50:14]   Number of rows = 202
TRACE [2023-02-02 19:50:14]   Computing `sim_scaled` ...
TRACE [2023-02-02 19:50:15]   Computing `sim_ranked_relrank` ...
TRACE [2023-02-02 19:50:20]   Computing summaries ...
TRACE [2023-02-02 19:50:20]   Setting up retrieval ...
TRACE [2023-02-02 19:50:21]   Computing average precision ...
TRACE [2023-02-02 19:50:21]   Computing R-precision ...
TRACE [2023-02-02 19:50:22]   Wrapping up metrics ...
TRACE [2023-02-02 19:50:22] Completed metrics for signal=rep background=non_rep
INFO [2023-02-02 19:50:22] Writing ./results/1e60182b/metrics_level_1_0_ref.parquet...
INFO [2023-02-02 19:50:22] Writing ./results/1e60182b/metrics_level_1_ref.parquet...
INFO [2023-02-02 19:50:22] Writing ./results/1e60182b/metrics_level_1_0_non_rep.parquet...
INFO [2023-02-02 19:50:22] Writing ./results/1e60182b/metrics_level_1_non_rep.parquet...
INFO [2023-02-02 19:50:22] Writing indicator file ./results/1e60182b/metrics.done ...
DEBUG [2023-02-02 19:50:22] Rendered: input=3.calculate_metrics.Rmd
DEBUG [2023-02-02 19:50:22] Rendered: strip_text=/Users/shsingh/work/repos/software/cytominer/cytomining/evalzoo/matric/results/1e60182b/
INFO [2023-02-02 19:50:25] Reading ./results/1e60182b/metrics_level_1_0_non_rep.parquet ...
INFO [2023-02-02 19:50:25] Reading ./results/1e60182b/metrics_level_1_non_rep.parquet ...
INFO [2023-02-02 19:50:45] Writing ./results/1e60182b/metrics_level_1_0_non_rep_null_adjusted.parquet ...
INFO [2023-02-02 19:50:45] Writing ./results/1e60182b/metrics_level_1_non_rep_null_adjusted.parquet ...
DEBUG [2023-02-02 19:50:46] Rendered: input=4.correct_metrics.Rmd
DEBUG [2023-02-02 19:50:46] Rendered: strip_text=/Users/shsingh/work/repos/software/cytominer/cytomining/evalzoo/matric/results/1e60182b/
INFO [2023-02-02 19:50:46] Reading ./results/1e60182b/metrics_level_1_0_non_rep_null_adjusted.parquet ...
INFO [2023-02-02 19:50:46] Reading ./results/1e60182b/metrics_level_1_non_rep_null_adjusted.parquet ...
DEBUG [2023-02-02 19:51:03] Rendered: input=5.inspect_metrics.Rmd
DEBUG [2023-02-02 19:51:03] Rendered: strip_text=/Users/shsingh/work/repos/software/cytominer/cytomining/evalzoo/matric/results/1e60182b/
DEBUG [2023-02-02 19:51:03] Rendered: input=0.knit-notebooks.Rmd
DEBUG [2023-02-02 19:51:03] Rendered: strip_text=/Users/shsingh/work/repos/software/cytominer/cytomining/evalzoo/matric/results/1e60182b/
