INFO [2022-12-13 11:50:04] Logging to results/54b9ccab/run.log...
INFO [2022-12-13 11:50:05] Loading /Users/shsingh/work/projects/2019_07_11_JUMP-CP/workspace/software/pilot-cpjump1-data/collated/2020_11_04_CPJUMP1/2020_11_04_CPJUMP1_U2OS_48_Compound_Standard_normalized_feature_select_negcon.parquet ...
INFO [2022-12-13 11:50:08] Reading results/43ef7f7c/metrics_level_1_null_adjusted.parquet ...
INFO [2022-12-13 11:50:09] Number of rows in metrics = 306
INFO [2022-12-13 11:50:09] Number of rows in profiles_experiment_other = 320
INFO [2022-12-13 11:50:09] Number of rows in profiles_experiment_other_filtered = 216
INFO [2022-12-13 11:50:09] Number of rows in profiles_experiment = 384
INFO [2022-12-13 11:50:09] Number of rows in profiles_experiment_filtered = 280
INFO [2022-12-13 11:50:09] Writing results/54b9ccab/profiles.parquet ...
INFO [2022-12-13 11:50:11] Calculating index ...
INFO [2022-12-13 11:50:11] Performing all similarity calculations because `all_same_cols_non_rep` is not NULL ...
DEBUG [2022-12-13 11:50:12] Number of columns before NA filtering = 917
DEBUG [2022-12-13 11:50:12] Number of columns after NA filtering = 917
INFO [2022-12-13 11:50:12] Writing results/54b9ccab/index.parquet ...
INFO [2022-12-13 11:50:12] Writing results/54b9ccab/index.parquet ...
INFO [2022-12-13 11:50:12] Collate and annotate index ...
DEBUG [2022-12-13 11:50:12] sim_filter_all_same: annotating rows
DEBUG [2022-12-13 11:50:12] sim_filter_all_same: inner joining rows
INFO [2022-12-13 11:50:12] Writing results/54b9ccab/collatedindex.parquet ...
INFO [2022-12-13 11:50:16] Loading index file ...
INFO [2022-12-13 11:50:17] Populating index with similarities ...
DEBUG [2022-12-13 11:50:17] Number of columns before NA filtering = 917
DEBUG [2022-12-13 11:50:17] Number of columns after NA filtering = 917
TRACE [2022-12-13 11:50:17] Using purrr for sequential processing
INFO [2022-12-13 11:50:18] Writing results/54b9ccab/collatedsim.parquet ...
INFO [2022-12-13 11:50:18] Computing metrics ...
INFO [2022-12-13 11:50:18] Calculating metrics using sim_type_background = 'ref' ...
TRACE [2022-12-13 11:50:18] Compute metrics for signal=rep background=ref
TRACE [2022-12-13 11:50:18] Using furrr for parallel processing
TRACE [2022-12-13 11:50:18] function (..., envir = parent.frame(), workers = 8) 
strategy(..., envir = envir, workers = workers)
TRACE [2022-12-13 11:50:18]   Number of rows = 162
TRACE [2022-12-13 11:50:18]   Computing `sim_scaled` ...
TRACE [2022-12-13 11:50:19]   Computing `sim_ranked_relrank` ...
TRACE [2022-12-13 11:50:23]   Computing summaries ...
TRACE [2022-12-13 11:50:23]   Setting up retrieval ...
TRACE [2022-12-13 11:50:24]   Computing average precision ...
TRACE [2022-12-13 11:50:25]   Computing R-precision ...
TRACE [2022-12-13 11:50:25]   Wrapping up metrics ...
TRACE [2022-12-13 11:50:26] Completed metrics for signal=rep background=ref
INFO [2022-12-13 11:50:26] Calculating metrics using sim_type_background = 'non_rep' because `all_same_cols_non_rep` is not NULL ...
TRACE [2022-12-13 11:50:26] Compute metrics for signal=rep background=non_rep
TRACE [2022-12-13 11:50:26] Using furrr for parallel processing
TRACE [2022-12-13 11:50:26] function (..., envir = parent.frame(), workers = 8) 
strategy(..., envir = envir, workers = workers)
TRACE [2022-12-13 11:50:26]   Number of rows = 162
TRACE [2022-12-13 11:50:26]   Computing `sim_scaled` ...
TRACE [2022-12-13 11:50:26]   Computing `sim_ranked_relrank` ...
TRACE [2022-12-13 11:50:27]   Computing summaries ...
TRACE [2022-12-13 11:50:27]   Setting up retrieval ...
TRACE [2022-12-13 11:50:28]   Computing average precision ...
TRACE [2022-12-13 11:50:29]   Computing R-precision ...
TRACE [2022-12-13 11:50:30]   Wrapping up metrics ...
TRACE [2022-12-13 11:50:30] Completed metrics for signal=rep background=non_rep
INFO [2022-12-13 11:50:30] Writing results/54b9ccab/metrics_level_1_0_ref.parquet...
INFO [2022-12-13 11:50:30] Writing results/54b9ccab/metrics_level_1_ref.parquet...
INFO [2022-12-13 11:50:30] Writing results/54b9ccab/metrics_level_1_0_non_rep.parquet...
INFO [2022-12-13 11:50:30] Writing results/54b9ccab/metrics_level_1_non_rep.parquet...
INFO [2022-12-13 11:50:30] Writing indicator file results/54b9ccab/metrics.done ...
INFO [2022-12-13 11:50:31] Reading results/54b9ccab/metrics_level_1_0_ref.parquet ...
INFO [2022-12-13 11:50:31] Reading results/54b9ccab/metrics_level_1_ref.parquet ...
INFO [2022-12-13 11:50:31] Compute retrieval random baseline for m = 1, n = 64
INFO [2022-12-13 11:50:42] Writing results/54b9ccab/metrics_level_1_ref_null_adjusted.parquet ...
