INFO [2022-12-17 23:37:09] Logging to results/134611d1/run.log...
INFO [2022-12-17 23:37:09] Loading /Users/shsingh/work/projects/2019_07_11_JUMP-CP/workspace/software/2021_Chandrasekaran_submitted/profiles/2020_11_04_CPJUMP1/BR00116991/BR00116991_normalized_feature_select_negcon_batch.csv.gz ...
INFO [2022-12-17 23:37:10] Adding a column Metadata_Plate = BR00116991 to /Users/shsingh/work/projects/2019_07_11_JUMP-CP/workspace/software/2021_Chandrasekaran_submitted/profiles/2020_11_04_CPJUMP1/BR00116991/BR00116991_normalized_feature_select_negcon_batch.csv.gz...
INFO [2022-12-17 23:37:10] Loading /Users/shsingh/work/projects/2019_07_11_JUMP-CP/workspace/software/2021_Chandrasekaran_submitted/profiles/2020_11_04_CPJUMP1/BR00116992/BR00116992_normalized_feature_select_negcon_batch.csv.gz ...
INFO [2022-12-17 23:37:11] Adding a column Metadata_Plate = BR00116992 to /Users/shsingh/work/projects/2019_07_11_JUMP-CP/workspace/software/2021_Chandrasekaran_submitted/profiles/2020_11_04_CPJUMP1/BR00116992/BR00116992_normalized_feature_select_negcon_batch.csv.gz...
INFO [2022-12-17 23:37:11] Loading /Users/shsingh/work/projects/2019_07_11_JUMP-CP/workspace/software/2021_Chandrasekaran_submitted/profiles/2020_11_04_CPJUMP1/BR00116993/BR00116993_normalized_feature_select_negcon_batch.csv.gz ...
INFO [2022-12-17 23:37:11] Adding a column Metadata_Plate = BR00116993 to /Users/shsingh/work/projects/2019_07_11_JUMP-CP/workspace/software/2021_Chandrasekaran_submitted/profiles/2020_11_04_CPJUMP1/BR00116993/BR00116993_normalized_feature_select_negcon_batch.csv.gz...
INFO [2022-12-17 23:37:11] Loading /Users/shsingh/work/projects/2019_07_11_JUMP-CP/workspace/software/2021_Chandrasekaran_submitted/profiles/2020_11_04_CPJUMP1/BR00116994/BR00116994_normalized_feature_select_negcon_batch.csv.gz ...
INFO [2022-12-17 23:37:12] Adding a column Metadata_Plate = BR00116994 to /Users/shsingh/work/projects/2019_07_11_JUMP-CP/workspace/software/2021_Chandrasekaran_submitted/profiles/2020_11_04_CPJUMP1/BR00116994/BR00116994_normalized_feature_select_negcon_batch.csv.gz...
INFO [2022-12-17 23:37:16] Reading results/52185d5c/metrics_level_1_ref_null_adjusted.parquet ...
INFO [2022-12-17 23:37:16] Selecting the following column from metrics: Metadata_broad_sample
INFO [2022-12-17 23:37:16] Selecting the following column from metrics: Metadata_control_type
INFO [2022-12-17 23:37:16] Selecting the following column from metrics: Metadata_reference_or_other
INFO [2022-12-17 23:37:16] Number of rows in metrics = 306
INFO [2022-12-17 23:37:16] Number of rows in profiles_experiment_other = 320
INFO [2022-12-17 23:37:16] Number of rows in profiles_experiment_other_filtered = 249
INFO [2022-12-17 23:37:16] Number of rows in profiles_experiment = 384
INFO [2022-12-17 23:37:16] Number of rows in profiles_experiment_filtered = 313
INFO [2022-12-17 23:37:16] Adding dummy metadata column `Metadata_dummy` with value 0 throughout for all rows
INFO [2022-12-17 23:37:16] Writing results/134611d1/profiles.parquet ...
INFO [2022-12-17 23:37:16] Calculating index ...
INFO [2022-12-17 23:37:16] Performing all similarity calculations because `any_different_cols_non_rep` is not NULL ...
DEBUG [2022-12-17 23:37:17] Number of columns before NA filtering = 910
DEBUG [2022-12-17 23:37:17] Number of columns after NA filtering = 910
INFO [2022-12-17 23:37:17] Writing results/134611d1/index.parquet ...
INFO [2022-12-17 23:37:17] Writing results/134611d1/index.parquet ...
INFO [2022-12-17 23:37:17] Collate and annotate index ...
DEBUG [2022-12-17 23:37:17] sim_filter_all_same: inner joining rows
INFO [2022-12-17 23:37:17] Writing results/134611d1/collatedindex.parquet ...
INFO [2022-12-17 23:37:18] Loading index file ...
INFO [2022-12-17 23:37:18] Populating index with similarities ...
DEBUG [2022-12-17 23:37:19] Number of columns before NA filtering = 910
DEBUG [2022-12-17 23:37:19] Number of columns after NA filtering = 910
TRACE [2022-12-17 23:37:19] Using purrr for sequential processing
INFO [2022-12-17 23:37:19] Writing results/134611d1/collatedsim.parquet ...
INFO [2022-12-17 23:37:19] Computing metrics ...
INFO [2022-12-17 23:37:19] Calculating metrics using sim_type_background = 'ref' ...
TRACE [2022-12-17 23:37:19] Compute metrics for signal=rep background=ref
TRACE [2022-12-17 23:37:19] Using furrr for parallel processing
TRACE [2022-12-17 23:37:19] function (..., envir = parent.frame(), workers = 8) 
strategy(..., envir = envir, workers = workers)
TRACE [2022-12-17 23:37:19]   Number of rows = 202
TRACE [2022-12-17 23:37:19]   Computing `sim_scaled` ...
TRACE [2022-12-17 23:37:19]   Computing `sim_ranked_relrank` ...
TRACE [2022-12-17 23:37:19]   Computing summaries ...
TRACE [2022-12-17 23:37:19]   Setting up retrieval ...
TRACE [2022-12-17 23:37:19]   Computing average precision ...
TRACE [2022-12-17 23:37:19]   Computing R-precision ...
TRACE [2022-12-17 23:37:19]   Wrapping up metrics ...
TRACE [2022-12-17 23:37:19] Completed metrics for signal=rep background=ref
INFO [2022-12-17 23:37:19] Calculating metrics using sim_type_background = 'non_rep' because `any_different_cols_non_rep` is not NULL ...
TRACE [2022-12-17 23:37:19] Compute metrics for signal=rep background=non_rep
TRACE [2022-12-17 23:37:19] Using furrr for parallel processing
TRACE [2022-12-17 23:37:19] function (..., envir = parent.frame(), workers = 8) 
strategy(..., envir = envir, workers = workers)
TRACE [2022-12-17 23:37:19]   Number of rows = 202
TRACE [2022-12-17 23:37:19]   Computing `sim_scaled` ...
TRACE [2022-12-17 23:37:19]   Computing `sim_ranked_relrank` ...
TRACE [2022-12-17 23:37:23]   Computing summaries ...
TRACE [2022-12-17 23:37:23]   Setting up retrieval ...
TRACE [2022-12-17 23:37:24]   Computing average precision ...
TRACE [2022-12-17 23:37:24]   Computing R-precision ...
TRACE [2022-12-17 23:37:25]   Wrapping up metrics ...
TRACE [2022-12-17 23:37:25] Completed metrics for signal=rep background=non_rep
INFO [2022-12-17 23:37:25] Writing results/134611d1/metrics_level_1_0_ref.parquet...
INFO [2022-12-17 23:37:25] Writing results/134611d1/metrics_level_1_ref.parquet...
INFO [2022-12-17 23:37:25] Writing results/134611d1/metrics_level_1_0_non_rep.parquet...
INFO [2022-12-17 23:37:25] Writing results/134611d1/metrics_level_1_non_rep.parquet...
INFO [2022-12-17 23:37:25] Writing indicator file results/134611d1/metrics.done ...
INFO [2022-12-17 23:37:28] Reading results/134611d1/metrics_level_1_0_non_rep.parquet ...
INFO [2022-12-17 23:37:28] Reading results/134611d1/metrics_level_1_non_rep.parquet ...
INFO [2022-12-17 23:37:39] Writing results/134611d1/metrics_level_1_0_non_rep_null_adjusted.parquet ...
INFO [2022-12-17 23:37:39] Writing results/134611d1/metrics_level_1_non_rep_null_adjusted.parquet ...
INFO [2022-12-17 23:37:39] Reading results/134611d1/metrics_level_1_0_non_rep_null_adjusted.parquet ...
INFO [2022-12-17 23:37:39] Reading results/134611d1/metrics_level_1_non_rep_null_adjusted.parquet ...
