INFO [2021-09-29 13:45:53] Logging to results/e4289463/run.log...
INFO [2021-09-29 13:45:53] Loading ~/Downloads//luad_dp.parquet ...
INFO [2021-09-29 13:45:55] Writing results/e4289463/profiles.parquet ...
INFO [2021-09-29 13:46:03] Calculating index ...
DEBUG [2021-09-29 13:46:09] Number of columns before NA filtering = 6409
DEBUG [2021-09-29 13:46:09] Number of columns after NA filtering = 6409
INFO [2021-09-29 13:46:11] Writing results/e4289463/index.parquet ...
INFO [2021-09-29 13:46:11] Writing results/e4289463/index.parquet ...
INFO [2021-09-29 13:46:11] Collate and annotate index ...
DEBUG [2021-09-29 13:46:11] sim_filter_all_same: annotating rows
DEBUG [2021-09-29 13:46:13] sim_filter_all_same: annotating rows
INFO [2021-09-29 13:46:13] Writing results/e4289463/collatedindex.parquet ...
INFO [2021-09-29 13:46:20] Loading index file ...
INFO [2021-09-29 13:46:20] Populating index with similarities ...
DEBUG [2021-09-29 13:46:25] Number of columns before NA filtering = 6409
DEBUG [2021-09-29 13:46:25] Number of columns after NA filtering = 6409
TRACE [2021-09-29 13:46:32] Using purrr for sequential processing
INFO [2021-09-29 13:46:59] Writing results/e4289463/collatedsim.parquet ...
INFO [2021-09-29 13:47:01] Computing metrics ...
TRACE [2021-09-29 13:47:01] Compute metrics for signal=rep background=ref
TRACE [2021-09-29 13:47:01] Using furrr for parallel processing
TRACE [2021-09-29 13:47:01] function (..., envir = parent.frame(), workers = 8) 
strategy(..., envir = envir, workers = workers)
TRACE [2021-09-29 13:47:02]   Number of rows = 5312
TRACE [2021-09-29 13:47:02]   Computing `sim_scaled` ...
TRACE [2021-09-29 13:47:08]   Computing `sim_ranked_relrank` ...
TRACE [2021-09-29 13:47:26]   Computing summaries ...
TRACE [2021-09-29 13:47:27]   Setting up retrieval ...
TRACE [2021-09-29 13:47:41]   Computing average precision ...
TRACE [2021-09-29 13:47:48]   Computing R-precision ...
TRACE [2021-09-29 13:47:53]   Wrapping up metrics ...
TRACE [2021-09-29 13:47:53] Completed metrics for signal=rep background=ref
INFO [2021-09-29 13:47:54] Writing results/e4289463/metrics_level_1_0.parquet...
INFO [2021-09-29 13:47:54] Writing results/e4289463/metrics_level_1.parquet...
INFO [2021-09-29 13:47:54] Writing indicator file results/e4289463/metrics.done ...
INFO [2021-09-29 13:47:54] Reading results/e4289463/metrics_level_1.parquet ...
