INFO [2023-02-02 19:48:49] Logging to ./results/132ca75c/run.log...
INFO [2023-02-02 19:48:49] Loading /Users/shsingh/work/projects/2019_07_11_JUMP-CP/workspace/software/2021_Chandrasekaran_submitted/profiles/2020_11_04_CPJUMP1/BR00116991/BR00116991_normalized_feature_select_negcon_batch.csv.gz ...
INFO [2023-02-02 19:48:51] Adding a column Metadata_Plate = BR00116991 to /Users/shsingh/work/projects/2019_07_11_JUMP-CP/workspace/software/2021_Chandrasekaran_submitted/profiles/2020_11_04_CPJUMP1/BR00116991/BR00116991_normalized_feature_select_negcon_batch.csv.gz...
INFO [2023-02-02 19:48:51] Loading /Users/shsingh/work/projects/2019_07_11_JUMP-CP/workspace/software/2021_Chandrasekaran_submitted/profiles/2020_11_04_CPJUMP1/BR00116992/BR00116992_normalized_feature_select_negcon_batch.csv.gz ...
INFO [2023-02-02 19:48:52] Adding a column Metadata_Plate = BR00116992 to /Users/shsingh/work/projects/2019_07_11_JUMP-CP/workspace/software/2021_Chandrasekaran_submitted/profiles/2020_11_04_CPJUMP1/BR00116992/BR00116992_normalized_feature_select_negcon_batch.csv.gz...
INFO [2023-02-02 19:48:52] Loading /Users/shsingh/work/projects/2019_07_11_JUMP-CP/workspace/software/2021_Chandrasekaran_submitted/profiles/2020_11_04_CPJUMP1/BR00116993/BR00116993_normalized_feature_select_negcon_batch.csv.gz ...
INFO [2023-02-02 19:48:54] Adding a column Metadata_Plate = BR00116993 to /Users/shsingh/work/projects/2019_07_11_JUMP-CP/workspace/software/2021_Chandrasekaran_submitted/profiles/2020_11_04_CPJUMP1/BR00116993/BR00116993_normalized_feature_select_negcon_batch.csv.gz...
INFO [2023-02-02 19:48:54] Loading /Users/shsingh/work/projects/2019_07_11_JUMP-CP/workspace/software/2021_Chandrasekaran_submitted/profiles/2020_11_04_CPJUMP1/BR00116994/BR00116994_normalized_feature_select_negcon_batch.csv.gz ...
INFO [2023-02-02 19:48:55] Adding a column Metadata_Plate = BR00116994 to /Users/shsingh/work/projects/2019_07_11_JUMP-CP/workspace/software/2021_Chandrasekaran_submitted/profiles/2020_11_04_CPJUMP1/BR00116994/BR00116994_normalized_feature_select_negcon_batch.csv.gz...
INFO [2023-02-02 19:48:59] Number of variables in profiles before drop_na_columns  = 904
INFO [2023-02-02 19:49:02] Number of variables in profiles after drop_na_columns  = 904
INFO [2023-02-02 19:49:02] Number of rows in profiles before drop_na_rows  = 384
INFO [2023-02-02 19:49:02] Number of rows in profiles after drop_na_rows  = 384
INFO [2023-02-02 19:49:02] Reading results/1c5aac5b/metrics_level_1_ref_null_adjusted.parquet ...
INFO [2023-02-02 19:49:03] Selecting the following column from metrics: Metadata_broad_sample
INFO [2023-02-02 19:49:03] Selecting the following column from metrics: Metadata_control_type
INFO [2023-02-02 19:49:03] Selecting the following column from metrics: Metadata_reference_or_other
INFO [2023-02-02 19:49:03] Number of rows in metrics = 306
INFO [2023-02-02 19:49:03] Number of rows in profiles_experiment_other = 320
INFO [2023-02-02 19:49:03] Number of rows in profiles_experiment_other_filtered = 249
INFO [2023-02-02 19:49:03] Number of rows in profiles_experiment = 384
INFO [2023-02-02 19:49:03] Number of rows in profiles_experiment_filtered = 313
INFO [2023-02-02 19:49:03] Number of rows in external_metadata = 307
INFO [2023-02-02 19:49:03] Number of rows in profiles_experiment before joining external metadata = 313
INFO [2023-02-02 19:49:03] Number of rows in profiles_experiment after joining external metadata = 313
INFO [2023-02-02 19:49:03] Adding dummy metadata column `Metadata_dummy` with value 0 throughout for all rows
INFO [2023-02-02 19:49:03] Writing ./results/132ca75c/profiles.parquet ...
DEBUG [2023-02-02 19:49:04] Rendered: input=1.prepare_data.Rmd
DEBUG [2023-02-02 19:49:04] Rendered: strip_text=/Users/shsingh/work/repos/software/cytominer/cytomining/evalzoo/matric/results/132ca75c/
INFO [2023-02-02 19:49:05] Calculating index ...
INFO [2023-02-02 19:49:05] Performing all similarity calculations because `any_different_cols_non_rep` is not NULL ...
DEBUG [2023-02-02 19:49:05] Number of columns before NA filtering = 910
DEBUG [2023-02-02 19:49:05] Number of columns after NA filtering = 910
INFO [2023-02-02 19:49:05] Writing ./results/132ca75c/index.parquet ...
INFO [2023-02-02 19:49:05] Writing ./results/132ca75c/index.parquet ...
INFO [2023-02-02 19:49:05] Collate and annotate index ...
DEBUG [2023-02-02 19:49:06] sim_filter_all_same: inner joining rows
INFO [2023-02-02 19:49:06] Writing ./results/132ca75c/collatedindex.parquet ...
DEBUG [2023-02-02 19:49:06] Rendered: input=2.calculate_index.Rmd
DEBUG [2023-02-02 19:49:06] Rendered: strip_text=/Users/shsingh/work/repos/software/cytominer/cytomining/evalzoo/matric/results/132ca75c/
INFO [2023-02-02 19:49:08] Loading index file ...
INFO [2023-02-02 19:49:08] Populating index with similarities ...
DEBUG [2023-02-02 19:49:08] Number of columns before NA filtering = 910
DEBUG [2023-02-02 19:49:08] Number of columns after NA filtering = 910
TRACE [2023-02-02 19:49:08] Using purrr for sequential processing
INFO [2023-02-02 19:49:09] Writing ./results/132ca75c/collatedsim.parquet ...
INFO [2023-02-02 19:49:09] Computing metrics ...
INFO [2023-02-02 19:49:09] Calculating metrics using sim_type_background = 'ref' ...
TRACE [2023-02-02 19:49:09] Compute metrics for signal=rep background=ref
TRACE [2023-02-02 19:49:09] Using furrr for parallel processing
TRACE [2023-02-02 19:49:09] function (..., workers = 8, envir = parent.frame()) 
strategy(..., workers = workers, envir = envir)
TRACE [2023-02-02 19:49:09]   Number of rows = 78
TRACE [2023-02-02 19:49:09]   Computing `sim_scaled` ...
TRACE [2023-02-02 19:49:09]   Computing `sim_ranked_relrank` ...
TRACE [2023-02-02 19:49:09]   Computing summaries ...
TRACE [2023-02-02 19:49:09]   Setting up retrieval ...
TRACE [2023-02-02 19:49:09]   Computing average precision ...
TRACE [2023-02-02 19:49:09]   Computing R-precision ...
TRACE [2023-02-02 19:49:09]   Wrapping up metrics ...
TRACE [2023-02-02 19:49:09] Completed metrics for signal=rep background=ref
INFO [2023-02-02 19:49:09] Calculating metrics using sim_type_background = 'non_rep' because `any_different_cols_non_rep` is not NULL ...
TRACE [2023-02-02 19:49:09] Compute metrics for signal=rep background=non_rep
TRACE [2023-02-02 19:49:09] Using furrr for parallel processing
TRACE [2023-02-02 19:49:09] function (..., workers = 8, envir = parent.frame()) 
strategy(..., workers = workers, envir = envir)
TRACE [2023-02-02 19:49:09]   Number of rows = 78
TRACE [2023-02-02 19:49:09]   Computing `sim_scaled` ...
TRACE [2023-02-02 19:49:10]   Computing `sim_ranked_relrank` ...
TRACE [2023-02-02 19:49:15]   Computing summaries ...
TRACE [2023-02-02 19:49:15]   Setting up retrieval ...
TRACE [2023-02-02 19:49:15]   Computing average precision ...
TRACE [2023-02-02 19:49:16]   Computing R-precision ...
TRACE [2023-02-02 19:49:16]   Wrapping up metrics ...
TRACE [2023-02-02 19:49:16] Completed metrics for signal=rep background=non_rep
INFO [2023-02-02 19:49:16] Writing ./results/132ca75c/metrics_level_1_0_ref.parquet...
INFO [2023-02-02 19:49:16] Writing ./results/132ca75c/metrics_level_1_ref.parquet...
INFO [2023-02-02 19:49:16] Writing ./results/132ca75c/metrics_level_1_0_non_rep.parquet...
INFO [2023-02-02 19:49:16] Writing ./results/132ca75c/metrics_level_1_non_rep.parquet...
INFO [2023-02-02 19:49:16] Writing indicator file ./results/132ca75c/metrics.done ...
DEBUG [2023-02-02 19:49:16] Rendered: input=3.calculate_metrics.Rmd
DEBUG [2023-02-02 19:49:16] Rendered: strip_text=/Users/shsingh/work/repos/software/cytominer/cytomining/evalzoo/matric/results/132ca75c/
INFO [2023-02-02 19:49:19] Reading ./results/132ca75c/metrics_level_1_0_non_rep.parquet ...
INFO [2023-02-02 19:49:19] Reading ./results/132ca75c/metrics_level_1_non_rep.parquet ...
INFO [2023-02-02 19:49:37] Writing ./results/132ca75c/metrics_level_1_0_non_rep_null_adjusted.parquet ...
INFO [2023-02-02 19:49:37] Writing ./results/132ca75c/metrics_level_1_non_rep_null_adjusted.parquet ...
DEBUG [2023-02-02 19:49:37] Rendered: input=4.correct_metrics.Rmd
DEBUG [2023-02-02 19:49:37] Rendered: strip_text=/Users/shsingh/work/repos/software/cytominer/cytomining/evalzoo/matric/results/132ca75c/
INFO [2023-02-02 19:49:37] Reading ./results/132ca75c/metrics_level_1_0_non_rep_null_adjusted.parquet ...
INFO [2023-02-02 19:49:37] Reading ./results/132ca75c/metrics_level_1_non_rep_null_adjusted.parquet ...
DEBUG [2023-02-02 19:49:54] Rendered: input=5.inspect_metrics.Rmd
DEBUG [2023-02-02 19:49:54] Rendered: strip_text=/Users/shsingh/work/repos/software/cytominer/cytomining/evalzoo/matric/results/132ca75c/
DEBUG [2023-02-02 19:49:54] Rendered: input=0.knit-notebooks.Rmd
DEBUG [2023-02-02 19:49:54] Rendered: strip_text=/Users/shsingh/work/repos/software/cytominer/cytomining/evalzoo/matric/results/132ca75c/
