INFO [2021-09-16 17:46:37] Logging to results/957845b2/run.log...
INFO [2021-09-16 17:46:37] Loading https://github.com/broadinstitute/grit-benchmark/raw/main/1.calculate-metrics/cell-health/data//cell_health_merged_feature_select.csv.gz ...
INFO [2021-09-16 17:46:40] Writing results/957845b2/profiles.parquet ...
INFO [2021-09-16 17:46:40] Calculating index ...
DEBUG [2021-09-16 17:46:41] Number of columns before NA filtering = 399
DEBUG [2021-09-16 17:46:41] Number of columns after NA filtering = 399
INFO [2021-09-16 17:46:41] Writing results/957845b2/index.parquet ...
INFO [2021-09-16 17:46:41] Writing results/957845b2/index.parquet ...
INFO [2021-09-16 17:46:41] Collate and annotate index ...
DEBUG [2021-09-16 17:46:41] sim_filter_all_same: annotating rows
DEBUG [2021-09-16 17:46:41] sim_filter_all_same: annotating rows
INFO [2021-09-16 17:46:41] Writing results/957845b2/collatedindex.parquet ...
INFO [2021-09-16 17:46:44] Loading index file ...
INFO [2021-09-16 17:46:44] Populating index with similarities ...
DEBUG [2021-09-16 17:46:44] Number of columns before NA filtering = 399
DEBUG [2021-09-16 17:46:44] Number of columns after NA filtering = 399
TRACE [2021-09-16 17:46:44] Using purrr for sequential processing
INFO [2021-09-16 17:46:45] Writing results/957845b2/collatedsim.parquet ...
INFO [2021-09-16 17:46:45] Computing metrics ...
TRACE [2021-09-16 17:46:45] Compute metrics for signal=rep background=ref
TRACE [2021-09-16 17:46:45] Using furrr for parallel processing
TRACE [2021-09-16 17:46:45] function (..., envir = parent.frame(), workers = 8) 
strategy(..., envir = envir, workers = workers)
TRACE [2021-09-16 17:46:45]   Number of rows = 309
TRACE [2021-09-16 17:46:45]   Computing `sim_scaled` ...
TRACE [2021-09-16 17:46:45]   Computing `sim_ranked_relrank` ...
TRACE [2021-09-16 17:46:49]   Computing summaries ...
TRACE [2021-09-16 17:46:49]   Setting up retrieval ...
TRACE [2021-09-16 17:46:50]   Computing average precision ...
TRACE [2021-09-16 17:46:51]   Computing R-precision ...
TRACE [2021-09-16 17:46:51]   Wrapping up metrics ...
TRACE [2021-09-16 17:46:51] Completed metrics for signal=rep background=ref
INFO [2021-09-16 17:46:51] Writing results/957845b2/metrics_level_1_0.parquet...
INFO [2021-09-16 17:46:51] Writing results/957845b2/metrics_level_1.parquet...
INFO [2021-09-16 17:46:51] Writing indicator file results/957845b2/metrics.done ...
INFO [2021-09-16 17:46:51] Reading results/957845b2/metrics_level_1.parquet ...
