INFO [2022-12-13 13:53:00] Logging to results/b81b14e5/run.log...
INFO [2022-12-13 13:53:00] Loading /Users/shsingh/work/projects/2019_07_11_JUMP-CP/workspace/software/pilot-cpjump1-data/collated/2020_11_04_CPJUMP1/2020_11_04_CPJUMP1_U2OS_48_Compound_Standard_normalized_feature_select_negcon.parquet ...
INFO [2022-12-13 13:53:01] Writing results/b81b14e5/profiles.parquet ...
INFO [2022-12-13 13:53:04] Calculating index ...
INFO [2022-12-13 13:53:04] Reducing similarity calculations because `all_same_cols_non_rep` is NULL ...
DEBUG [2022-12-13 13:53:04] Number of columns before NA filtering = 934
DEBUG [2022-12-13 13:53:04] Number of columns after NA filtering = 934
INFO [2022-12-13 13:53:06] Writing results/b81b14e5/index.parquet ...
INFO [2022-12-13 13:53:06] Writing results/b81b14e5/index.parquet ...
INFO [2022-12-13 13:53:06] Collate and annotate index ...
DEBUG [2022-12-13 13:53:06] sim_filter_all_same: annotating rows
DEBUG [2022-12-13 13:53:07] sim_filter_all_same: annotating rows
INFO [2022-12-13 13:53:07] Writing results/b81b14e5/collatedindex.parquet ...
INFO [2022-12-13 13:53:11] Loading index file ...
INFO [2022-12-13 13:53:11] Populating index with similarities ...
DEBUG [2022-12-13 13:53:13] Number of columns before NA filtering = 934
DEBUG [2022-12-13 13:53:13] Number of columns after NA filtering = 934
TRACE [2022-12-13 13:53:13] Using purrr for sequential processing
INFO [2022-12-13 13:53:18] Writing results/b81b14e5/collatedsim.parquet ...
INFO [2022-12-13 13:53:19] Computing metrics ...
INFO [2022-12-13 13:53:19] Calculating metrics using sim_type_background = 'ref' ...
TRACE [2022-12-13 13:53:19] Compute metrics for signal=rep background=ref
TRACE [2022-12-13 13:53:19] Using furrr for parallel processing
TRACE [2022-12-13 13:53:19] function (..., envir = parent.frame(), workers = 8) 
strategy(..., envir = envir, workers = workers)
TRACE [2022-12-13 13:53:19]   Number of rows = 1280
TRACE [2022-12-13 13:53:19]   Computing `sim_scaled` ...
TRACE [2022-12-13 13:53:22]   Computing `sim_ranked_relrank` ...
TRACE [2022-12-13 13:53:29]   Computing summaries ...
TRACE [2022-12-13 13:53:30]   Setting up retrieval ...
TRACE [2022-12-13 13:53:34]   Computing average precision ...
TRACE [2022-12-13 13:53:37]   Computing R-precision ...
TRACE [2022-12-13 13:53:39]   Wrapping up metrics ...
TRACE [2022-12-13 13:53:39] Completed metrics for signal=rep background=ref
INFO [2022-12-13 13:53:39] Writing results/b81b14e5/metrics_level_1_0_ref.parquet...
INFO [2022-12-13 13:53:39] Writing results/b81b14e5/metrics_level_1_ref.parquet...
INFO [2022-12-13 13:53:39] Writing indicator file results/b81b14e5/metrics.done ...
INFO [2022-12-13 13:53:41] Reading results/b81b14e5/metrics_level_1_0_ref.parquet ...
INFO [2022-12-13 13:53:41] Reading results/b81b14e5/metrics_level_1_ref.parquet ...
INFO [2022-12-13 13:53:41] Compute retrieval random baseline for m = 3, n = 64
INFO [2022-12-13 13:53:57] Compute retrieval random baseline for m = 7, n = 64
INFO [2022-12-13 13:54:16] Writing results/b81b14e5/metrics_level_1_ref_null_adjusted.parquet ...
