INFO [2023-03-11 22:25:52] Logging to ./results/41972036/run.log...
INFO [2023-03-11 22:25:52] Loading /Users/shsingh/work/projects/2019_07_11_JUMP-CP/workspace/software/2021_Chandrasekaran_submitted/profiles/2020_11_04_CPJUMP1/BR00116991/BR00116991_normalized_feature_select_negcon_batch.csv.gz ...
INFO [2023-03-11 22:25:54] Adding a column Metadata_Plate = BR00116991 to /Users/shsingh/work/projects/2019_07_11_JUMP-CP/workspace/software/2021_Chandrasekaran_submitted/profiles/2020_11_04_CPJUMP1/BR00116991/BR00116991_normalized_feature_select_negcon_batch.csv.gz...
INFO [2023-03-11 22:25:54] Loading /Users/shsingh/work/projects/2019_07_11_JUMP-CP/workspace/software/2021_Chandrasekaran_submitted/profiles/2020_11_04_CPJUMP1/BR00116992/BR00116992_normalized_feature_select_negcon_batch.csv.gz ...
INFO [2023-03-11 22:25:55] Adding a column Metadata_Plate = BR00116992 to /Users/shsingh/work/projects/2019_07_11_JUMP-CP/workspace/software/2021_Chandrasekaran_submitted/profiles/2020_11_04_CPJUMP1/BR00116992/BR00116992_normalized_feature_select_negcon_batch.csv.gz...
INFO [2023-03-11 22:25:55] Loading /Users/shsingh/work/projects/2019_07_11_JUMP-CP/workspace/software/2021_Chandrasekaran_submitted/profiles/2020_11_04_CPJUMP1/BR00116993/BR00116993_normalized_feature_select_negcon_batch.csv.gz ...
INFO [2023-03-11 22:25:56] Adding a column Metadata_Plate = BR00116993 to /Users/shsingh/work/projects/2019_07_11_JUMP-CP/workspace/software/2021_Chandrasekaran_submitted/profiles/2020_11_04_CPJUMP1/BR00116993/BR00116993_normalized_feature_select_negcon_batch.csv.gz...
INFO [2023-03-11 22:25:56] Loading /Users/shsingh/work/projects/2019_07_11_JUMP-CP/workspace/software/2021_Chandrasekaran_submitted/profiles/2020_11_04_CPJUMP1/BR00116994/BR00116994_normalized_feature_select_negcon_batch.csv.gz ...
INFO [2023-03-11 22:25:58] Adding a column Metadata_Plate = BR00116994 to /Users/shsingh/work/projects/2019_07_11_JUMP-CP/workspace/software/2021_Chandrasekaran_submitted/profiles/2020_11_04_CPJUMP1/BR00116994/BR00116994_normalized_feature_select_negcon_batch.csv.gz...
INFO [2023-03-11 22:26:01] Number of variables in profiles before drop_na_columns  = 904
INFO [2023-03-11 22:26:04] Number of variables in profiles after drop_na_columns  = 904
INFO [2023-03-11 22:26:04] Number of rows in profiles before drop_na_rows  = 384
INFO [2023-03-11 22:26:04] Number of rows in profiles after drop_na_rows  = 384
INFO [2023-03-11 22:26:04] Number of rows in external_metadata = 307
INFO [2023-03-11 22:26:04] Number of rows in profiles_experiment before joining external metadata = 384
INFO [2023-03-11 22:26:04] Number of rows in profiles_experiment after joining external metadata = 384
INFO [2023-03-11 22:26:04] Adding dummy metadata column `Metadata_dummy` with value 0 throughout for all rows
INFO [2023-03-11 22:26:04] Splitting rows on Metadata_target_list
INFO [2023-03-11 22:26:05] Writing ./results/41972036/profiles_split_mapper_full.csv ...
INFO [2023-03-11 22:26:05] compact_splits = TRUE
INFO [2023-03-11 22:26:05] Writing ./results/41972036/profiles_split_mapper_compact.csv ...
INFO [2023-03-11 22:26:05] Number of rows in profiles_experiment before splitting = 384
INFO [2023-03-11 22:26:05] Number of rows in profiles_experiment after splitting = 1115
INFO [2023-03-11 22:26:05] Writing ./results/41972036/profiles.parquet ...
DEBUG [2023-03-11 22:26:06] Rendered: input=1.prepare_data.Rmd
DEBUG [2023-03-11 22:26:06] Rendered: strip_text=/Users/shsingh/work/repos/software/cytominer/cytomining/evalzoo/matric/results/41972036/
INFO [2023-03-11 22:26:06] Calculating index ...
INFO [2023-03-11 22:26:06] Performing all similarity calculations because `any_different_cols_non_rep` is not NULL ...
DEBUG [2023-03-11 22:26:07] Number of columns before NA filtering = 913
DEBUG [2023-03-11 22:26:07] Number of columns after NA filtering = 913
INFO [2023-03-11 22:26:07] Writing ./results/41972036/index.parquet ...
INFO [2023-03-11 22:26:07] Writing ./results/41972036/index.parquet ...
INFO [2023-03-11 22:26:07] Collate and annotate index ...
DEBUG [2023-03-11 22:26:07] sim_filter_all_same: inner joining rows
INFO [2023-03-11 22:26:09] Filtering collated_sim ...
INFO [2023-03-11 22:26:09] Number of rows in collated_sim before filtering = 1165617
INFO [2023-03-11 22:26:09] Number of rows in collated_sim after filtering = 358968
INFO [2023-03-11 22:26:09] Writing ./results/41972036/collatedindex.parquet ...
DEBUG [2023-03-11 22:26:09] Rendered: input=2.calculate_index.Rmd
DEBUG [2023-03-11 22:26:09] Rendered: strip_text=/Users/shsingh/work/repos/software/cytominer/cytomining/evalzoo/matric/results/41972036/
INFO [2023-03-11 22:26:11] Loading index file ...
INFO [2023-03-11 22:26:11] Populating index with similarities ...
DEBUG [2023-03-11 22:26:11] Number of columns before NA filtering = 913
DEBUG [2023-03-11 22:26:11] Number of columns after NA filtering = 913
TRACE [2023-03-11 22:26:11] Using purrr for sequential processing
INFO [2023-03-11 22:26:16] Writing ./results/41972036/collatedsim.parquet ...
INFO [2023-03-11 22:26:16] Computing metrics ...
INFO [2023-03-11 22:26:16] Calculating metrics using sim_type_background = 'ref' ...
TRACE [2023-03-11 22:26:16] Compute metrics for signal=rep background=ref
TRACE [2023-03-11 22:26:16] Using furrr for parallel processing
TRACE [2023-03-11 22:26:16] function (..., workers = 8, envir = parent.frame()) 
strategy(..., workers = workers, envir = envir)
TRACE [2023-03-11 22:26:16]   Number of rows = 946
TRACE [2023-03-11 22:26:16]   Computing `sim_scaled` ...
TRACE [2023-03-11 22:26:16]   Computing `sim_ranked_relrank` ...
TRACE [2023-03-11 22:26:16]   Computing summaries ...
TRACE [2023-03-11 22:26:16]   Setting up retrieval ...
TRACE [2023-03-11 22:26:16]   Computing average precision ...
TRACE [2023-03-11 22:26:16]   Computing R-precision ...
TRACE [2023-03-11 22:26:16]   Wrapping up metrics ...
TRACE [2023-03-11 22:26:16] Completed metrics for signal=rep background=ref
WARN [2023-03-11 22:26:16] Empty metrics data frame; no p-values to compute
INFO [2023-03-11 22:26:16] Calculating metrics using sim_type_background = 'non_rep' because `any_different_cols_non_rep` is not NULL ...
TRACE [2023-03-11 22:26:16] Compute metrics for signal=rep background=non_rep
TRACE [2023-03-11 22:26:16] Using furrr for parallel processing
TRACE [2023-03-11 22:26:16] function (..., workers = 8, envir = parent.frame()) 
strategy(..., workers = workers, envir = envir)
TRACE [2023-03-11 22:26:16]   Number of rows = 946
TRACE [2023-03-11 22:26:16]   Computing `sim_scaled` ...
TRACE [2023-03-11 22:26:17]   Computing `sim_ranked_relrank` ...
TRACE [2023-03-11 22:26:21]   Computing summaries ...
TRACE [2023-03-11 22:26:21]   Setting up retrieval ...
TRACE [2023-03-11 22:26:25]   Computing average precision ...
TRACE [2023-03-11 22:26:26]   Computing R-precision ...
TRACE [2023-03-11 22:26:28]   Wrapping up metrics ...
TRACE [2023-03-11 22:26:28] Completed metrics for signal=rep background=non_rep
INFO [2023-03-11 22:28:02] Writing ./results/41972036/metrics_level_1_0_ref.parquet...
INFO [2023-03-11 22:28:02] Writing ./results/41972036/metrics_level_1_ref.parquet...
INFO [2023-03-11 22:28:02] Writing ./results/41972036/metrics_level_1_0_non_rep.parquet...
INFO [2023-03-11 22:28:02] Writing ./results/41972036/metrics_level_1_non_rep.parquet...
INFO [2023-03-11 22:28:02] Writing indicator file ./results/41972036/metrics.done ...
DEBUG [2023-03-11 22:28:03] Rendered: input=3.calculate_metrics.Rmd
DEBUG [2023-03-11 22:28:03] Rendered: strip_text=/Users/shsingh/work/repos/software/cytominer/cytomining/evalzoo/matric/results/41972036/
INFO [2023-03-11 22:28:03] Reading ./results/41972036/metrics_level_1_0_non_rep.parquet ...
INFO [2023-03-11 22:28:03] Reading ./results/41972036/metrics_level_1_non_rep.parquet ...
DEBUG [2023-03-11 22:28:09] Rendered: input=5.inspect_metrics.Rmd
DEBUG [2023-03-11 22:28:09] Rendered: strip_text=/Users/shsingh/work/repos/software/cytominer/cytomining/evalzoo/matric/results/41972036/
DEBUG [2023-03-11 22:28:10] Rendered: input=0.knit-notebooks.Rmd
DEBUG [2023-03-11 22:28:10] Rendered: strip_text=/Users/shsingh/work/repos/software/cytominer/cytomining/evalzoo/matric/results/41972036/
