INFO [2022-12-17 23:35:50] Logging to results/a61858f5/run.log...
INFO [2022-12-17 23:35:50] Loading /Users/shsingh/work/projects/2019_07_11_JUMP-CP/workspace/software/2021_Chandrasekaran_submitted/profiles/2020_11_04_CPJUMP1/BR00116991/BR00116991_normalized_feature_select_negcon_batch.csv.gz ...
INFO [2022-12-17 23:35:51] Adding a column Metadata_Plate = BR00116991 to /Users/shsingh/work/projects/2019_07_11_JUMP-CP/workspace/software/2021_Chandrasekaran_submitted/profiles/2020_11_04_CPJUMP1/BR00116991/BR00116991_normalized_feature_select_negcon_batch.csv.gz...
INFO [2022-12-17 23:35:51] Loading /Users/shsingh/work/projects/2019_07_11_JUMP-CP/workspace/software/2021_Chandrasekaran_submitted/profiles/2020_11_04_CPJUMP1/BR00116992/BR00116992_normalized_feature_select_negcon_batch.csv.gz ...
INFO [2022-12-17 23:35:52] Adding a column Metadata_Plate = BR00116992 to /Users/shsingh/work/projects/2019_07_11_JUMP-CP/workspace/software/2021_Chandrasekaran_submitted/profiles/2020_11_04_CPJUMP1/BR00116992/BR00116992_normalized_feature_select_negcon_batch.csv.gz...
INFO [2022-12-17 23:35:52] Loading /Users/shsingh/work/projects/2019_07_11_JUMP-CP/workspace/software/2021_Chandrasekaran_submitted/profiles/2020_11_04_CPJUMP1/BR00116993/BR00116993_normalized_feature_select_negcon_batch.csv.gz ...
INFO [2022-12-17 23:35:53] Adding a column Metadata_Plate = BR00116993 to /Users/shsingh/work/projects/2019_07_11_JUMP-CP/workspace/software/2021_Chandrasekaran_submitted/profiles/2020_11_04_CPJUMP1/BR00116993/BR00116993_normalized_feature_select_negcon_batch.csv.gz...
INFO [2022-12-17 23:35:53] Loading /Users/shsingh/work/projects/2019_07_11_JUMP-CP/workspace/software/2021_Chandrasekaran_submitted/profiles/2020_11_04_CPJUMP1/BR00116994/BR00116994_normalized_feature_select_negcon_batch.csv.gz ...
INFO [2022-12-17 23:35:53] Adding a column Metadata_Plate = BR00116994 to /Users/shsingh/work/projects/2019_07_11_JUMP-CP/workspace/software/2021_Chandrasekaran_submitted/profiles/2020_11_04_CPJUMP1/BR00116994/BR00116994_normalized_feature_select_negcon_batch.csv.gz...
INFO [2022-12-17 23:35:57] Reading results/52185d5c/metrics_level_1_ref_null_adjusted.parquet ...
INFO [2022-12-17 23:35:57] Selecting the following column from metrics: Metadata_broad_sample
INFO [2022-12-17 23:35:57] Selecting the following column from metrics: Metadata_control_type
INFO [2022-12-17 23:35:57] Selecting the following column from metrics: Metadata_reference_or_other
INFO [2022-12-17 23:35:57] Number of rows in metrics = 306
INFO [2022-12-17 23:35:57] Number of rows in profiles_experiment_other = 320
INFO [2022-12-17 23:35:57] Number of rows in profiles_experiment_other_filtered = 249
INFO [2022-12-17 23:35:57] Number of rows in profiles_experiment = 384
INFO [2022-12-17 23:35:57] Number of rows in profiles_experiment_filtered = 313
INFO [2022-12-17 23:35:57] Number of rows in external_metadata = 307
INFO [2022-12-17 23:35:57] Number of rows in profiles_experiment before joining external metadata = 313
INFO [2022-12-17 23:35:57] Number of rows in profiles_experiment after joining external metadata = 313
INFO [2022-12-17 23:35:57] Adding dummy metadata column `Metadata_dummy` with value 0 throughout for all rows
INFO [2022-12-17 23:35:57] Writing results/a61858f5/profiles.parquet ...
INFO [2022-12-17 23:35:58] Calculating index ...
INFO [2022-12-17 23:35:58] Performing all similarity calculations because `any_different_cols_non_rep` is not NULL ...
DEBUG [2022-12-17 23:35:58] Number of columns before NA filtering = 910
DEBUG [2022-12-17 23:35:58] Number of columns after NA filtering = 910
INFO [2022-12-17 23:35:58] Writing results/a61858f5/index.parquet ...
INFO [2022-12-17 23:35:58] Writing results/a61858f5/index.parquet ...
INFO [2022-12-17 23:35:58] Collate and annotate index ...
DEBUG [2022-12-17 23:35:58] sim_filter_all_same: inner joining rows
INFO [2022-12-17 23:35:59] Writing results/a61858f5/collatedindex.parquet ...
INFO [2022-12-17 23:36:00] Loading index file ...
INFO [2022-12-17 23:36:00] Populating index with similarities ...
DEBUG [2022-12-17 23:36:00] Number of columns before NA filtering = 910
DEBUG [2022-12-17 23:36:00] Number of columns after NA filtering = 910
TRACE [2022-12-17 23:36:01] Using purrr for sequential processing
INFO [2022-12-17 23:36:01] Writing results/a61858f5/collatedsim.parquet ...
INFO [2022-12-17 23:36:01] Computing metrics ...
INFO [2022-12-17 23:36:01] Calculating metrics using sim_type_background = 'ref' ...
TRACE [2022-12-17 23:36:01] Compute metrics for signal=rep background=ref
TRACE [2022-12-17 23:36:01] Using furrr for parallel processing
TRACE [2022-12-17 23:36:01] function (..., envir = parent.frame(), workers = 8) 
strategy(..., envir = envir, workers = workers)
TRACE [2022-12-17 23:36:01]   Number of rows = 78
TRACE [2022-12-17 23:36:01]   Computing `sim_scaled` ...
TRACE [2022-12-17 23:36:01]   Computing `sim_ranked_relrank` ...
TRACE [2022-12-17 23:36:01]   Computing summaries ...
TRACE [2022-12-17 23:36:01]   Setting up retrieval ...
TRACE [2022-12-17 23:36:01]   Computing average precision ...
TRACE [2022-12-17 23:36:01]   Computing R-precision ...
TRACE [2022-12-17 23:36:01]   Wrapping up metrics ...
TRACE [2022-12-17 23:36:01] Completed metrics for signal=rep background=ref
INFO [2022-12-17 23:36:01] Calculating metrics using sim_type_background = 'non_rep' because `any_different_cols_non_rep` is not NULL ...
TRACE [2022-12-17 23:36:01] Compute metrics for signal=rep background=non_rep
TRACE [2022-12-17 23:36:01] Using furrr for parallel processing
TRACE [2022-12-17 23:36:01] function (..., envir = parent.frame(), workers = 8) 
strategy(..., envir = envir, workers = workers)
TRACE [2022-12-17 23:36:01]   Number of rows = 78
TRACE [2022-12-17 23:36:01]   Computing `sim_scaled` ...
TRACE [2022-12-17 23:36:01]   Computing `sim_ranked_relrank` ...
TRACE [2022-12-17 23:36:05]   Computing summaries ...
TRACE [2022-12-17 23:36:06]   Setting up retrieval ...
TRACE [2022-12-17 23:36:06]   Computing average precision ...
TRACE [2022-12-17 23:36:06]   Computing R-precision ...
TRACE [2022-12-17 23:36:07]   Wrapping up metrics ...
TRACE [2022-12-17 23:36:07] Completed metrics for signal=rep background=non_rep
INFO [2022-12-17 23:36:07] Writing results/a61858f5/metrics_level_1_0_ref.parquet...
INFO [2022-12-17 23:36:07] Writing results/a61858f5/metrics_level_1_ref.parquet...
INFO [2022-12-17 23:36:07] Writing results/a61858f5/metrics_level_1_0_non_rep.parquet...
INFO [2022-12-17 23:36:07] Writing results/a61858f5/metrics_level_1_non_rep.parquet...
INFO [2022-12-17 23:36:07] Writing indicator file results/a61858f5/metrics.done ...
INFO [2022-12-17 23:36:09] Reading results/a61858f5/metrics_level_1_0_non_rep.parquet ...
INFO [2022-12-17 23:36:09] Reading results/a61858f5/metrics_level_1_non_rep.parquet ...
INFO [2022-12-17 23:36:19] Writing results/a61858f5/metrics_level_1_0_non_rep_null_adjusted.parquet ...
INFO [2022-12-17 23:36:19] Writing results/a61858f5/metrics_level_1_non_rep_null_adjusted.parquet ...
INFO [2022-12-17 23:36:20] Reading results/a61858f5/metrics_level_1_0_non_rep_null_adjusted.parquet ...
INFO [2022-12-17 23:36:20] Reading results/a61858f5/metrics_level_1_non_rep_null_adjusted.parquet ...
