INFO [2022-07-23 08:27:36] Logging to results/47a3a45a/run.log...
INFO [2022-07-23 08:27:36] Loading https://github.com/broadinstitute/grit-benchmark/raw/main/1.calculate-metrics/cell-health/data//cell_health_merged_feature_select.csv.gz ...
INFO [2022-07-23 08:27:39] n_bad_shuffle_groups = 9 (threshold = 6) ... 
INFO [2022-07-23 08:27:39] n_bad_shuffle_groups = 9 (threshold = 6) ... 
INFO [2022-07-23 08:27:40] n_bad_shuffle_groups = 10 (threshold = 6) ... 
INFO [2022-07-23 08:27:40] n_bad_shuffle_groups = 10 (threshold = 6) ... 
INFO [2022-07-23 08:27:40] n_bad_shuffle_groups = 4 (threshold = 6) ... 
INFO [2022-07-23 08:27:40] n_bad_shuffle_groups = 4
INFO [2022-07-23 08:27:40] Writing results/47a3a45a/profiles.parquet ...
INFO [2022-07-23 08:27:40] Calculating index ...
DEBUG [2022-07-23 08:27:41] Number of columns before NA filtering = 399
DEBUG [2022-07-23 08:27:41] Number of columns after NA filtering = 399
INFO [2022-07-23 08:27:42] Writing results/47a3a45a/index.parquet ...
INFO [2022-07-23 08:27:42] Writing results/47a3a45a/index.parquet ...
INFO [2022-07-23 08:27:42] Collate and annotate index ...
DEBUG [2022-07-23 08:27:42] sim_filter_all_same: annotating rows
DEBUG [2022-07-23 08:27:42] sim_filter_all_same: annotating rows
INFO [2022-07-23 08:27:42] Writing results/47a3a45a/collatedindex.parquet ...
INFO [2022-07-23 08:27:44] Loading index file ...
INFO [2022-07-23 08:27:44] Populating index with similarities ...
DEBUG [2022-07-23 08:27:44] Number of columns before NA filtering = 399
DEBUG [2022-07-23 08:27:44] Number of columns after NA filtering = 399
TRACE [2022-07-23 08:27:45] Using purrr for sequential processing
INFO [2022-07-23 08:27:46] Writing results/47a3a45a/collatedsim.parquet ...
INFO [2022-07-23 08:27:46] Computing metrics ...
TRACE [2022-07-23 08:27:46] Compute metrics for signal=rep background=ref
TRACE [2022-07-23 08:27:46] Using furrr for parallel processing
TRACE [2022-07-23 08:27:46] function (..., envir = parent.frame(), workers = 8) 
strategy(..., envir = envir, workers = workers)
TRACE [2022-07-23 08:27:46]   Number of rows = 309
TRACE [2022-07-23 08:27:46]   Computing `sim_scaled` ...
TRACE [2022-07-23 08:27:46]   Computing `sim_ranked_relrank` ...
TRACE [2022-07-23 08:27:51]   Computing summaries ...
TRACE [2022-07-23 08:27:51]   Setting up retrieval ...
TRACE [2022-07-23 08:27:53]   Computing average precision ...
TRACE [2022-07-23 08:27:54]   Computing R-precision ...
TRACE [2022-07-23 08:27:54]   Wrapping up metrics ...
TRACE [2022-07-23 08:27:54] Completed metrics for signal=rep background=ref
INFO [2022-07-23 08:27:54] Writing results/47a3a45a/metrics_level_1_0.parquet...
INFO [2022-07-23 08:27:54] Writing results/47a3a45a/metrics_level_1.parquet...
INFO [2022-07-23 08:27:55] Writing indicator file results/47a3a45a/metrics.done ...
INFO [2022-07-23 08:27:55] Reading results/47a3a45a/metrics_level_1.parquet ...
INFO [2022-07-23 08:27:55] Reading results/47a3a45a/metrics_level_1_0.parquet ...
