INFO [2023-02-02 19:51:03] Logging to ./results/288e31b5/run.log...
INFO [2023-02-02 19:51:03] Loading /Users/shsingh/work/projects/2019_07_11_JUMP-CP/workspace/software/2021_Chandrasekaran_submitted/profiles/2020_11_04_CPJUMP1/BR00116991/BR00116991_normalized_feature_select_negcon_batch.csv.gz ...
INFO [2023-02-02 19:51:05] Adding a column Metadata_Plate = BR00116991 to /Users/shsingh/work/projects/2019_07_11_JUMP-CP/workspace/software/2021_Chandrasekaran_submitted/profiles/2020_11_04_CPJUMP1/BR00116991/BR00116991_normalized_feature_select_negcon_batch.csv.gz...
INFO [2023-02-02 19:51:05] Loading /Users/shsingh/work/projects/2019_07_11_JUMP-CP/workspace/software/2021_Chandrasekaran_submitted/profiles/2020_11_04_CPJUMP1/BR00116992/BR00116992_normalized_feature_select_negcon_batch.csv.gz ...
INFO [2023-02-02 19:51:07] Adding a column Metadata_Plate = BR00116992 to /Users/shsingh/work/projects/2019_07_11_JUMP-CP/workspace/software/2021_Chandrasekaran_submitted/profiles/2020_11_04_CPJUMP1/BR00116992/BR00116992_normalized_feature_select_negcon_batch.csv.gz...
INFO [2023-02-02 19:51:07] Loading /Users/shsingh/work/projects/2019_07_11_JUMP-CP/workspace/software/2021_Chandrasekaran_submitted/profiles/2020_11_04_CPJUMP1/BR00116993/BR00116993_normalized_feature_select_negcon_batch.csv.gz ...
INFO [2023-02-02 19:51:08] Adding a column Metadata_Plate = BR00116993 to /Users/shsingh/work/projects/2019_07_11_JUMP-CP/workspace/software/2021_Chandrasekaran_submitted/profiles/2020_11_04_CPJUMP1/BR00116993/BR00116993_normalized_feature_select_negcon_batch.csv.gz...
INFO [2023-02-02 19:51:08] Loading /Users/shsingh/work/projects/2019_07_11_JUMP-CP/workspace/software/2021_Chandrasekaran_submitted/profiles/2020_11_04_CPJUMP1/BR00116994/BR00116994_normalized_feature_select_negcon_batch.csv.gz ...
INFO [2023-02-02 19:51:09] Adding a column Metadata_Plate = BR00116994 to /Users/shsingh/work/projects/2019_07_11_JUMP-CP/workspace/software/2021_Chandrasekaran_submitted/profiles/2020_11_04_CPJUMP1/BR00116994/BR00116994_normalized_feature_select_negcon_batch.csv.gz...
INFO [2023-02-02 19:51:13] Number of variables in profiles before drop_na_columns  = 904
INFO [2023-02-02 19:51:16] Number of variables in profiles after drop_na_columns  = 904
INFO [2023-02-02 19:51:16] Number of rows in profiles before drop_na_rows  = 384
INFO [2023-02-02 19:51:16] Number of rows in profiles after drop_na_rows  = 384
INFO [2023-02-02 19:51:16] Reading results/1c5aac5b/metrics_level_1_ref_null_adjusted.parquet ...
INFO [2023-02-02 19:51:16] Selecting the following column from metrics: Metadata_broad_sample
INFO [2023-02-02 19:51:16] Selecting the following column from metrics: Metadata_control_type
INFO [2023-02-02 19:51:16] Selecting the following column from metrics: Metadata_reference_or_other
INFO [2023-02-02 19:51:16] Number of rows in metrics = 306
INFO [2023-02-02 19:51:16] Number of rows in profiles_experiment_other = 320
INFO [2023-02-02 19:51:16] Number of rows in profiles_experiment_other_filtered = 249
INFO [2023-02-02 19:51:16] Number of rows in profiles_experiment = 384
INFO [2023-02-02 19:51:16] Number of rows in profiles_experiment_filtered = 313
INFO [2023-02-02 19:51:17] Number of rows in external_metadata = 307
INFO [2023-02-02 19:51:17] Number of rows in profiles_experiment before joining external metadata = 313
INFO [2023-02-02 19:51:17] Number of rows in profiles_experiment after joining external metadata = 313
INFO [2023-02-02 19:51:17] Adding dummy metadata column `Metadata_dummy` with value 0 throughout for all rows
INFO [2023-02-02 19:51:17] Splitting rows on Metadata_target_list
INFO [2023-02-02 19:51:18] Writing ./results/288e31b5/profiles_split_mapper_full.csv ...
INFO [2023-02-02 19:51:18] compact_splits = FALSE
INFO [2023-02-02 19:51:18] Number of rows in profiles_experiment before splitting = 313
INFO [2023-02-02 19:51:18] Number of rows in profiles_experiment after splitting = 1353
INFO [2023-02-02 19:51:18] Writing ./results/288e31b5/profiles.parquet ...
DEBUG [2023-02-02 19:51:19] Rendered: input=1.prepare_data.Rmd
DEBUG [2023-02-02 19:51:19] Rendered: strip_text=/Users/shsingh/work/repos/software/cytominer/cytomining/evalzoo/matric/results/288e31b5/
INFO [2023-02-02 19:51:19] Calculating index ...
INFO [2023-02-02 19:51:19] Performing all similarity calculations because `any_different_cols_non_rep` is not NULL ...
DEBUG [2023-02-02 19:51:20] Number of columns before NA filtering = 913
DEBUG [2023-02-02 19:51:20] Number of columns after NA filtering = 913
INFO [2023-02-02 19:51:20] Writing ./results/288e31b5/index.parquet ...
INFO [2023-02-02 19:51:20] Writing ./results/288e31b5/index.parquet ...
INFO [2023-02-02 19:51:20] Collate and annotate index ...
DEBUG [2023-02-02 19:51:20] sim_filter_all_same: inner joining rows
INFO [2023-02-02 19:51:24] Filtering collated_sim ...
INFO [2023-02-02 19:51:24] Number of rows in collated_sim before filtering = 1730521
INFO [2023-02-02 19:51:24] Number of rows in collated_sim after filtering = 339341
INFO [2023-02-02 19:51:24] Writing ./results/288e31b5/collatedindex.parquet ...
DEBUG [2023-02-02 19:51:25] Rendered: input=2.calculate_index.Rmd
DEBUG [2023-02-02 19:51:25] Rendered: strip_text=/Users/shsingh/work/repos/software/cytominer/cytomining/evalzoo/matric/results/288e31b5/
INFO [2023-02-02 19:51:26] Loading index file ...
INFO [2023-02-02 19:51:26] Populating index with similarities ...
DEBUG [2023-02-02 19:51:27] Number of columns before NA filtering = 913
DEBUG [2023-02-02 19:51:27] Number of columns after NA filtering = 913
TRACE [2023-02-02 19:51:27] Using purrr for sequential processing
INFO [2023-02-02 19:51:32] Writing ./results/288e31b5/collatedsim.parquet ...
INFO [2023-02-02 19:51:32] Computing metrics ...
INFO [2023-02-02 19:51:32] Calculating metrics using sim_type_background = 'ref' ...
TRACE [2023-02-02 19:51:32] Compute metrics for signal=rep background=ref
TRACE [2023-02-02 19:51:32] Using furrr for parallel processing
TRACE [2023-02-02 19:51:32] function (..., workers = 8, envir = parent.frame()) 
strategy(..., workers = workers, envir = envir)
TRACE [2023-02-02 19:51:32]   Number of rows = 982
TRACE [2023-02-02 19:51:32]   Computing `sim_scaled` ...
TRACE [2023-02-02 19:51:32]   Computing `sim_ranked_relrank` ...
TRACE [2023-02-02 19:51:32]   Computing summaries ...
TRACE [2023-02-02 19:51:32]   Setting up retrieval ...
TRACE [2023-02-02 19:51:32]   Computing average precision ...
TRACE [2023-02-02 19:51:32]   Computing R-precision ...
TRACE [2023-02-02 19:51:32]   Wrapping up metrics ...
TRACE [2023-02-02 19:51:32] Completed metrics for signal=rep background=ref
INFO [2023-02-02 19:51:32] Calculating metrics using sim_type_background = 'non_rep' because `any_different_cols_non_rep` is not NULL ...
TRACE [2023-02-02 19:51:32] Compute metrics for signal=rep background=non_rep
TRACE [2023-02-02 19:51:32] Using furrr for parallel processing
TRACE [2023-02-02 19:51:32] function (..., workers = 8, envir = parent.frame()) 
strategy(..., workers = workers, envir = envir)
TRACE [2023-02-02 19:51:33]   Number of rows = 982
TRACE [2023-02-02 19:51:33]   Computing `sim_scaled` ...
TRACE [2023-02-02 19:51:35]   Computing `sim_ranked_relrank` ...
TRACE [2023-02-02 19:51:41]   Computing summaries ...
TRACE [2023-02-02 19:51:41]   Setting up retrieval ...
TRACE [2023-02-02 19:51:43]   Computing average precision ...
TRACE [2023-02-02 19:51:45]   Computing R-precision ...
TRACE [2023-02-02 19:51:47]   Wrapping up metrics ...
TRACE [2023-02-02 19:51:47] Completed metrics for signal=rep background=non_rep
INFO [2023-02-02 19:51:47] Writing ./results/288e31b5/metrics_level_1_0_ref.parquet...
INFO [2023-02-02 19:51:48] Writing ./results/288e31b5/metrics_level_1_ref.parquet...
INFO [2023-02-02 19:51:48] Writing ./results/288e31b5/metrics_level_1_0_non_rep.parquet...
INFO [2023-02-02 19:51:48] Writing ./results/288e31b5/metrics_level_1_non_rep.parquet...
INFO [2023-02-02 19:51:48] Writing indicator file ./results/288e31b5/metrics.done ...
DEBUG [2023-02-02 19:51:48] Rendered: input=3.calculate_metrics.Rmd
DEBUG [2023-02-02 19:51:48] Rendered: strip_text=/Users/shsingh/work/repos/software/cytominer/cytomining/evalzoo/matric/results/288e31b5/
INFO [2023-02-02 19:51:50] Reading ./results/288e31b5/metrics_level_1_0_non_rep.parquet ...
INFO [2023-02-02 19:51:50] Reading ./results/288e31b5/metrics_level_1_non_rep.parquet ...
INFO [2023-02-02 19:52:21] Writing ./results/288e31b5/metrics_level_1_0_non_rep_null_adjusted.parquet ...
INFO [2023-02-02 19:52:21] Writing ./results/288e31b5/metrics_level_1_non_rep_null_adjusted.parquet ...
DEBUG [2023-02-02 19:52:22] Rendered: input=4.correct_metrics.Rmd
DEBUG [2023-02-02 19:52:22] Rendered: strip_text=/Users/shsingh/work/repos/software/cytominer/cytomining/evalzoo/matric/results/288e31b5/
INFO [2023-02-02 19:52:22] Reading ./results/288e31b5/metrics_level_1_0_non_rep_null_adjusted.parquet ...
INFO [2023-02-02 19:52:22] Reading ./results/288e31b5/metrics_level_1_non_rep_null_adjusted.parquet ...
DEBUG [2023-02-02 19:52:41] Rendered: input=5.inspect_metrics.Rmd
DEBUG [2023-02-02 19:52:41] Rendered: strip_text=/Users/shsingh/work/repos/software/cytominer/cytomining/evalzoo/matric/results/288e31b5/
DEBUG [2023-02-02 19:52:42] Rendered: input=0.knit-notebooks.Rmd
DEBUG [2023-02-02 19:52:42] Rendered: strip_text=/Users/shsingh/work/repos/software/cytominer/cytomining/evalzoo/matric/results/288e31b5/
