INFO [2021-09-16 10:54:55] Logging to results/211ae0e1/run.log...
INFO [2021-09-16 10:54:55] Loading https://github.com/broadinstitute/grit-benchmark/raw/main/1.calculate-metrics/cell-health/data//cell_health_merged_feature_select.csv.gz ...
INFO [2021-09-16 10:54:57] n_genes_with_sister_guides_in_shuffle = 0
INFO [2021-09-16 10:54:58] Writing results/211ae0e1/profiles.parquet ...
INFO [2021-09-16 10:54:58] Calculating index ...
DEBUG [2021-09-16 10:54:58] Number of columns before NA filtering = 403
DEBUG [2021-09-16 10:54:58] Number of columns after NA filtering = 403
INFO [2021-09-16 10:54:59] Writing results/211ae0e1/index.parquet ...
INFO [2021-09-16 10:54:59] Writing results/211ae0e1/index.parquet ...
INFO [2021-09-16 10:54:59] Collate and annotate index ...
DEBUG [2021-09-16 10:54:59] sim_filter_all_same: annotating rows
DEBUG [2021-09-16 10:55:00] sim_filter_all_same: annotating rows
INFO [2021-09-16 10:55:00] Writing results/211ae0e1/collatedindex.parquet ...
INFO [2021-09-16 10:55:03] Loading index file ...
INFO [2021-09-16 10:55:03] Populating index with similarities ...
DEBUG [2021-09-16 10:55:04] Number of columns before NA filtering = 403
DEBUG [2021-09-16 10:55:04] Number of columns after NA filtering = 403
TRACE [2021-09-16 10:55:04] Using purrr for sequential processing
INFO [2021-09-16 10:55:07] Writing results/211ae0e1/collatedsim.parquet ...
INFO [2021-09-16 10:55:07] Computing metrics ...
TRACE [2021-09-16 10:55:07] Compute metrics for signal=rep background=ref
TRACE [2021-09-16 10:55:07] Using furrr for parallel processing
TRACE [2021-09-16 10:55:07] function (..., envir = parent.frame(), workers = 8) 
strategy(..., envir = envir, workers = workers)
TRACE [2021-09-16 10:55:07]   Number of rows = 3006
TRACE [2021-09-16 10:55:07]   Computing `sim_scaled` ...
TRACE [2021-09-16 10:55:07]   Computing `sim_ranked_relrank` ...
TRACE [2021-09-16 10:55:35]   Computing summaries ...
TRACE [2021-09-16 10:55:35]   Setting up retrieval ...
TRACE [2021-09-16 10:55:46]   Computing average precision ...
TRACE [2021-09-16 10:55:51]   Computing R-precision ...
TRACE [2021-09-16 10:55:54]   Wrapping up metrics ...
TRACE [2021-09-16 10:55:54] Completed metrics for signal=rep background=ref
INFO [2021-09-16 10:55:54] Writing results/211ae0e1/metrics_level_1_0.parquet...
INFO [2021-09-16 10:55:54] Writing results/211ae0e1/metrics_level_1.parquet...
INFO [2021-09-16 10:55:54] Writing indicator file results/211ae0e1/metrics.done ...
INFO [2021-09-16 10:55:55] Reading results/211ae0e1/metrics_level_1.parquet ...
