INFO [2022-12-19 19:52:07] Logging to results/d9cc15a8/run.log...
INFO [2022-12-19 19:52:07] Loading /Users/shsingh/work/projects/2019_07_11_JUMP-CP/workspace/software/2021_Chandrasekaran_submitted/profiles/2020_11_04_CPJUMP1/BR00116991/BR00116991_normalized_feature_select_negcon_batch.csv.gz ...
INFO [2022-12-19 19:52:09] Adding a column Metadata_Plate = BR00116991 to /Users/shsingh/work/projects/2019_07_11_JUMP-CP/workspace/software/2021_Chandrasekaran_submitted/profiles/2020_11_04_CPJUMP1/BR00116991/BR00116991_normalized_feature_select_negcon_batch.csv.gz...
INFO [2022-12-19 19:52:09] Loading /Users/shsingh/work/projects/2019_07_11_JUMP-CP/workspace/software/2021_Chandrasekaran_submitted/profiles/2020_11_04_CPJUMP1/BR00116992/BR00116992_normalized_feature_select_negcon_batch.csv.gz ...
INFO [2022-12-19 19:52:11] Adding a column Metadata_Plate = BR00116992 to /Users/shsingh/work/projects/2019_07_11_JUMP-CP/workspace/software/2021_Chandrasekaran_submitted/profiles/2020_11_04_CPJUMP1/BR00116992/BR00116992_normalized_feature_select_negcon_batch.csv.gz...
INFO [2022-12-19 19:52:11] Loading /Users/shsingh/work/projects/2019_07_11_JUMP-CP/workspace/software/2021_Chandrasekaran_submitted/profiles/2020_11_04_CPJUMP1/BR00116993/BR00116993_normalized_feature_select_negcon_batch.csv.gz ...
INFO [2022-12-19 19:52:12] Adding a column Metadata_Plate = BR00116993 to /Users/shsingh/work/projects/2019_07_11_JUMP-CP/workspace/software/2021_Chandrasekaran_submitted/profiles/2020_11_04_CPJUMP1/BR00116993/BR00116993_normalized_feature_select_negcon_batch.csv.gz...
INFO [2022-12-19 19:52:12] Loading /Users/shsingh/work/projects/2019_07_11_JUMP-CP/workspace/software/2021_Chandrasekaran_submitted/profiles/2020_11_04_CPJUMP1/BR00116994/BR00116994_normalized_feature_select_negcon_batch.csv.gz ...
INFO [2022-12-19 19:52:14] Adding a column Metadata_Plate = BR00116994 to /Users/shsingh/work/projects/2019_07_11_JUMP-CP/workspace/software/2021_Chandrasekaran_submitted/profiles/2020_11_04_CPJUMP1/BR00116994/BR00116994_normalized_feature_select_negcon_batch.csv.gz...
INFO [2022-12-19 19:52:18] Reading results/90ef1d9e/metrics_level_1_ref_null_adjusted.parquet ...
INFO [2022-12-19 19:52:18] Selecting the following column from metrics: Metadata_broad_sample
INFO [2022-12-19 19:52:18] Selecting the following column from metrics: Metadata_control_type
INFO [2022-12-19 19:52:18] Selecting the following column from metrics: Metadata_reference_or_other
INFO [2022-12-19 19:52:19] Number of rows in metrics = 306
INFO [2022-12-19 19:52:19] Number of rows in profiles_experiment_other = 320
INFO [2022-12-19 19:52:19] Number of rows in profiles_experiment_other_filtered = 249
INFO [2022-12-19 19:52:19] Number of rows in profiles_experiment = 384
INFO [2022-12-19 19:52:19] Number of rows in profiles_experiment_filtered = 313
INFO [2022-12-19 19:52:19] Number of rows in external_metadata = 307
INFO [2022-12-19 19:52:19] Number of rows in profiles_experiment before joining external metadata = 313
INFO [2022-12-19 19:52:19] Number of rows in profiles_experiment after joining external metadata = 313
INFO [2022-12-19 19:52:19] Adding dummy metadata column `Metadata_dummy` with value 0 throughout for all rows
INFO [2022-12-19 19:52:19] Writing results/d9cc15a8/profiles.parquet ...
INFO [2022-12-19 19:52:20] Calculating index ...
INFO [2022-12-19 19:52:20] Performing all similarity calculations because `any_different_cols_non_rep` is not NULL ...
DEBUG [2022-12-19 19:52:20] Number of columns before NA filtering = 910
DEBUG [2022-12-19 19:52:20] Number of columns after NA filtering = 910
INFO [2022-12-19 19:52:21] Writing results/d9cc15a8/index.parquet ...
INFO [2022-12-19 19:52:21] Writing results/d9cc15a8/index.parquet ...
INFO [2022-12-19 19:52:21] Collate and annotate index ...
DEBUG [2022-12-19 19:52:21] sim_filter_all_same: inner joining rows
INFO [2022-12-19 19:52:21] Writing results/d9cc15a8/collatedindex.parquet ...
INFO [2022-12-19 19:52:25] Loading index file ...
INFO [2022-12-19 19:52:25] Populating index with similarities ...
DEBUG [2022-12-19 19:52:25] Number of columns before NA filtering = 910
DEBUG [2022-12-19 19:52:25] Number of columns after NA filtering = 910
TRACE [2022-12-19 19:52:25] Using purrr for sequential processing
INFO [2022-12-19 19:52:25] Writing results/d9cc15a8/collatedsim.parquet ...
INFO [2022-12-19 19:52:25] Computing metrics ...
INFO [2022-12-19 19:52:25] Calculating metrics using sim_type_background = 'ref' ...
TRACE [2022-12-19 19:52:25] Compute metrics for signal=rep background=ref
TRACE [2022-12-19 19:52:25] Using furrr for parallel processing
TRACE [2022-12-19 19:52:25] function (..., workers = 8, envir = parent.frame()) 
strategy(..., workers = workers, envir = envir)
TRACE [2022-12-19 19:52:26]   Number of rows = 78
TRACE [2022-12-19 19:52:26]   Computing `sim_scaled` ...
TRACE [2022-12-19 19:52:26]   Computing `sim_ranked_relrank` ...
TRACE [2022-12-19 19:52:26]   Computing summaries ...
TRACE [2022-12-19 19:52:26]   Setting up retrieval ...
TRACE [2022-12-19 19:52:26]   Computing average precision ...
TRACE [2022-12-19 19:52:26]   Computing R-precision ...
TRACE [2022-12-19 19:52:26]   Wrapping up metrics ...
TRACE [2022-12-19 19:52:26] Completed metrics for signal=rep background=ref
INFO [2022-12-19 19:52:26] Calculating metrics using sim_type_background = 'non_rep' because `any_different_cols_non_rep` is not NULL ...
TRACE [2022-12-19 19:52:26] Compute metrics for signal=rep background=non_rep
TRACE [2022-12-19 19:52:26] Using furrr for parallel processing
TRACE [2022-12-19 19:52:26] function (..., workers = 8, envir = parent.frame()) 
strategy(..., workers = workers, envir = envir)
TRACE [2022-12-19 19:52:26]   Number of rows = 78
TRACE [2022-12-19 19:52:26]   Computing `sim_scaled` ...
TRACE [2022-12-19 19:52:27]   Computing `sim_ranked_relrank` ...
TRACE [2022-12-19 19:52:33]   Computing summaries ...
TRACE [2022-12-19 19:52:33]   Setting up retrieval ...
TRACE [2022-12-19 19:52:33]   Computing average precision ...
TRACE [2022-12-19 19:52:34]   Computing R-precision ...
TRACE [2022-12-19 19:52:34]   Wrapping up metrics ...
TRACE [2022-12-19 19:52:34] Completed metrics for signal=rep background=non_rep
INFO [2022-12-19 19:52:35] Writing results/d9cc15a8/metrics_level_1_0_ref.parquet...
INFO [2022-12-19 19:52:35] Writing results/d9cc15a8/metrics_level_1_ref.parquet...
INFO [2022-12-19 19:52:35] Writing results/d9cc15a8/metrics_level_1_0_non_rep.parquet...
INFO [2022-12-19 19:52:35] Writing results/d9cc15a8/metrics_level_1_non_rep.parquet...
INFO [2022-12-19 19:52:35] Writing indicator file results/d9cc15a8/metrics.done ...
INFO [2022-12-19 19:52:39] Reading results/d9cc15a8/metrics_level_1_0_non_rep.parquet ...
INFO [2022-12-19 19:52:39] Reading results/d9cc15a8/metrics_level_1_non_rep.parquet ...
INFO [2022-12-19 19:52:58] Writing results/d9cc15a8/metrics_level_1_0_non_rep_null_adjusted.parquet ...
INFO [2022-12-19 19:52:58] Writing results/d9cc15a8/metrics_level_1_non_rep_null_adjusted.parquet ...
INFO [2022-12-19 19:52:59] Reading results/d9cc15a8/metrics_level_1_0_non_rep_null_adjusted.parquet ...
INFO [2022-12-19 19:52:59] Reading results/d9cc15a8/metrics_level_1_non_rep_null_adjusted.parquet ...
