INFO [2022-12-18 09:05:59] Logging to results/b958b1af/run.log...
INFO [2022-12-18 09:05:59] Loading /Users/shsingh/work/projects/2019_07_11_JUMP-CP/workspace/software/pilot-cpjump1-data/collated/2020_11_04_CPJUMP1/2020_11_04_CPJUMP1_U2OS_48_Compound_Standard_normalized_feature_select_negcon.parquet ...
INFO [2022-12-18 09:06:02] Reading results/96a712f3/metrics_level_1_ref_null_adjusted.parquet ...
INFO [2022-12-18 09:06:02] Selecting the following column from metrics: Metadata_cell_line
INFO [2022-12-18 09:06:02] Selecting the following column from metrics: Metadata_timepoint
INFO [2022-12-18 09:06:02] Selecting the following column from metrics: Metadata_experiment_type
INFO [2022-12-18 09:06:02] Selecting the following column from metrics: Metadata_experiment_condition
INFO [2022-12-18 09:06:02] Selecting the following column from metrics: Metadata_target
INFO [2022-12-18 09:06:02] Selecting the following column from metrics: Metadata_broad_sample
INFO [2022-12-18 09:06:02] Selecting the following column from metrics: Metadata_reference_or_other
INFO [2022-12-18 09:06:02] Number of rows in metrics = 306
INFO [2022-12-18 09:06:02] Number of rows in profiles_experiment_other = 320
INFO [2022-12-18 09:06:02] Number of rows in profiles_experiment_other_filtered = 161
INFO [2022-12-18 09:06:02] Number of rows in profiles_experiment = 384
INFO [2022-12-18 09:06:02] Number of rows in profiles_experiment_filtered = 225
INFO [2022-12-18 09:06:02] Writing results/b958b1af/profiles.parquet ...
INFO [2022-12-18 09:06:04] Calculating index ...
INFO [2022-12-18 09:06:04] Performing all similarity calculations because `any_different_cols_non_rep` is not NULL ...
DEBUG [2022-12-18 09:06:05] Number of columns before NA filtering = 916
DEBUG [2022-12-18 09:06:05] Number of columns after NA filtering = 916
INFO [2022-12-18 09:06:05] Writing results/b958b1af/index.parquet ...
INFO [2022-12-18 09:06:05] Writing results/b958b1af/index.parquet ...
INFO [2022-12-18 09:06:05] Collate and annotate index ...
DEBUG [2022-12-18 09:06:05] sim_filter_all_same: annotating rows
DEBUG [2022-12-18 09:06:06] sim_filter_all_same: inner joining rows
INFO [2022-12-18 09:06:06] Writing results/b958b1af/collatedindex.parquet ...
INFO [2022-12-18 09:06:07] Loading index file ...
INFO [2022-12-18 09:06:07] Populating index with similarities ...
DEBUG [2022-12-18 09:06:08] Number of columns before NA filtering = 916
DEBUG [2022-12-18 09:06:08] Number of columns after NA filtering = 916
TRACE [2022-12-18 09:06:08] Using purrr for sequential processing
INFO [2022-12-18 09:06:08] Writing results/b958b1af/collatedsim.parquet ...
INFO [2022-12-18 09:06:08] Computing metrics ...
INFO [2022-12-18 09:06:08] Calculating metrics using sim_type_background = 'ref' ...
TRACE [2022-12-18 09:06:08] Compute metrics for signal=rep background=ref
TRACE [2022-12-18 09:06:08] Using furrr for parallel processing
TRACE [2022-12-18 09:06:08] function (..., envir = parent.frame(), workers = 8) 
strategy(..., envir = envir, workers = workers)
TRACE [2022-12-18 09:06:08]   Number of rows = 104
TRACE [2022-12-18 09:06:08]   Computing `sim_scaled` ...
TRACE [2022-12-18 09:06:09]   Computing `sim_ranked_relrank` ...
TRACE [2022-12-18 09:06:13]   Computing summaries ...
TRACE [2022-12-18 09:06:13]   Setting up retrieval ...
TRACE [2022-12-18 09:06:14]   Computing average precision ...
TRACE [2022-12-18 09:06:15]   Computing R-precision ...
TRACE [2022-12-18 09:06:15]   Wrapping up metrics ...
TRACE [2022-12-18 09:06:15] Completed metrics for signal=rep background=ref
INFO [2022-12-18 09:06:16] Calculating metrics using sim_type_background = 'non_rep' because `any_different_cols_non_rep` is not NULL ...
TRACE [2022-12-18 09:06:16] Compute metrics for signal=rep background=non_rep
TRACE [2022-12-18 09:06:16] Using furrr for parallel processing
TRACE [2022-12-18 09:06:16] function (..., envir = parent.frame(), workers = 8) 
strategy(..., envir = envir, workers = workers)
TRACE [2022-12-18 09:06:16]   Number of rows = 104
TRACE [2022-12-18 09:06:16]   Computing `sim_scaled` ...
TRACE [2022-12-18 09:06:16]   Computing `sim_ranked_relrank` ...
TRACE [2022-12-18 09:06:17]   Computing summaries ...
TRACE [2022-12-18 09:06:17]   Setting up retrieval ...
TRACE [2022-12-18 09:06:17]   Computing average precision ...
TRACE [2022-12-18 09:06:18]   Computing R-precision ...
TRACE [2022-12-18 09:06:19]   Wrapping up metrics ...
TRACE [2022-12-18 09:06:19] Completed metrics for signal=rep background=non_rep
INFO [2022-12-18 09:06:19] Writing results/b958b1af/metrics_level_1_0_ref.parquet...
INFO [2022-12-18 09:06:19] Writing results/b958b1af/metrics_level_1_ref.parquet...
INFO [2022-12-18 09:06:19] Writing results/b958b1af/metrics_level_1_0_non_rep.parquet...
INFO [2022-12-18 09:06:19] Writing results/b958b1af/metrics_level_1_non_rep.parquet...
INFO [2022-12-18 09:06:19] Writing indicator file results/b958b1af/metrics.done ...
INFO [2022-12-18 09:06:24] Reading results/b958b1af/metrics_level_1_0_non_rep.parquet ...
INFO [2022-12-18 09:06:24] Reading results/b958b1af/metrics_level_1_non_rep.parquet ...
INFO [2022-12-18 09:06:35] Writing results/b958b1af/metrics_level_1_0_non_rep_null_adjusted.parquet ...
INFO [2022-12-18 09:06:35] Writing results/b958b1af/metrics_level_1_non_rep_null_adjusted.parquet ...
INFO [2022-12-18 09:06:37] Reading results/b958b1af/metrics_level_1_0_non_rep_null_adjusted.parquet ...
INFO [2022-12-18 09:06:37] Reading results/b958b1af/metrics_level_1_non_rep_null_adjusted.parquet ...
