INFO [2023-03-11 22:24:45] Logging to ./results/a9c79163/run.log...
INFO [2023-03-11 22:24:45] Loading /Users/shsingh/work/projects/2019_07_11_JUMP-CP/workspace/software/2021_Chandrasekaran_submitted/profiles/2020_11_04_CPJUMP1/BR00116991/BR00116991_normalized_feature_select_negcon_batch.csv.gz ...
INFO [2023-03-11 22:24:47] Adding a column Metadata_Plate = BR00116991 to /Users/shsingh/work/projects/2019_07_11_JUMP-CP/workspace/software/2021_Chandrasekaran_submitted/profiles/2020_11_04_CPJUMP1/BR00116991/BR00116991_normalized_feature_select_negcon_batch.csv.gz...
INFO [2023-03-11 22:24:47] Loading /Users/shsingh/work/projects/2019_07_11_JUMP-CP/workspace/software/2021_Chandrasekaran_submitted/profiles/2020_11_04_CPJUMP1/BR00116992/BR00116992_normalized_feature_select_negcon_batch.csv.gz ...
INFO [2023-03-11 22:24:48] Adding a column Metadata_Plate = BR00116992 to /Users/shsingh/work/projects/2019_07_11_JUMP-CP/workspace/software/2021_Chandrasekaran_submitted/profiles/2020_11_04_CPJUMP1/BR00116992/BR00116992_normalized_feature_select_negcon_batch.csv.gz...
INFO [2023-03-11 22:24:48] Loading /Users/shsingh/work/projects/2019_07_11_JUMP-CP/workspace/software/2021_Chandrasekaran_submitted/profiles/2020_11_04_CPJUMP1/BR00116993/BR00116993_normalized_feature_select_negcon_batch.csv.gz ...
INFO [2023-03-11 22:24:49] Adding a column Metadata_Plate = BR00116993 to /Users/shsingh/work/projects/2019_07_11_JUMP-CP/workspace/software/2021_Chandrasekaran_submitted/profiles/2020_11_04_CPJUMP1/BR00116993/BR00116993_normalized_feature_select_negcon_batch.csv.gz...
INFO [2023-03-11 22:24:49] Loading /Users/shsingh/work/projects/2019_07_11_JUMP-CP/workspace/software/2021_Chandrasekaran_submitted/profiles/2020_11_04_CPJUMP1/BR00116994/BR00116994_normalized_feature_select_negcon_batch.csv.gz ...
INFO [2023-03-11 22:24:51] Adding a column Metadata_Plate = BR00116994 to /Users/shsingh/work/projects/2019_07_11_JUMP-CP/workspace/software/2021_Chandrasekaran_submitted/profiles/2020_11_04_CPJUMP1/BR00116994/BR00116994_normalized_feature_select_negcon_batch.csv.gz...
INFO [2023-03-11 22:24:55] Number of variables in profiles before drop_na_columns  = 904
INFO [2023-03-11 22:24:58] Number of variables in profiles after drop_na_columns  = 904
INFO [2023-03-11 22:24:58] Number of rows in profiles before drop_na_rows  = 384
INFO [2023-03-11 22:24:59] Number of rows in profiles after drop_na_rows  = 384
INFO [2023-03-11 22:24:59] Reading results/1c5aac5b/metrics_level_1_ref.parquet ...
INFO [2023-03-11 22:24:59] Selecting the following column from metrics: Metadata_broad_sample
INFO [2023-03-11 22:24:59] Selecting the following column from metrics: Metadata_control_type
INFO [2023-03-11 22:24:59] Selecting the following column from metrics: Metadata_reference_or_other
INFO [2023-03-11 22:24:59] Number of rows in metrics = 306
INFO [2023-03-11 22:24:59] Number of rows in profiles_experiment_other = 320
INFO [2023-03-11 22:24:59] Number of rows in profiles_experiment_other_filtered = 255
INFO [2023-03-11 22:24:59] Number of rows in profiles_experiment = 384
INFO [2023-03-11 22:24:59] Number of rows in profiles_experiment_filtered = 319
INFO [2023-03-11 22:24:59] Adding dummy metadata column `Metadata_dummy` with value 0 throughout for all rows
INFO [2023-03-11 22:25:00] Writing ./results/a9c79163/profiles.parquet ...
DEBUG [2023-03-11 22:25:01] Rendered: input=1.prepare_data.Rmd
DEBUG [2023-03-11 22:25:01] Rendered: strip_text=/Users/shsingh/work/repos/software/cytominer/cytomining/evalzoo/matric/results/a9c79163/
INFO [2023-03-11 22:25:01] Calculating index ...
INFO [2023-03-11 22:25:01] Performing all similarity calculations because `any_different_cols_non_rep` is not NULL ...
DEBUG [2023-03-11 22:25:01] Number of columns before NA filtering = 910
DEBUG [2023-03-11 22:25:01] Number of columns after NA filtering = 910
INFO [2023-03-11 22:25:01] Writing ./results/a9c79163/index.parquet ...
INFO [2023-03-11 22:25:01] Writing ./results/a9c79163/index.parquet ...
INFO [2023-03-11 22:25:01] Collate and annotate index ...
DEBUG [2023-03-11 22:25:02] sim_filter_all_same: inner joining rows
INFO [2023-03-11 22:25:02] Writing ./results/a9c79163/collatedindex.parquet ...
DEBUG [2023-03-11 22:25:02] Rendered: input=2.calculate_index.Rmd
DEBUG [2023-03-11 22:25:02] Rendered: strip_text=/Users/shsingh/work/repos/software/cytominer/cytomining/evalzoo/matric/results/a9c79163/
INFO [2023-03-11 22:25:04] Loading index file ...
INFO [2023-03-11 22:25:04] Populating index with similarities ...
DEBUG [2023-03-11 22:25:04] Number of columns before NA filtering = 910
DEBUG [2023-03-11 22:25:04] Number of columns after NA filtering = 910
TRACE [2023-03-11 22:25:04] Using purrr for sequential processing
INFO [2023-03-11 22:25:04] Writing ./results/a9c79163/collatedsim.parquet ...
INFO [2023-03-11 22:25:04] Computing metrics ...
INFO [2023-03-11 22:25:04] Calculating metrics using sim_type_background = 'ref' ...
TRACE [2023-03-11 22:25:04] Compute metrics for signal=rep background=ref
TRACE [2023-03-11 22:25:04] Using furrr for parallel processing
TRACE [2023-03-11 22:25:04] function (..., workers = 8, envir = parent.frame()) 
strategy(..., workers = workers, envir = envir)
TRACE [2023-03-11 22:25:04]   Number of rows = 214
TRACE [2023-03-11 22:25:04]   Computing `sim_scaled` ...
TRACE [2023-03-11 22:25:04]   Computing `sim_ranked_relrank` ...
TRACE [2023-03-11 22:25:05]   Computing summaries ...
TRACE [2023-03-11 22:25:05]   Setting up retrieval ...
TRACE [2023-03-11 22:25:05]   Computing average precision ...
TRACE [2023-03-11 22:25:05]   Computing R-precision ...
TRACE [2023-03-11 22:25:05]   Wrapping up metrics ...
TRACE [2023-03-11 22:25:05] Completed metrics for signal=rep background=ref
WARN [2023-03-11 22:25:05] Empty metrics data frame; no p-values to compute
INFO [2023-03-11 22:25:05] Calculating metrics using sim_type_background = 'non_rep' because `any_different_cols_non_rep` is not NULL ...
TRACE [2023-03-11 22:25:05] Compute metrics for signal=rep background=non_rep
TRACE [2023-03-11 22:25:05] Using furrr for parallel processing
TRACE [2023-03-11 22:25:05] function (..., workers = 8, envir = parent.frame()) 
strategy(..., workers = workers, envir = envir)
TRACE [2023-03-11 22:25:05]   Number of rows = 214
TRACE [2023-03-11 22:25:05]   Computing `sim_scaled` ...
TRACE [2023-03-11 22:25:05]   Computing `sim_ranked_relrank` ...
TRACE [2023-03-11 22:25:09]   Computing summaries ...
TRACE [2023-03-11 22:25:09]   Setting up retrieval ...
TRACE [2023-03-11 22:25:10]   Computing average precision ...
TRACE [2023-03-11 22:25:11]   Computing R-precision ...
TRACE [2023-03-11 22:25:12]   Wrapping up metrics ...
TRACE [2023-03-11 22:25:12] Completed metrics for signal=rep background=non_rep
INFO [2023-03-11 22:25:37] Writing ./results/a9c79163/metrics_level_1_0_ref.parquet...
INFO [2023-03-11 22:25:37] Writing ./results/a9c79163/metrics_level_1_ref.parquet...
INFO [2023-03-11 22:25:37] Writing ./results/a9c79163/metrics_level_1_0_non_rep.parquet...
INFO [2023-03-11 22:25:37] Writing ./results/a9c79163/metrics_level_1_non_rep.parquet...
INFO [2023-03-11 22:25:37] Writing indicator file ./results/a9c79163/metrics.done ...
DEBUG [2023-03-11 22:25:38] Rendered: input=3.calculate_metrics.Rmd
DEBUG [2023-03-11 22:25:38] Rendered: strip_text=/Users/shsingh/work/repos/software/cytominer/cytomining/evalzoo/matric/results/a9c79163/
INFO [2023-03-11 22:25:38] Reading ./results/a9c79163/metrics_level_1_0_non_rep.parquet ...
INFO [2023-03-11 22:25:38] Reading ./results/a9c79163/metrics_level_1_non_rep.parquet ...
DEBUG [2023-03-11 22:25:52] Rendered: input=5.inspect_metrics.Rmd
DEBUG [2023-03-11 22:25:52] Rendered: strip_text=/Users/shsingh/work/repos/software/cytominer/cytomining/evalzoo/matric/results/a9c79163/
DEBUG [2023-03-11 22:25:52] Rendered: input=0.knit-notebooks.Rmd
DEBUG [2023-03-11 22:25:52] Rendered: strip_text=/Users/shsingh/work/repos/software/cytominer/cytomining/evalzoo/matric/results/a9c79163/
