INFO [2022-12-13 13:56:36] Logging to results/26a1819d/run.log...
INFO [2022-12-13 13:56:36] Loading /Users/shsingh/work/projects/2019_07_11_JUMP-CP/workspace/software/pilot-cpjump1-data/collated/2020_11_04_CPJUMP1/2020_11_04_CPJUMP1_U2OS_48_Compound_Standard_normalized_feature_select_negcon.parquet ...
INFO [2022-12-13 13:56:40] Reading results/b81b14e5/metrics_level_1_ref_null_adjusted.parquet ...
INFO [2022-12-13 13:56:40] Number of rows in metrics = 306
INFO [2022-12-13 13:56:40] Number of rows in profiles_experiment_other = 320
INFO [2022-12-13 13:56:40] Number of rows in profiles_experiment_other_filtered = 216
INFO [2022-12-13 13:56:40] Number of rows in profiles_experiment = 384
INFO [2022-12-13 13:56:40] Number of rows in profiles_experiment_filtered = 280
INFO [2022-12-13 13:56:40] Writing results/26a1819d/profiles.parquet ...
INFO [2022-12-13 13:56:43] Calculating index ...
INFO [2022-12-13 13:56:43] Performing all similarity calculations because `all_same_cols_non_rep` is not NULL ...
DEBUG [2022-12-13 13:56:43] Number of columns before NA filtering = 917
DEBUG [2022-12-13 13:56:43] Number of columns after NA filtering = 917
INFO [2022-12-13 13:56:43] Writing results/26a1819d/index.parquet ...
INFO [2022-12-13 13:56:43] Writing results/26a1819d/index.parquet ...
INFO [2022-12-13 13:56:44] Collate and annotate index ...
DEBUG [2022-12-13 13:56:44] sim_filter_all_same: annotating rows
DEBUG [2022-12-13 13:56:44] sim_filter_all_same: inner joining rows
INFO [2022-12-13 13:56:44] Writing results/26a1819d/collatedindex.parquet ...
INFO [2022-12-13 13:56:49] Loading index file ...
INFO [2022-12-13 13:56:49] Populating index with similarities ...
DEBUG [2022-12-13 13:56:49] Number of columns before NA filtering = 917
DEBUG [2022-12-13 13:56:49] Number of columns after NA filtering = 917
TRACE [2022-12-13 13:56:49] Using purrr for sequential processing
INFO [2022-12-13 13:56:49] Writing results/26a1819d/collatedsim.parquet ...
INFO [2022-12-13 13:56:50] Computing metrics ...
INFO [2022-12-13 13:56:50] Calculating metrics using sim_type_background = 'ref' ...
TRACE [2022-12-13 13:56:50] Compute metrics for signal=rep background=ref
TRACE [2022-12-13 13:56:50] Using furrr for parallel processing
TRACE [2022-12-13 13:56:50] function (..., envir = parent.frame(), workers = 8) 
strategy(..., envir = envir, workers = workers)
TRACE [2022-12-13 13:56:50]   Number of rows = 162
TRACE [2022-12-13 13:56:50]   Computing `sim_scaled` ...
TRACE [2022-12-13 13:56:51]   Computing `sim_ranked_relrank` ...
TRACE [2022-12-13 13:56:58]   Computing summaries ...
TRACE [2022-12-13 13:56:58]   Setting up retrieval ...
TRACE [2022-12-13 13:57:00]   Computing average precision ...
TRACE [2022-12-13 13:57:01]   Computing R-precision ...
TRACE [2022-12-13 13:57:01]   Wrapping up metrics ...
TRACE [2022-12-13 13:57:02] Completed metrics for signal=rep background=ref
INFO [2022-12-13 13:57:02] Calculating metrics using sim_type_background = 'non_rep' because `all_same_cols_non_rep` is not NULL ...
TRACE [2022-12-13 13:57:02] Compute metrics for signal=rep background=non_rep
TRACE [2022-12-13 13:57:02] Using furrr for parallel processing
TRACE [2022-12-13 13:57:02] function (..., envir = parent.frame(), workers = 8) 
strategy(..., envir = envir, workers = workers)
TRACE [2022-12-13 13:57:02]   Number of rows = 162
TRACE [2022-12-13 13:57:02]   Computing `sim_scaled` ...
TRACE [2022-12-13 13:57:03]   Computing `sim_ranked_relrank` ...
TRACE [2022-12-13 13:57:03]   Computing summaries ...
TRACE [2022-12-13 13:57:03]   Setting up retrieval ...
TRACE [2022-12-13 13:57:05]   Computing average precision ...
TRACE [2022-12-13 13:57:06]   Computing R-precision ...
TRACE [2022-12-13 13:57:07]   Wrapping up metrics ...
TRACE [2022-12-13 13:57:07] Completed metrics for signal=rep background=non_rep
INFO [2022-12-13 13:57:07] Writing results/26a1819d/metrics_level_1_0_ref.parquet...
INFO [2022-12-13 13:57:07] Writing results/26a1819d/metrics_level_1_ref.parquet...
INFO [2022-12-13 13:57:07] Writing results/26a1819d/metrics_level_1_0_non_rep.parquet...
INFO [2022-12-13 13:57:07] Writing results/26a1819d/metrics_level_1_non_rep.parquet...
INFO [2022-12-13 13:57:07] Writing indicator file results/26a1819d/metrics.done ...
INFO [2022-12-13 13:57:08] Reading results/26a1819d/metrics_level_1_0_ref.parquet ...
INFO [2022-12-13 13:57:09] Reading results/26a1819d/metrics_level_1_ref.parquet ...
INFO [2022-12-13 13:57:10] Compute retrieval random baseline for m = 1, n = 64
INFO [2022-12-13 13:57:28] Writing results/26a1819d/metrics_level_1_ref_null_adjusted.parquet ...
