INFO [2021-09-29 13:17:52] Logging to results/5d205c3f/run.log...
INFO [2021-09-29 13:17:52] Loading ~/Downloads//luad_dp.parquet ...
INFO [2021-09-29 13:18:23] Writing results/5d205c3f/profiles.parquet ...
INFO [2021-09-29 13:18:28] Calculating index ...
INFO [2021-09-29 13:18:30] Writing results/5d205c3f/index.parquet ...
INFO [2021-09-29 13:18:30] Writing results/5d205c3f/index.parquet ...
INFO [2021-09-29 13:18:30] Collate and annotate index ...
INFO [2021-09-29 13:18:31] Writing results/5d205c3f/collatedindex.parquet ...
INFO [2021-09-29 13:18:37] Loading index file ...
INFO [2021-09-29 13:18:37] Populating index with similarities ...
DEBUG [2021-09-29 13:18:40] Number of columns before NA filtering = 6404
DEBUG [2021-09-29 13:18:40] Number of columns after NA filtering = 6404
TRACE [2021-09-29 13:18:41] Using purrr for sequential processing
INFO [2021-09-29 13:18:41] Writing results/5d205c3f/collatedsim.parquet ...
INFO [2021-09-29 13:18:41] Computing metrics ...
TRACE [2021-09-29 13:18:41] Compute metrics for signal=rep background=ref
TRACE [2021-09-29 13:18:41] Using furrr for parallel processing
TRACE [2021-09-29 13:18:41] function (..., envir = parent.frame(), workers = 8) 
strategy(..., envir = envir, workers = workers)
TRACE [2021-09-29 13:18:41]   Number of rows = 512
TRACE [2021-09-29 13:18:41]   Computing `sim_scaled` ...
TRACE [2021-09-29 13:18:42]   Computing `sim_ranked_relrank` ...
TRACE [2021-09-29 13:18:49]   Computing summaries ...
TRACE [2021-09-29 13:18:49]   Setting up retrieval ...
TRACE [2021-09-29 13:18:50]   Computing average precision ...
TRACE [2021-09-29 13:18:51]   Computing R-precision ...
TRACE [2021-09-29 13:18:52]   Wrapping up metrics ...
TRACE [2021-09-29 13:18:52] Completed metrics for signal=rep background=ref
INFO [2021-09-29 13:18:52] Writing results/5d205c3f/metrics_level_1_0.parquet...
INFO [2021-09-29 13:18:52] Writing results/5d205c3f/metrics_level_1.parquet...
INFO [2021-09-29 13:18:52] Writing indicator file results/5d205c3f/metrics.done ...
INFO [2021-09-29 13:18:52] Reading results/5d205c3f/metrics_level_1.parquet ...
