INFO [2022-12-19 19:33:36] Logging to results/c79323bd/run.log...
INFO [2022-12-19 19:33:36] Loading /Users/shsingh/work/projects/2019_07_11_JUMP-CP/workspace/software/pilot-cpjump1-data/collated/2020_11_04_CPJUMP1/2020_11_04_CPJUMP1_U2OS_48_Compound_Standard_normalized_feature_select_negcon.parquet ...
INFO [2022-12-19 19:33:40] Reading results/2a9999be/metrics_level_1_ref_null_adjusted.parquet ...
INFO [2022-12-19 19:33:40] Selecting the following column from metrics: Metadata_cell_line
INFO [2022-12-19 19:33:40] Selecting the following column from metrics: Metadata_timepoint
INFO [2022-12-19 19:33:40] Selecting the following column from metrics: Metadata_experiment_type
INFO [2022-12-19 19:33:40] Selecting the following column from metrics: Metadata_experiment_condition
INFO [2022-12-19 19:33:40] Selecting the following column from metrics: Metadata_target
INFO [2022-12-19 19:33:40] Selecting the following column from metrics: Metadata_broad_sample
INFO [2022-12-19 19:33:40] Selecting the following column from metrics: Metadata_reference_or_other
INFO [2022-12-19 19:33:40] Number of rows in metrics = 306
INFO [2022-12-19 19:33:40] Number of rows in profiles_experiment_other = 320
INFO [2022-12-19 19:33:40] Number of rows in profiles_experiment_other_filtered = 161
INFO [2022-12-19 19:33:40] Number of rows in profiles_experiment = 384
INFO [2022-12-19 19:33:40] Number of rows in profiles_experiment_filtered = 225
INFO [2022-12-19 19:33:40] Writing results/c79323bd/profiles.parquet ...
INFO [2022-12-19 19:33:42] Calculating index ...
INFO [2022-12-19 19:33:42] Performing all similarity calculations because `any_different_cols_non_rep` is not NULL ...
DEBUG [2022-12-19 19:33:43] Number of columns before NA filtering = 916
DEBUG [2022-12-19 19:33:43] Number of columns after NA filtering = 916
INFO [2022-12-19 19:33:43] Writing results/c79323bd/index.parquet ...
INFO [2022-12-19 19:33:43] Writing results/c79323bd/index.parquet ...
INFO [2022-12-19 19:33:43] Collate and annotate index ...
DEBUG [2022-12-19 19:33:43] sim_filter_all_same: annotating rows
DEBUG [2022-12-19 19:33:43] sim_filter_all_same: inner joining rows
INFO [2022-12-19 19:33:43] Writing results/c79323bd/collatedindex.parquet ...
INFO [2022-12-19 19:33:46] Loading index file ...
INFO [2022-12-19 19:33:46] Populating index with similarities ...
DEBUG [2022-12-19 19:33:47] Number of columns before NA filtering = 916
DEBUG [2022-12-19 19:33:47] Number of columns after NA filtering = 916
TRACE [2022-12-19 19:33:47] Using purrr for sequential processing
INFO [2022-12-19 19:33:47] Writing results/c79323bd/collatedsim.parquet ...
INFO [2022-12-19 19:33:47] Computing metrics ...
INFO [2022-12-19 19:33:47] Calculating metrics using sim_type_background = 'ref' ...
TRACE [2022-12-19 19:33:47] Compute metrics for signal=rep background=ref
TRACE [2022-12-19 19:33:47] Using furrr for parallel processing
TRACE [2022-12-19 19:33:47] function (..., workers = 8, envir = parent.frame()) 
strategy(..., workers = workers, envir = envir)
TRACE [2022-12-19 19:33:47]   Number of rows = 104
TRACE [2022-12-19 19:33:47]   Computing `sim_scaled` ...
TRACE [2022-12-19 19:33:48]   Computing `sim_ranked_relrank` ...
TRACE [2022-12-19 19:33:53]   Computing summaries ...
TRACE [2022-12-19 19:33:53]   Setting up retrieval ...
TRACE [2022-12-19 19:33:54]   Computing average precision ...
TRACE [2022-12-19 19:33:54]   Computing R-precision ...
TRACE [2022-12-19 19:33:55]   Wrapping up metrics ...
TRACE [2022-12-19 19:33:55] Completed metrics for signal=rep background=ref
INFO [2022-12-19 19:33:55] Calculating metrics using sim_type_background = 'non_rep' because `any_different_cols_non_rep` is not NULL ...
TRACE [2022-12-19 19:33:55] Compute metrics for signal=rep background=non_rep
TRACE [2022-12-19 19:33:55] Using furrr for parallel processing
TRACE [2022-12-19 19:33:55] function (..., workers = 8, envir = parent.frame()) 
strategy(..., workers = workers, envir = envir)
TRACE [2022-12-19 19:33:55]   Number of rows = 104
TRACE [2022-12-19 19:33:55]   Computing `sim_scaled` ...
TRACE [2022-12-19 19:33:56]   Computing `sim_ranked_relrank` ...
TRACE [2022-12-19 19:33:56]   Computing summaries ...
TRACE [2022-12-19 19:33:56]   Setting up retrieval ...
TRACE [2022-12-19 19:33:57]   Computing average precision ...
TRACE [2022-12-19 19:33:57]   Computing R-precision ...
TRACE [2022-12-19 19:33:58]   Wrapping up metrics ...
TRACE [2022-12-19 19:33:58] Completed metrics for signal=rep background=non_rep
INFO [2022-12-19 19:33:58] Writing results/c79323bd/metrics_level_1_0_ref.parquet...
INFO [2022-12-19 19:33:58] Writing results/c79323bd/metrics_level_1_ref.parquet...
INFO [2022-12-19 19:33:58] Writing results/c79323bd/metrics_level_1_0_non_rep.parquet...
INFO [2022-12-19 19:33:58] Writing results/c79323bd/metrics_level_1_non_rep.parquet...
INFO [2022-12-19 19:33:58] Writing indicator file results/c79323bd/metrics.done ...
INFO [2022-12-19 19:34:02] Reading results/c79323bd/metrics_level_1_0_non_rep.parquet ...
INFO [2022-12-19 19:34:02] Reading results/c79323bd/metrics_level_1_non_rep.parquet ...
INFO [2022-12-19 19:34:19] Writing results/c79323bd/metrics_level_1_0_non_rep_null_adjusted.parquet ...
INFO [2022-12-19 19:34:19] Writing results/c79323bd/metrics_level_1_non_rep_null_adjusted.parquet ...
INFO [2022-12-19 19:34:20] Reading results/c79323bd/metrics_level_1_0_non_rep_null_adjusted.parquet ...
INFO [2022-12-19 19:34:20] Reading results/c79323bd/metrics_level_1_non_rep_null_adjusted.parquet ...
