INFO [2022-12-13 16:28:06] Logging to results/4d36631a/run.log...
INFO [2022-12-13 16:28:06] Loading /Users/shsingh/work/projects/2019_07_11_JUMP-CP/workspace/software/2021_Chandrasekaran_submitted/profiles/2020_11_04_CPJUMP1/BR00116991/BR00116991_normalized_feature_select_negcon_batch.csv.gz ...
INFO [2022-12-13 16:28:08] Adding a column Metadata_Plate = BR00116991 to /Users/shsingh/work/projects/2019_07_11_JUMP-CP/workspace/software/2021_Chandrasekaran_submitted/profiles/2020_11_04_CPJUMP1/BR00116991/BR00116991_normalized_feature_select_negcon_batch.csv.gz...
INFO [2022-12-13 16:28:08] Loading /Users/shsingh/work/projects/2019_07_11_JUMP-CP/workspace/software/2021_Chandrasekaran_submitted/profiles/2020_11_04_CPJUMP1/BR00116992/BR00116992_normalized_feature_select_negcon_batch.csv.gz ...
INFO [2022-12-13 16:28:09] Adding a column Metadata_Plate = BR00116992 to /Users/shsingh/work/projects/2019_07_11_JUMP-CP/workspace/software/2021_Chandrasekaran_submitted/profiles/2020_11_04_CPJUMP1/BR00116992/BR00116992_normalized_feature_select_negcon_batch.csv.gz...
INFO [2022-12-13 16:28:09] Loading /Users/shsingh/work/projects/2019_07_11_JUMP-CP/workspace/software/2021_Chandrasekaran_submitted/profiles/2020_11_04_CPJUMP1/BR00116993/BR00116993_normalized_feature_select_negcon_batch.csv.gz ...
INFO [2022-12-13 16:28:11] Adding a column Metadata_Plate = BR00116993 to /Users/shsingh/work/projects/2019_07_11_JUMP-CP/workspace/software/2021_Chandrasekaran_submitted/profiles/2020_11_04_CPJUMP1/BR00116993/BR00116993_normalized_feature_select_negcon_batch.csv.gz...
INFO [2022-12-13 16:28:11] Loading /Users/shsingh/work/projects/2019_07_11_JUMP-CP/workspace/software/2021_Chandrasekaran_submitted/profiles/2020_11_04_CPJUMP1/BR00116994/BR00116994_normalized_feature_select_negcon_batch.csv.gz ...
INFO [2022-12-13 16:28:12] Adding a column Metadata_Plate = BR00116994 to /Users/shsingh/work/projects/2019_07_11_JUMP-CP/workspace/software/2021_Chandrasekaran_submitted/profiles/2020_11_04_CPJUMP1/BR00116994/BR00116994_normalized_feature_select_negcon_batch.csv.gz...
INFO [2022-12-13 16:28:16] Reading results/1f5aa646/metrics_level_1_ref_null_adjusted.parquet ...
INFO [2022-12-13 16:28:16] Selecting the following column from metrics: Metadata_broad_sample
INFO [2022-12-13 16:28:16] Selecting the following column from metrics: Metadata_control_type
INFO [2022-12-13 16:28:16] Selecting the following column from metrics: Metadata_reference_or_other
INFO [2022-12-13 16:28:16] Number of rows in metrics = 306
INFO [2022-12-13 16:28:16] Number of rows in profiles_experiment_other = 320
INFO [2022-12-13 16:28:16] Number of rows in profiles_experiment_other_filtered = 288
INFO [2022-12-13 16:28:16] Number of rows in profiles_experiment = 384
INFO [2022-12-13 16:28:16] Number of rows in profiles_experiment_filtered = 352
INFO [2022-12-13 16:28:17] Number of rows in external_metadata = 307
INFO [2022-12-13 16:28:17] Number of rows in profiles_experiment before joining external metadata = 352
INFO [2022-12-13 16:28:17] Number of rows in profiles_experiment after joining external metadata = 352
INFO [2022-12-13 16:28:17] Adding dummy metadata column `Metadata_dummy` with value 0 throughout for all rows
INFO [2022-12-13 16:28:17] Writing results/4d36631a/profiles.parquet ...
INFO [2022-12-13 16:28:21] Calculating index ...
INFO [2022-12-13 16:28:21] Performing all similarity calculations because `any_different_cols_non_rep` is not NULL ...
DEBUG [2022-12-13 16:28:22] Number of columns before NA filtering = 910
DEBUG [2022-12-13 16:28:22] Number of columns after NA filtering = 910
INFO [2022-12-13 16:28:22] Writing results/4d36631a/index.parquet ...
INFO [2022-12-13 16:28:22] Writing results/4d36631a/index.parquet ...
INFO [2022-12-13 16:28:22] Collate and annotate index ...
DEBUG [2022-12-13 16:28:22] sim_filter_all_same: inner joining rows
INFO [2022-12-13 16:28:22] Writing results/4d36631a/collatedindex.parquet ...
INFO [2022-12-13 16:28:25] Loading index file ...
INFO [2022-12-13 16:28:25] Populating index with similarities ...
DEBUG [2022-12-13 16:28:26] Number of columns before NA filtering = 910
DEBUG [2022-12-13 16:28:26] Number of columns after NA filtering = 910
TRACE [2022-12-13 16:28:26] Using purrr for sequential processing
INFO [2022-12-13 16:28:26] Writing results/4d36631a/collatedsim.parquet ...
INFO [2022-12-13 16:28:26] Computing metrics ...
INFO [2022-12-13 16:28:26] Calculating metrics using sim_type_background = 'ref' ...
TRACE [2022-12-13 16:28:26] Compute metrics for signal=rep background=ref
TRACE [2022-12-13 16:28:26] Using furrr for parallel processing
TRACE [2022-12-13 16:28:26] function (..., envir = parent.frame(), workers = 8) 
strategy(..., envir = envir, workers = workers)
TRACE [2022-12-13 16:28:27]   Number of rows = 96
TRACE [2022-12-13 16:28:27]   Computing `sim_scaled` ...
TRACE [2022-12-13 16:28:27]   Computing `sim_ranked_relrank` ...
TRACE [2022-12-13 16:28:27]   Computing summaries ...
TRACE [2022-12-13 16:28:27]   Setting up retrieval ...
TRACE [2022-12-13 16:28:27]   Computing average precision ...
TRACE [2022-12-13 16:28:27]   Computing R-precision ...
TRACE [2022-12-13 16:28:27]   Wrapping up metrics ...
TRACE [2022-12-13 16:28:27] Completed metrics for signal=rep background=ref
INFO [2022-12-13 16:28:27] Calculating metrics using sim_type_background = 'non_rep' because `any_different_cols_non_rep` is not NULL ...
TRACE [2022-12-13 16:28:27] Compute metrics for signal=rep background=non_rep
TRACE [2022-12-13 16:28:27] Using furrr for parallel processing
TRACE [2022-12-13 16:28:27] function (..., envir = parent.frame(), workers = 8) 
strategy(..., envir = envir, workers = workers)
TRACE [2022-12-13 16:28:27]   Number of rows = 96
TRACE [2022-12-13 16:28:27]   Computing `sim_scaled` ...
TRACE [2022-12-13 16:28:28]   Computing `sim_ranked_relrank` ...
TRACE [2022-12-13 16:28:33]   Computing summaries ...
TRACE [2022-12-13 16:28:33]   Setting up retrieval ...
TRACE [2022-12-13 16:28:34]   Computing average precision ...
TRACE [2022-12-13 16:28:35]   Computing R-precision ...
TRACE [2022-12-13 16:28:35]   Wrapping up metrics ...
TRACE [2022-12-13 16:28:35] Completed metrics for signal=rep background=non_rep
INFO [2022-12-13 16:28:35] Writing results/4d36631a/metrics_level_1_0_ref.parquet...
INFO [2022-12-13 16:28:35] Writing results/4d36631a/metrics_level_1_ref.parquet...
INFO [2022-12-13 16:28:35] Writing results/4d36631a/metrics_level_1_0_non_rep.parquet...
INFO [2022-12-13 16:28:35] Writing results/4d36631a/metrics_level_1_non_rep.parquet...
INFO [2022-12-13 16:28:35] Writing indicator file results/4d36631a/metrics.done ...
INFO [2022-12-13 16:28:36] Reading results/4d36631a/metrics_level_1_0_non_rep.parquet ...
INFO [2022-12-13 16:28:36] Reading results/4d36631a/metrics_level_1_non_rep.parquet ...
INFO [2022-12-13 16:28:37] Compute retrieval random baseline for m = 1, n = 287
INFO [2022-12-13 16:28:51] Compute retrieval random baseline for m = 1, n = 286
INFO [2022-12-13 16:29:06] Writing results/4d36631a/metrics_level_1_non_rep_null_adjusted.parquet ...
