INFO [2022-07-23 08:27:10] Logging to results/d3531f02/run.log...
INFO [2022-07-23 08:27:10] Loading https://github.com/broadinstitute/grit-benchmark/raw/main/1.calculate-metrics/cell-health/data//cell_health_merged_feature_select.csv.gz ...
INFO [2022-07-23 08:27:13] Writing results/d3531f02/profiles.parquet ...
INFO [2022-07-23 08:27:14] Calculating index ...
DEBUG [2022-07-23 08:27:15] Number of columns before NA filtering = 399
DEBUG [2022-07-23 08:27:15] Number of columns after NA filtering = 399
INFO [2022-07-23 08:27:16] Writing results/d3531f02/index.parquet ...
INFO [2022-07-23 08:27:16] Writing results/d3531f02/index.parquet ...
INFO [2022-07-23 08:27:16] Collate and annotate index ...
DEBUG [2022-07-23 08:27:16] sim_filter_all_same: annotating rows
DEBUG [2022-07-23 08:27:16] sim_filter_all_same: annotating rows
INFO [2022-07-23 08:27:16] Writing results/d3531f02/collatedindex.parquet ...
INFO [2022-07-23 08:27:20] Loading index file ...
INFO [2022-07-23 08:27:20] Populating index with similarities ...
DEBUG [2022-07-23 08:27:20] Number of columns before NA filtering = 399
DEBUG [2022-07-23 08:27:20] Number of columns after NA filtering = 399
TRACE [2022-07-23 08:27:20] Using purrr for sequential processing
INFO [2022-07-23 08:27:20] Writing results/d3531f02/collatedsim.parquet ...
INFO [2022-07-23 08:27:20] Computing metrics ...
TRACE [2022-07-23 08:27:20] Compute metrics for signal=rep background=ref
TRACE [2022-07-23 08:27:20] Using furrr for parallel processing
TRACE [2022-07-23 08:27:20] function (..., envir = parent.frame(), workers = 8) 
strategy(..., envir = envir, workers = workers)
TRACE [2022-07-23 08:27:20]   Number of rows = 309
TRACE [2022-07-23 08:27:20]   Computing `sim_scaled` ...
TRACE [2022-07-23 08:27:21]   Computing `sim_ranked_relrank` ...
TRACE [2022-07-23 08:27:25]   Computing summaries ...
TRACE [2022-07-23 08:27:25]   Setting up retrieval ...
TRACE [2022-07-23 08:27:26]   Computing average precision ...
TRACE [2022-07-23 08:27:27]   Computing R-precision ...
TRACE [2022-07-23 08:27:28]   Wrapping up metrics ...
TRACE [2022-07-23 08:27:28] Completed metrics for signal=rep background=ref
INFO [2022-07-23 08:27:28] Writing results/d3531f02/metrics_level_1_0.parquet...
INFO [2022-07-23 08:27:28] Writing results/d3531f02/metrics_level_1.parquet...
INFO [2022-07-23 08:27:28] Writing indicator file results/d3531f02/metrics.done ...
INFO [2022-07-23 08:27:29] Reading results/d3531f02/metrics_level_1.parquet ...
INFO [2022-07-23 08:27:29] Reading results/d3531f02/metrics_level_1_0.parquet ...
