INFO [2022-12-13 13:58:42] Logging to results/c898905c/run.log...
INFO [2022-12-13 13:58:42] Loading /Users/shsingh/work/projects/2019_07_11_JUMP-CP/workspace/software/pilot-cpjump1-data/collated/2020_11_04_CPJUMP1/2020_11_04_CPJUMP1_U2OS_48_Compound_Standard_normalized_feature_select_negcon.parquet ...
INFO [2022-12-13 13:58:47] Reading results/b81b14e5/metrics_level_1_ref_null_adjusted.parquet ...
INFO [2022-12-13 13:58:48] Number of rows in metrics = 306
INFO [2022-12-13 13:58:48] Number of rows in profiles_experiment_other = 320
INFO [2022-12-13 13:58:48] Number of rows in profiles_experiment_other_filtered = 216
INFO [2022-12-13 13:58:48] Number of rows in profiles_experiment = 384
INFO [2022-12-13 13:58:48] Number of rows in profiles_experiment_filtered = 280
INFO [2022-12-13 13:58:48] Writing results/c898905c/profiles.parquet ...
INFO [2022-12-13 13:58:51] Calculating index ...
INFO [2022-12-13 13:58:51] Performing all similarity calculations because `all_same_cols_non_rep` is not NULL ...
DEBUG [2022-12-13 13:58:52] Number of columns before NA filtering = 917
DEBUG [2022-12-13 13:58:52] Number of columns after NA filtering = 917
INFO [2022-12-13 13:58:52] Writing results/c898905c/index.parquet ...
INFO [2022-12-13 13:58:52] Writing results/c898905c/index.parquet ...
INFO [2022-12-13 13:58:52] Collate and annotate index ...
DEBUG [2022-12-13 13:58:52] sim_filter_all_same: annotating rows
DEBUG [2022-12-13 13:58:52] sim_filter_all_same: inner joining rows
INFO [2022-12-13 13:58:53] Writing results/c898905c/collatedindex.parquet ...
INFO [2022-12-13 13:58:57] Loading index file ...
INFO [2022-12-13 13:58:57] Populating index with similarities ...
DEBUG [2022-12-13 13:58:58] Number of columns before NA filtering = 917
DEBUG [2022-12-13 13:58:58] Number of columns after NA filtering = 917
TRACE [2022-12-13 13:58:58] Using purrr for sequential processing
INFO [2022-12-13 13:58:58] Writing results/c898905c/collatedsim.parquet ...
INFO [2022-12-13 13:58:59] Computing metrics ...
INFO [2022-12-13 13:58:59] Calculating metrics using sim_type_background = 'ref' ...
TRACE [2022-12-13 13:58:59] Compute metrics for signal=rep background=ref
TRACE [2022-12-13 13:58:59] Using furrr for parallel processing
TRACE [2022-12-13 13:58:59] function (..., envir = parent.frame(), workers = 8) 
strategy(..., envir = envir, workers = workers)
TRACE [2022-12-13 13:58:59]   Number of rows = 162
TRACE [2022-12-13 13:58:59]   Computing `sim_scaled` ...
TRACE [2022-12-13 13:59:00]   Computing `sim_ranked_relrank` ...
TRACE [2022-12-13 13:59:05]   Computing summaries ...
TRACE [2022-12-13 13:59:05]   Setting up retrieval ...
TRACE [2022-12-13 13:59:06]   Computing average precision ...
TRACE [2022-12-13 13:59:07]   Computing R-precision ...
TRACE [2022-12-13 13:59:08]   Wrapping up metrics ...
TRACE [2022-12-13 13:59:08] Completed metrics for signal=rep background=ref
INFO [2022-12-13 13:59:08] Calculating metrics using sim_type_background = 'non_rep' because `all_same_cols_non_rep` is not NULL ...
TRACE [2022-12-13 13:59:08] Compute metrics for signal=rep background=non_rep
TRACE [2022-12-13 13:59:08] Using furrr for parallel processing
TRACE [2022-12-13 13:59:08] function (..., envir = parent.frame(), workers = 8) 
strategy(..., envir = envir, workers = workers)
TRACE [2022-12-13 13:59:09]   Number of rows = 162
TRACE [2022-12-13 13:59:09]   Computing `sim_scaled` ...
TRACE [2022-12-13 13:59:10]   Computing `sim_ranked_relrank` ...
TRACE [2022-12-13 13:59:10]   Computing summaries ...
TRACE [2022-12-13 13:59:10]   Setting up retrieval ...
TRACE [2022-12-13 13:59:11]   Computing average precision ...
TRACE [2022-12-13 13:59:12]   Computing R-precision ...
TRACE [2022-12-13 13:59:13]   Wrapping up metrics ...
TRACE [2022-12-13 13:59:13] Completed metrics for signal=rep background=non_rep
INFO [2022-12-13 13:59:13] Writing results/c898905c/metrics_level_1_0_ref.parquet...
INFO [2022-12-13 13:59:13] Writing results/c898905c/metrics_level_1_ref.parquet...
INFO [2022-12-13 13:59:13] Writing results/c898905c/metrics_level_1_0_non_rep.parquet...
INFO [2022-12-13 13:59:13] Writing results/c898905c/metrics_level_1_non_rep.parquet...
INFO [2022-12-13 13:59:13] Writing indicator file results/c898905c/metrics.done ...
INFO [2022-12-13 13:59:15] Reading results/c898905c/metrics_level_1_0_non_rep.parquet ...
INFO [2022-12-13 13:59:15] Reading results/c898905c/metrics_level_1_non_rep.parquet ...
INFO [2022-12-13 13:59:16] Compute retrieval random baseline for m = 1, n = 215
INFO [2022-12-13 13:59:29] Compute retrieval random baseline for m = 1, n = 214
INFO [2022-12-13 13:59:45] Writing results/c898905c/metrics_level_1_non_rep_null_adjusted.parquet ...
