INFO [2023-03-11 20:54:05] Logging to ./results/3779c75e/run.log...
INFO [2023-03-11 20:54:05] Loading /Users/shsingh/work/projects/grit-benchmark/1.calculate-metrics/cell-health/data//cell_health_merged_feature_select.csv.gz ...
INFO [2023-03-11 20:54:08] Number of variables in profiles before drop_na_columns  = 395
INFO [2023-03-11 20:54:09] Number of variables in profiles after drop_na_columns  = 395
INFO [2023-03-11 20:54:09] Number of rows in profiles before drop_na_rows  = 357
INFO [2023-03-11 20:54:09] Number of rows in profiles after drop_na_rows  = 357
INFO [2023-03-11 20:54:10] Adding dummy metadata column `Metadata_dummy` with value 0 throughout for all rows
INFO [2023-03-11 20:54:10] Writing ./results/3779c75e/profiles.parquet ...
DEBUG [2023-03-11 20:54:10] Rendered: input=1.prepare_data.Rmd
DEBUG [2023-03-11 20:54:10] Rendered: strip_text=/Users/shsingh/work/repos/software/cytominer/cytomining/evalzoo/matric/results/3779c75e/
INFO [2023-03-11 20:54:11] Calculating index ...
INFO [2023-03-11 20:54:11] Reducing similarity calculations because `any_different_cols_non_rep` is NULL ...
DEBUG [2023-03-11 20:54:11] Number of columns before NA filtering = 400
DEBUG [2023-03-11 20:54:11] Number of columns after NA filtering = 400
INFO [2023-03-11 20:54:11] Writing ./results/3779c75e/index.parquet ...
INFO [2023-03-11 20:54:11] Writing ./results/3779c75e/index.parquet ...
INFO [2023-03-11 20:54:11] Collate and annotate index ...
DEBUG [2023-03-11 20:54:11] sim_filter_all_same: annotating rows
DEBUG [2023-03-11 20:54:12] sim_filter_all_same: annotating rows
INFO [2023-03-11 20:54:12] Writing ./results/3779c75e/collatedindex.parquet ...
DEBUG [2023-03-11 20:54:12] Rendered: input=2.calculate_index.Rmd
DEBUG [2023-03-11 20:54:12] Rendered: strip_text=/Users/shsingh/work/repos/software/cytominer/cytomining/evalzoo/matric/results/3779c75e/
INFO [2023-03-11 20:54:13] Loading index file ...
INFO [2023-03-11 20:54:13] Populating index with similarities ...
DEBUG [2023-03-11 20:54:13] Number of columns before NA filtering = 400
DEBUG [2023-03-11 20:54:13] Number of columns after NA filtering = 400
TRACE [2023-03-11 20:54:13] Using purrr for sequential processing
INFO [2023-03-11 20:54:14] Writing ./results/3779c75e/collatedsim.parquet ...
INFO [2023-03-11 20:54:14] Computing metrics ...
INFO [2023-03-11 20:54:14] Calculating metrics using sim_type_background = 'ref' ...
TRACE [2023-03-11 20:54:14] Compute metrics for signal=rep background=ref
TRACE [2023-03-11 20:54:14] Using furrr for parallel processing
TRACE [2023-03-11 20:54:14] function (..., workers = 8, envir = parent.frame()) 
strategy(..., workers = workers, envir = envir)
TRACE [2023-03-11 20:54:14]   Number of rows = 324
TRACE [2023-03-11 20:54:14]   Computing `sim_scaled` ...
TRACE [2023-03-11 20:54:14]   Computing `sim_ranked_relrank` ...
TRACE [2023-03-11 20:54:18]   Computing summaries ...
TRACE [2023-03-11 20:54:18]   Setting up retrieval ...
TRACE [2023-03-11 20:54:20]   Computing average precision ...
TRACE [2023-03-11 20:54:20]   Computing R-precision ...
TRACE [2023-03-11 20:54:21]   Wrapping up metrics ...
TRACE [2023-03-11 20:54:21] Completed metrics for signal=rep background=ref
TRACE [2023-03-11 20:54:48] Compute metrics for signal=rep_group background=ref
TRACE [2023-03-11 20:54:48] Using furrr for parallel processing
TRACE [2023-03-11 20:54:48] function (..., workers = 8, envir = parent.frame()) 
strategy(..., workers = workers, envir = envir)
TRACE [2023-03-11 20:54:48]   Number of rows = 58
TRACE [2023-03-11 20:54:48]   Computing `sim_scaled` ...
TRACE [2023-03-11 20:54:48]   Computing `sim_ranked_relrank` ...
TRACE [2023-03-11 20:54:48]   Computing summaries ...
TRACE [2023-03-11 20:54:48]   Setting up retrieval ...
TRACE [2023-03-11 20:54:48]   Computing average precision ...
TRACE [2023-03-11 20:54:48]   Computing R-precision ...
TRACE [2023-03-11 20:54:49]   Wrapping up metrics ...
TRACE [2023-03-11 20:54:49] Completed metrics for signal=rep_group background=ref
INFO [2023-03-11 20:55:21] Writing ./results/3779c75e/metrics_level_1_0_ref.parquet...
INFO [2023-03-11 20:55:21] Writing ./results/3779c75e/metrics_level_1_ref.parquet...
INFO [2023-03-11 20:55:21] Writing ./results/3779c75e/metrics_level_2_1_ref.parquet...
INFO [2023-03-11 20:55:21] Writing indicator file ./results/3779c75e/metrics.done ...
DEBUG [2023-03-11 20:55:22] Rendered: input=3.calculate_metrics.Rmd
DEBUG [2023-03-11 20:55:22] Rendered: strip_text=/Users/shsingh/work/repos/software/cytominer/cytomining/evalzoo/matric/results/3779c75e/
INFO [2023-03-11 20:55:22] Reading ./results/3779c75e/metrics_level_1_0_ref.parquet ...
INFO [2023-03-11 20:55:22] Reading ./results/3779c75e/metrics_level_1_ref.parquet ...
DEBUG [2023-03-11 20:55:34] Rendered: input=5.inspect_metrics.Rmd
DEBUG [2023-03-11 20:55:34] Rendered: strip_text=/Users/shsingh/work/repos/software/cytominer/cytomining/evalzoo/matric/results/3779c75e/
DEBUG [2023-03-11 20:55:35] Rendered: input=0.knit-notebooks.Rmd
DEBUG [2023-03-11 20:55:35] Rendered: strip_text=/Users/shsingh/work/repos/software/cytominer/cytomining/evalzoo/matric/results/3779c75e/
