INFO [2022-12-19 19:14:23] Logging to results/90ef1d9e/run.log...
INFO [2022-12-19 19:14:23] Loading /Users/shsingh/work/projects/2019_07_11_JUMP-CP/workspace/software/2021_Chandrasekaran_submitted/profiles/2020_11_04_CPJUMP1/BR00116991/BR00116991_normalized_feature_select_negcon_batch.csv.gz ...
INFO [2022-12-19 19:14:25] Adding a column Metadata_Plate = BR00116991 to /Users/shsingh/work/projects/2019_07_11_JUMP-CP/workspace/software/2021_Chandrasekaran_submitted/profiles/2020_11_04_CPJUMP1/BR00116991/BR00116991_normalized_feature_select_negcon_batch.csv.gz...
INFO [2022-12-19 19:14:25] Loading /Users/shsingh/work/projects/2019_07_11_JUMP-CP/workspace/software/2021_Chandrasekaran_submitted/profiles/2020_11_04_CPJUMP1/BR00116992/BR00116992_normalized_feature_select_negcon_batch.csv.gz ...
INFO [2022-12-19 19:14:26] Adding a column Metadata_Plate = BR00116992 to /Users/shsingh/work/projects/2019_07_11_JUMP-CP/workspace/software/2021_Chandrasekaran_submitted/profiles/2020_11_04_CPJUMP1/BR00116992/BR00116992_normalized_feature_select_negcon_batch.csv.gz...
INFO [2022-12-19 19:14:26] Loading /Users/shsingh/work/projects/2019_07_11_JUMP-CP/workspace/software/2021_Chandrasekaran_submitted/profiles/2020_11_04_CPJUMP1/BR00116993/BR00116993_normalized_feature_select_negcon_batch.csv.gz ...
INFO [2022-12-19 19:14:28] Adding a column Metadata_Plate = BR00116993 to /Users/shsingh/work/projects/2019_07_11_JUMP-CP/workspace/software/2021_Chandrasekaran_submitted/profiles/2020_11_04_CPJUMP1/BR00116993/BR00116993_normalized_feature_select_negcon_batch.csv.gz...
INFO [2022-12-19 19:14:28] Loading /Users/shsingh/work/projects/2019_07_11_JUMP-CP/workspace/software/2021_Chandrasekaran_submitted/profiles/2020_11_04_CPJUMP1/BR00116994/BR00116994_normalized_feature_select_negcon_batch.csv.gz ...
INFO [2022-12-19 19:14:29] Adding a column Metadata_Plate = BR00116994 to /Users/shsingh/work/projects/2019_07_11_JUMP-CP/workspace/software/2021_Chandrasekaran_submitted/profiles/2020_11_04_CPJUMP1/BR00116994/BR00116994_normalized_feature_select_negcon_batch.csv.gz...
INFO [2022-12-19 19:14:30] Number of rows in external_metadata = 307
INFO [2022-12-19 19:14:30] Number of rows in profiles_experiment before joining external metadata = 1535
INFO [2022-12-19 19:14:30] Number of rows in profiles_experiment after joining external metadata = 1535
INFO [2022-12-19 19:14:30] Writing results/90ef1d9e/profiles.parquet ...
INFO [2022-12-19 19:14:32] Calculating index ...
INFO [2022-12-19 19:14:32] Reducing similarity calculations because `any_different_cols_non_rep` is NULL ...
DEBUG [2022-12-19 19:14:33] Number of columns before NA filtering = 919
DEBUG [2022-12-19 19:14:33] Number of columns after NA filtering = 919
INFO [2022-12-19 19:14:35] Writing results/90ef1d9e/index.parquet ...
INFO [2022-12-19 19:14:35] Writing results/90ef1d9e/index.parquet ...
INFO [2022-12-19 19:14:35] Collate and annotate index ...
DEBUG [2022-12-19 19:14:35] sim_filter_all_same: annotating rows
DEBUG [2022-12-19 19:14:35] sim_filter_all_same: annotating rows
INFO [2022-12-19 19:14:35] Writing results/90ef1d9e/collatedindex.parquet ...
INFO [2022-12-19 19:14:39] Loading index file ...
INFO [2022-12-19 19:14:39] Populating index with similarities ...
DEBUG [2022-12-19 19:14:40] Number of columns before NA filtering = 919
DEBUG [2022-12-19 19:14:40] Number of columns after NA filtering = 919
TRACE [2022-12-19 19:14:40] Using purrr for sequential processing
INFO [2022-12-19 19:14:44] Writing results/90ef1d9e/collatedsim.parquet ...
INFO [2022-12-19 19:14:44] Computing metrics ...
INFO [2022-12-19 19:14:44] Calculating metrics using sim_type_background = 'ref' ...
TRACE [2022-12-19 19:14:44] Compute metrics for signal=rep background=ref
TRACE [2022-12-19 19:14:44] Using furrr for parallel processing
TRACE [2022-12-19 19:14:44] function (..., workers = 8, envir = parent.frame()) 
strategy(..., workers = workers, envir = envir)
TRACE [2022-12-19 19:14:44]   Number of rows = 1279
TRACE [2022-12-19 19:14:44]   Computing `sim_scaled` ...
TRACE [2022-12-19 19:14:47]   Computing `sim_ranked_relrank` ...
TRACE [2022-12-19 19:14:53]   Computing summaries ...
TRACE [2022-12-19 19:14:54]   Setting up retrieval ...
TRACE [2022-12-19 19:14:57]   Computing average precision ...
TRACE [2022-12-19 19:14:59]   Computing R-precision ...
TRACE [2022-12-19 19:15:02]   Wrapping up metrics ...
TRACE [2022-12-19 19:15:02] Completed metrics for signal=rep background=ref
INFO [2022-12-19 19:15:02] Writing results/90ef1d9e/metrics_level_1_0_ref.parquet...
INFO [2022-12-19 19:15:02] Writing results/90ef1d9e/metrics_level_1_ref.parquet...
INFO [2022-12-19 19:15:02] Writing indicator file results/90ef1d9e/metrics.done ...
INFO [2022-12-19 19:15:07] Reading results/90ef1d9e/metrics_level_1_0_ref.parquet ...
INFO [2022-12-19 19:15:07] Reading results/90ef1d9e/metrics_level_1_ref.parquet ...
INFO [2022-12-19 19:15:29] Writing results/90ef1d9e/metrics_level_1_0_ref_null_adjusted.parquet ...
INFO [2022-12-19 19:15:29] Writing results/90ef1d9e/metrics_level_1_ref_null_adjusted.parquet ...
INFO [2022-12-19 19:15:31] Reading results/90ef1d9e/metrics_level_1_0_ref_null_adjusted.parquet ...
INFO [2022-12-19 19:15:31] Reading results/90ef1d9e/metrics_level_1_ref_null_adjusted.parquet ...
