INFO [2021-10-05 16:56:36] Logging to results/915ea671/run.log...
INFO [2021-10-05 16:56:36] Loading ~/Downloads//luad_dp.parquet ...
INFO [2021-10-05 16:56:39] Writing results/915ea671/profiles.parquet ...
INFO [2021-10-05 16:56:48] Calculating index ...
INFO [2021-10-05 16:56:55] Writing results/915ea671/index.parquet ...
INFO [2021-10-05 16:56:55] Writing results/915ea671/index.parquet ...
INFO [2021-10-05 16:56:55] Collate and annotate index ...
INFO [2021-10-05 16:56:57] Writing results/915ea671/collatedindex.parquet ...
INFO [2021-10-05 16:57:08] Loading index file ...
INFO [2021-10-05 16:57:08] Populating index with similarities ...
DEBUG [2021-10-05 16:57:14] Number of columns before NA filtering = 6409
DEBUG [2021-10-05 16:57:14] Number of columns after NA filtering = 6409
TRACE [2021-10-05 16:57:20] Using purrr for sequential processing
INFO [2021-10-05 16:57:50] Writing results/915ea671/collatedsim.parquet ...
INFO [2021-10-05 16:57:52] Computing metrics ...
TRACE [2021-10-05 16:57:52] Compute metrics for signal=rep background=ref
TRACE [2021-10-05 16:57:52] Using furrr for parallel processing
TRACE [2021-10-05 16:57:52] function (..., envir = parent.frame(), workers = 8) 
strategy(..., envir = envir, workers = workers)
TRACE [2021-10-05 16:57:53]   Number of rows = 5312
TRACE [2021-10-05 16:57:53]   Computing `sim_scaled` ...
TRACE [2021-10-05 16:57:59]   Computing `sim_ranked_relrank` ...
TRACE [2021-10-05 16:58:19]   Computing summaries ...
TRACE [2021-10-05 16:58:20]   Setting up retrieval ...
TRACE [2021-10-05 16:58:36]   Computing average precision ...
TRACE [2021-10-05 16:58:44]   Computing R-precision ...
TRACE [2021-10-05 16:58:49]   Wrapping up metrics ...
TRACE [2021-10-05 16:58:49] Completed metrics for signal=rep background=ref
INFO [2021-10-05 16:58:50] Writing results/915ea671/metrics_level_1_0.parquet...
INFO [2021-10-05 16:58:50] Writing results/915ea671/metrics_level_1.parquet...
INFO [2021-10-05 16:58:50] Writing indicator file results/915ea671/metrics.done ...
INFO [2021-10-05 16:58:50] Reading results/915ea671/metrics_level_1.parquet ...
