INFO [2022-12-13 16:40:18] Logging to results/eb80d5fb/run.log...
INFO [2022-12-13 16:40:18] Loading /Users/shsingh/work/projects/2019_07_11_JUMP-CP/workspace/software/2021_Chandrasekaran_submitted/profiles/2020_11_04_CPJUMP1/BR00116991/BR00116991_normalized_feature_select_negcon_batch.csv.gz ...
INFO [2022-12-13 16:40:19] Adding a column Metadata_Plate = BR00116991 to /Users/shsingh/work/projects/2019_07_11_JUMP-CP/workspace/software/2021_Chandrasekaran_submitted/profiles/2020_11_04_CPJUMP1/BR00116991/BR00116991_normalized_feature_select_negcon_batch.csv.gz...
INFO [2022-12-13 16:40:19] Loading /Users/shsingh/work/projects/2019_07_11_JUMP-CP/workspace/software/2021_Chandrasekaran_submitted/profiles/2020_11_04_CPJUMP1/BR00116992/BR00116992_normalized_feature_select_negcon_batch.csv.gz ...
INFO [2022-12-13 16:40:20] Adding a column Metadata_Plate = BR00116992 to /Users/shsingh/work/projects/2019_07_11_JUMP-CP/workspace/software/2021_Chandrasekaran_submitted/profiles/2020_11_04_CPJUMP1/BR00116992/BR00116992_normalized_feature_select_negcon_batch.csv.gz...
INFO [2022-12-13 16:40:20] Loading /Users/shsingh/work/projects/2019_07_11_JUMP-CP/workspace/software/2021_Chandrasekaran_submitted/profiles/2020_11_04_CPJUMP1/BR00116993/BR00116993_normalized_feature_select_negcon_batch.csv.gz ...
INFO [2022-12-13 16:40:21] Adding a column Metadata_Plate = BR00116993 to /Users/shsingh/work/projects/2019_07_11_JUMP-CP/workspace/software/2021_Chandrasekaran_submitted/profiles/2020_11_04_CPJUMP1/BR00116993/BR00116993_normalized_feature_select_negcon_batch.csv.gz...
INFO [2022-12-13 16:40:22] Loading /Users/shsingh/work/projects/2019_07_11_JUMP-CP/workspace/software/2021_Chandrasekaran_submitted/profiles/2020_11_04_CPJUMP1/BR00116994/BR00116994_normalized_feature_select_negcon_batch.csv.gz ...
INFO [2022-12-13 16:40:23] Adding a column Metadata_Plate = BR00116994 to /Users/shsingh/work/projects/2019_07_11_JUMP-CP/workspace/software/2021_Chandrasekaran_submitted/profiles/2020_11_04_CPJUMP1/BR00116994/BR00116994_normalized_feature_select_negcon_batch.csv.gz...
INFO [2022-12-13 16:40:27] Reading results/1f5aa646/metrics_level_1_ref_null_adjusted.parquet ...
INFO [2022-12-13 16:40:27] Selecting the following column from metrics: Metadata_broad_sample
INFO [2022-12-13 16:40:27] Selecting the following column from metrics: Metadata_control_type
INFO [2022-12-13 16:40:27] Selecting the following column from metrics: Metadata_reference_or_other
INFO [2022-12-13 16:40:27] Number of rows in metrics = 306
INFO [2022-12-13 16:40:27] Number of rows in profiles_experiment_other = 320
INFO [2022-12-13 16:40:27] Number of rows in profiles_experiment_other_filtered = 288
INFO [2022-12-13 16:40:27] Number of rows in profiles_experiment = 384
INFO [2022-12-13 16:40:27] Number of rows in profiles_experiment_filtered = 352
INFO [2022-12-13 16:40:27] Number of rows in external_metadata = 307
INFO [2022-12-13 16:40:27] Number of rows in profiles_experiment before joining external metadata = 352
INFO [2022-12-13 16:40:28] Number of rows in profiles_experiment after joining external metadata = 352
INFO [2022-12-13 16:40:28] Adding dummy metadata column `Metadata_dummy` with value 0 throughout for all rows
INFO [2022-12-13 16:40:28] Splitting rows on Metadata_target_list
INFO [2022-12-13 16:40:28] Writing results/eb80d5fb/profiles.parquet ...
INFO [2022-12-13 16:40:30] Calculating index ...
INFO [2022-12-13 16:40:30] Performing all similarity calculations because `any_different_cols_non_rep` is not NULL ...
DEBUG [2022-12-13 16:40:31] Number of columns before NA filtering = 910
DEBUG [2022-12-13 16:40:31] Number of columns after NA filtering = 910
INFO [2022-12-13 16:40:31] Writing results/eb80d5fb/index.parquet ...
INFO [2022-12-13 16:40:31] Writing results/eb80d5fb/index.parquet ...
INFO [2022-12-13 16:40:31] Collate and annotate index ...
DEBUG [2022-12-13 16:40:31] sim_filter_all_same: inner joining rows
INFO [2022-12-13 16:40:32] Writing results/eb80d5fb/collatedindex.parquet ...
INFO [2022-12-13 16:40:35] Loading index file ...
INFO [2022-12-13 16:40:35] Populating index with similarities ...
DEBUG [2022-12-13 16:40:36] Number of columns before NA filtering = 910
DEBUG [2022-12-13 16:40:36] Number of columns after NA filtering = 910
TRACE [2022-12-13 16:40:36] Using purrr for sequential processing
INFO [2022-12-13 16:40:36] Writing results/eb80d5fb/collatedsim.parquet ...
INFO [2022-12-13 16:40:36] Computing metrics ...
INFO [2022-12-13 16:40:36] Calculating metrics using sim_type_background = 'ref' ...
TRACE [2022-12-13 16:40:36] Compute metrics for signal=rep background=ref
TRACE [2022-12-13 16:40:36] Using furrr for parallel processing
TRACE [2022-12-13 16:40:36] function (..., envir = parent.frame(), workers = 8) 
strategy(..., envir = envir, workers = workers)
TRACE [2022-12-13 16:40:37]   Number of rows = 96
TRACE [2022-12-13 16:40:37]   Computing `sim_scaled` ...
TRACE [2022-12-13 16:40:37]   Computing `sim_ranked_relrank` ...
TRACE [2022-12-13 16:40:37]   Computing summaries ...
TRACE [2022-12-13 16:40:38]   Setting up retrieval ...
TRACE [2022-12-13 16:40:38]   Computing average precision ...
TRACE [2022-12-13 16:40:38]   Computing R-precision ...
TRACE [2022-12-13 16:40:38]   Wrapping up metrics ...
TRACE [2022-12-13 16:40:39] Completed metrics for signal=rep background=ref
INFO [2022-12-13 16:40:39] Calculating metrics using sim_type_background = 'non_rep' because `any_different_cols_non_rep` is not NULL ...
TRACE [2022-12-13 16:40:39] Compute metrics for signal=rep background=non_rep
TRACE [2022-12-13 16:40:39] Using furrr for parallel processing
TRACE [2022-12-13 16:40:39] function (..., envir = parent.frame(), workers = 8) 
strategy(..., envir = envir, workers = workers)
TRACE [2022-12-13 16:40:39]   Number of rows = 96
TRACE [2022-12-13 16:40:39]   Computing `sim_scaled` ...
TRACE [2022-12-13 16:40:40]   Computing `sim_ranked_relrank` ...
TRACE [2022-12-13 16:40:45]   Computing summaries ...
TRACE [2022-12-13 16:40:46]   Setting up retrieval ...
TRACE [2022-12-13 16:40:47]   Computing average precision ...
TRACE [2022-12-13 16:40:48]   Computing R-precision ...
TRACE [2022-12-13 16:40:48]   Wrapping up metrics ...
TRACE [2022-12-13 16:40:48] Completed metrics for signal=rep background=non_rep
INFO [2022-12-13 16:40:48] Writing results/eb80d5fb/metrics_level_1_0_ref.parquet...
INFO [2022-12-13 16:40:48] Writing results/eb80d5fb/metrics_level_1_ref.parquet...
INFO [2022-12-13 16:40:48] Writing results/eb80d5fb/metrics_level_1_0_non_rep.parquet...
INFO [2022-12-13 16:40:48] Writing results/eb80d5fb/metrics_level_1_non_rep.parquet...
INFO [2022-12-13 16:40:48] Writing indicator file results/eb80d5fb/metrics.done ...
INFO [2022-12-13 16:40:50] Reading results/eb80d5fb/metrics_level_1_0_non_rep.parquet ...
INFO [2022-12-13 16:40:50] Reading results/eb80d5fb/metrics_level_1_non_rep.parquet ...
INFO [2022-12-13 16:40:50] Compute retrieval random baseline for m = 1, n = 287
INFO [2022-12-13 16:41:04] Compute retrieval random baseline for m = 1, n = 286
INFO [2022-12-13 16:41:16] Writing results/eb80d5fb/metrics_level_1_non_rep_null_adjusted.parquet ...
